2025-08-30 16:56:07 +07:00: [2m2025-08-30T09:56:07.559408Z[0m [32m INFO[0m [2morder_service[0m[2m:[0m Starting Order Service...
2025-08-30 16:56:07 +07:00: [2m2025-08-30T09:56:07.559719Z[0m [32m INFO[0m [2morder_service[0m[2m:[0m Configuration loaded
2025-08-30 16:56:07 +07:00: [2m2025-08-30T09:56:07.571152Z[0m [32m INFO[0m [2morder_service[0m[2m:[0m Connected to MongoDB and Redis
2025-08-30 16:56:07 +07:00: [2m2025-08-30T09:56:07.571157Z[0m [32m INFO[0m [2morder_service[0m[2m:[0m Order service initialized
2025-08-30 16:56:07 +07:00: [2m2025-08-30T09:56:07.571163Z[0m [32m INFO[0m [2mrabbitmesh::service[0m[2m:[0m 🚀 Creating microservice: order-service
2025-08-30 16:56:07 +07:00: [2m2025-08-30T09:56:07.571166Z[0m [32m INFO[0m [2morder_service[0m[2m:[0m Starting microservice on RabbitMQ: amqp://guest:guest@localhost:5672/%2f
2025-08-30 16:56:07 +07:00: [2m2025-08-30T09:56:07.571167Z[0m [32m INFO[0m [2mrabbitmesh::service[0m[2m:[0m 🏁 Starting microservice: order-service
2025-08-30 16:56:07 +07:00: [2m2025-08-30T09:56:07.585416Z[0m [32m INFO[0m [2mrabbitmesh::connection[0m[2m:[0m Successfully connected to RabbitMQ at amqp://guest:guest@localhost:5672/%2f
2025-08-30 16:56:07 +07:00: [2m2025-08-30T09:56:07.585432Z[0m [32m INFO[0m [2mrabbitmesh::service[0m[2m:[0m ✅ Connected to RabbitMQ
2025-08-30 16:56:07 +07:00: [2m2025-08-30T09:56:07.594729Z[0m [32m INFO[0m [2mrabbitmesh::service[0m[2m:[0m ✅ Declared queues: rabbitmesh.order-service, rabbitmesh.order-service.responses
2025-08-30 16:56:07 +07:00: [2m2025-08-30T09:56:07.595474Z[0m [32m INFO[0m [2mrabbitmesh::service[0m[2m:[0m ✅ Request processor spawned for queue: rabbitmesh.order-service
2025-08-30 16:56:07 +07:00: [2m2025-08-30T09:56:07.595492Z[0m [32m INFO[0m [2mrabbitmesh::service[0m[2m:[0m 📥 Request processor started for order-service
2025-08-30 16:56:07 +07:00: [2m2025-08-30T09:56:07.606919Z[0m [32m INFO[0m [2mrabbitmesh::service[0m[2m:[0m ✅ Response processor spawned for queue: rabbitmesh.order-service.responses
2025-08-30 16:56:07 +07:00: [2m2025-08-30T09:56:07.606931Z[0m [32m INFO[0m [2mrabbitmesh::service[0m[2m:[0m 🎯 Microservice order-service is running and ready to process messages
2025-08-30 16:56:07 +07:00: [2m2025-08-30T09:56:07.606934Z[0m [32m INFO[0m [2mrabbitmesh::service[0m[2m:[0m 📊 Max concurrent messages: 100
2025-08-30 16:56:07 +07:00: [2m2025-08-30T09:56:07.606952Z[0m [32m INFO[0m [2mrabbitmesh::service[0m[2m:[0m 📤 Response processor started for order-service
2025-08-30 16:56:07 +07:00: [2m2025-08-30T09:56:07.606975Z[0m [32m INFO[0m [2mrabbitmesh::service[0m[2m:[0m 💓 Health check task started for order-service
2025-08-30 16:56:07 +07:00: [2m2025-08-30T09:56:07.606976Z[0m [32m INFO[0m [2mrabbitmesh::service[0m[2m:[0m 🧹 Cleanup task started for order-service
2025-08-30 16:59:50 +07:00: [2m2025-08-30T09:59:50.043631Z[0m [32m INFO[0m [2morder_service[0m[2m:[0m Starting Order Service...
2025-08-30 16:59:50 +07:00: [2m2025-08-30T09:59:50.043987Z[0m [32m INFO[0m [2morder_service[0m[2m:[0m Configuration loaded
2025-08-30 16:59:50 +07:00: [2m2025-08-30T09:59:50.052919Z[0m [32m INFO[0m [2morder_service[0m[2m:[0m Connected to MongoDB and Redis
2025-08-30 16:59:50 +07:00: [2m2025-08-30T09:59:50.052928Z[0m [32m INFO[0m [2morder_service[0m[2m:[0m Order service initialized
2025-08-30 16:59:50 +07:00: [2m2025-08-30T09:59:50.052952Z[0m [32m INFO[0m [2mrabbitmesh::service[0m[2m:[0m 🚀 Creating microservice: order-service
2025-08-30 16:59:50 +07:00: [2m2025-08-30T09:59:50.052955Z[0m [32m INFO[0m [2morder_service[0m[2m:[0m Starting microservice on RabbitMQ: amqp://guest:guest@localhost:5672/%2f
2025-08-30 16:59:50 +07:00: [2m2025-08-30T09:59:50.052956Z[0m [32m INFO[0m [2mrabbitmesh::service[0m[2m:[0m 🏁 Starting microservice: order-service
2025-08-30 16:59:50 +07:00: [2m2025-08-30T09:59:50.063182Z[0m [32m INFO[0m [2mrabbitmesh::connection[0m[2m:[0m Successfully connected to RabbitMQ at amqp://guest:guest@localhost:5672/%2f
2025-08-30 16:59:50 +07:00: [2m2025-08-30T09:59:50.063205Z[0m [32m INFO[0m [2mrabbitmesh::service[0m[2m:[0m ✅ Connected to RabbitMQ
2025-08-30 16:59:50 +07:00: [2m2025-08-30T09:59:50.066084Z[0m [32m INFO[0m [2mrabbitmesh::service[0m[2m:[0m ✅ Declared queues: rabbitmesh.order-service, rabbitmesh.order-service.responses
2025-08-30 16:59:50 +07:00: [2m2025-08-30T09:59:50.066625Z[0m [32m INFO[0m [2mrabbitmesh::service[0m[2m:[0m ✅ Request processor spawned for queue: rabbitmesh.order-service
2025-08-30 16:59:50 +07:00: [2m2025-08-30T09:59:50.066641Z[0m [32m INFO[0m [2mrabbitmesh::service[0m[2m:[0m 📥 Request processor started for order-service
2025-08-30 16:59:50 +07:00: [2m2025-08-30T09:59:50.068751Z[0m [32m INFO[0m [2mrabbitmesh::service[0m[2m:[0m ✅ Response processor spawned for queue: rabbitmesh.order-service.responses
2025-08-30 16:59:50 +07:00: [2m2025-08-30T09:59:50.068756Z[0m [32m INFO[0m [2mrabbitmesh::service[0m[2m:[0m 🎯 Microservice order-service is running and ready to process messages
2025-08-30 16:59:50 +07:00: [2m2025-08-30T09:59:50.068758Z[0m [32m INFO[0m [2mrabbitmesh::service[0m[2m:[0m 📊 Max concurrent messages: 100
2025-08-30 16:59:50 +07:00: [2m2025-08-30T09:59:50.068867Z[0m [32m INFO[0m [2mrabbitmesh::service[0m[2m:[0m 📤 Response processor started for order-service
2025-08-30 16:59:50 +07:00: [2m2025-08-30T09:59:50.068873Z[0m [32m INFO[0m [2mrabbitmesh::service[0m[2m:[0m 🧹 Cleanup task started for order-service
2025-08-30 16:59:50 +07:00: [2m2025-08-30T09:59:50.068875Z[0m [32m INFO[0m [2mrabbitmesh::service[0m[2m:[0m 💓 Health check task started for order-service
2025-08-30 17:00:49 +07:00: [2m2025-08-30T10:00:49.074013Z[0m [32m INFO[0m [2morder_service[0m[2m:[0m Starting Order Service...
2025-08-30 17:00:49 +07:00: [2m2025-08-30T10:00:49.074316Z[0m [32m INFO[0m [2morder_service[0m[2m:[0m Configuration loaded
2025-08-30 17:00:49 +07:00: [2m2025-08-30T10:00:49.079940Z[0m [32m INFO[0m [2morder_service[0m[2m:[0m Connected to MongoDB and Redis
2025-08-30 17:00:49 +07:00: [2m2025-08-30T10:00:49.079953Z[0m [32m INFO[0m [2morder_service[0m[2m:[0m Order service initialized
2025-08-30 17:00:49 +07:00: [2m2025-08-30T10:00:49.079977Z[0m [32m INFO[0m [2mrabbitmesh::service[0m[2m:[0m 🚀 Creating microservice: order-service
2025-08-30 17:00:49 +07:00: [2m2025-08-30T10:00:49.079986Z[0m [32m INFO[0m [2morder_service[0m[2m:[0m Starting microservice on RabbitMQ: amqp://guest:guest@localhost:5672/%2f
2025-08-30 17:00:49 +07:00: [2m2025-08-30T10:00:49.079990Z[0m [32m INFO[0m [2mrabbitmesh::service[0m[2m:[0m 🏁 Starting microservice: order-service
2025-08-30 17:00:49 +07:00: [2m2025-08-30T10:00:49.088060Z[0m [32m INFO[0m [2mrabbitmesh::connection[0m[2m:[0m Successfully connected to RabbitMQ at amqp://guest:guest@localhost:5672/%2f
2025-08-30 17:00:49 +07:00: [2m2025-08-30T10:00:49.088068Z[0m [32m INFO[0m [2mrabbitmesh::service[0m[2m:[0m ✅ Connected to RabbitMQ
2025-08-30 17:00:49 +07:00: [2m2025-08-30T10:00:49.091737Z[0m [32m INFO[0m [2mrabbitmesh::service[0m[2m:[0m ✅ Declared queues: rabbitmesh.order-service, rabbitmesh.order-service.responses
2025-08-30 17:00:49 +07:00: [2m2025-08-30T10:00:49.092563Z[0m [32m INFO[0m [2mrabbitmesh::service[0m[2m:[0m ✅ Request processor spawned for queue: rabbitmesh.order-service
2025-08-30 17:00:49 +07:00: [2m2025-08-30T10:00:49.092585Z[0m [32m INFO[0m [2mrabbitmesh::service[0m[2m:[0m 📥 Request processor started for order-service
2025-08-30 17:00:49 +07:00: [2m2025-08-30T10:00:49.094710Z[0m [32m INFO[0m [2mrabbitmesh::service[0m[2m:[0m ✅ Response processor spawned for queue: rabbitmesh.order-service.responses
2025-08-30 17:00:49 +07:00: [2m2025-08-30T10:00:49.094714Z[0m [32m INFO[0m [2mrabbitmesh::service[0m[2m:[0m 🎯 Microservice order-service is running and ready to process messages
2025-08-30 17:00:49 +07:00: [2m2025-08-30T10:00:49.094716Z[0m [32m INFO[0m [2mrabbitmesh::service[0m[2m:[0m 📊 Max concurrent messages: 100
2025-08-30 17:00:49 +07:00: [2m2025-08-30T10:00:49.094738Z[0m [32m INFO[0m [2mrabbitmesh::service[0m[2m:[0m 📤 Response processor started for order-service
2025-08-30 17:00:49 +07:00: [2m2025-08-30T10:00:49.094748Z[0m [32m INFO[0m [2mrabbitmesh::service[0m[2m:[0m 💓 Health check task started for order-service
2025-08-30 17:00:49 +07:00: [2m2025-08-30T10:00:49.094755Z[0m [32m INFO[0m [2mrabbitmesh::service[0m[2m:[0m 🧹 Cleanup task started for order-service
2025-08-30 17:01:12 +07:00: [2m2025-08-30T10:01:12.773024Z[0m [32m INFO[0m [2morder_service[0m[2m:[0m Starting Order Service...
2025-08-30 17:01:12 +07:00: [2m2025-08-30T10:01:12.780567Z[0m [32m INFO[0m [2morder_service[0m[2m:[0m Configuration loaded
2025-08-30 17:01:12 +07:00: [2m2025-08-30T10:01:12.806097Z[0m [32m INFO[0m [2morder_service[0m[2m:[0m Connected to MongoDB and Redis
2025-08-30 17:01:12 +07:00: [2m2025-08-30T10:01:12.806105Z[0m [32m INFO[0m [2morder_service[0m[2m:[0m Order service initialized
2025-08-30 17:01:12 +07:00: [2m2025-08-30T10:01:12.806111Z[0m [32m INFO[0m [2mrabbitmesh::service[0m[2m:[0m 🚀 Creating microservice: order-service
2025-08-30 17:01:12 +07:00: [2m2025-08-30T10:01:12.806114Z[0m [32m INFO[0m [2morder_service[0m[2m:[0m Starting microservice on RabbitMQ: amqp://guest:guest@localhost:5672/%2f
2025-08-30 17:01:12 +07:00: [2m2025-08-30T10:01:12.806116Z[0m [32m INFO[0m [2mrabbitmesh::service[0m[2m:[0m 🏁 Starting microservice: order-service
2025-08-30 17:01:12 +07:00: [2m2025-08-30T10:01:12.827319Z[0m [32m INFO[0m [2mrabbitmesh::connection[0m[2m:[0m Successfully connected to RabbitMQ at amqp://guest:guest@localhost:5672/%2f
2025-08-30 17:01:12 +07:00: [2m2025-08-30T10:01:12.827331Z[0m [32m INFO[0m [2mrabbitmesh::service[0m[2m:[0m ✅ Connected to RabbitMQ
2025-08-30 17:01:12 +07:00: [2m2025-08-30T10:01:12.830863Z[0m [32m INFO[0m [2mrabbitmesh::service[0m[2m:[0m ✅ Declared queues: rabbitmesh.order-service, rabbitmesh.order-service.responses
2025-08-30 17:01:12 +07:00: [2m2025-08-30T10:01:12.832821Z[0m [32m INFO[0m [2mrabbitmesh::service[0m[2m:[0m ✅ Request processor spawned for queue: rabbitmesh.order-service
2025-08-30 17:01:12 +07:00: [2m2025-08-30T10:01:12.834057Z[0m [32m INFO[0m [2mrabbitmesh::service[0m[2m:[0m 📥 Request processor started for order-service
2025-08-30 17:01:12 +07:00: [2m2025-08-30T10:01:12.836185Z[0m [32m INFO[0m [2mrabbitmesh::service[0m[2m:[0m ✅ Response processor spawned for queue: rabbitmesh.order-service.responses
2025-08-30 17:01:12 +07:00: [2m2025-08-30T10:01:12.836196Z[0m [32m INFO[0m [2mrabbitmesh::service[0m[2m:[0m 🎯 Microservice order-service is running and ready to process messages
2025-08-30 17:01:12 +07:00: [2m2025-08-30T10:01:12.836198Z[0m [32m INFO[0m [2mrabbitmesh::service[0m[2m:[0m 📊 Max concurrent messages: 100
2025-08-30 17:01:12 +07:00: [2m2025-08-30T10:01:12.836219Z[0m [32m INFO[0m [2mrabbitmesh::service[0m[2m:[0m 📤 Response processor started for order-service
2025-08-30 17:01:12 +07:00: [2m2025-08-30T10:01:12.836253Z[0m [32m INFO[0m [2mrabbitmesh::service[0m[2m:[0m 🧹 Cleanup task started for order-service
2025-08-30 17:01:12 +07:00: [2m2025-08-30T10:01:12.836258Z[0m [32m INFO[0m [2mrabbitmesh::service[0m[2m:[0m 💓 Health check task started for order-service
2025-08-30 17:02:16 +07:00: [2m2025-08-30T10:02:16.620673Z[0m [32m INFO[0m [2morder_service[0m[2m:[0m Starting Order Service...
2025-08-30 17:02:16 +07:00: [2m2025-08-30T10:02:16.621011Z[0m [32m INFO[0m [2morder_service[0m[2m:[0m Configuration loaded
2025-08-30 17:02:16 +07:00: [2m2025-08-30T10:02:16.626733Z[0m [32m INFO[0m [2morder_service[0m[2m:[0m Connected to MongoDB and Redis
2025-08-30 17:02:16 +07:00: [2m2025-08-30T10:02:16.626742Z[0m [32m INFO[0m [2morder_service[0m[2m:[0m Order service initialized
2025-08-30 17:02:16 +07:00: [2m2025-08-30T10:02:16.626889Z[0m [32m INFO[0m [2mrabbitmesh::service[0m[2m:[0m 🚀 Creating microservice: order-service
2025-08-30 17:02:16 +07:00: [2m2025-08-30T10:02:16.626893Z[0m [32m INFO[0m [2morder_service[0m[2m:[0m Starting microservice on RabbitMQ: amqp://guest:guest@localhost:5672/%2f
2025-08-30 17:02:16 +07:00: [2m2025-08-30T10:02:16.626895Z[0m [32m INFO[0m [2mrabbitmesh::service[0m[2m:[0m 🏁 Starting microservice: order-service
2025-08-30 17:02:16 +07:00: [2m2025-08-30T10:02:16.634049Z[0m [32m INFO[0m [2mrabbitmesh::connection[0m[2m:[0m Successfully connected to RabbitMQ at amqp://guest:guest@localhost:5672/%2f
2025-08-30 17:02:16 +07:00: [2m2025-08-30T10:02:16.634060Z[0m [32m INFO[0m [2mrabbitmesh::service[0m[2m:[0m ✅ Connected to RabbitMQ
2025-08-30 17:02:16 +07:00: [2m2025-08-30T10:02:16.638658Z[0m [32m INFO[0m [2mrabbitmesh::service[0m[2m:[0m ✅ Declared queues: rabbitmesh.order-service, rabbitmesh.order-service.responses
2025-08-30 17:02:16 +07:00: [2m2025-08-30T10:02:16.639558Z[0m [32m INFO[0m [2mrabbitmesh::service[0m[2m:[0m ✅ Request processor spawned for queue: rabbitmesh.order-service
2025-08-30 17:02:16 +07:00: [2m2025-08-30T10:02:16.639580Z[0m [32m INFO[0m [2mrabbitmesh::service[0m[2m:[0m 📥 Request processor started for order-service
2025-08-30 17:02:16 +07:00: [2m2025-08-30T10:02:16.641674Z[0m [32m INFO[0m [2mrabbitmesh::service[0m[2m:[0m ✅ Response processor spawned for queue: rabbitmesh.order-service.responses
2025-08-30 17:02:16 +07:00: [2m2025-08-30T10:02:16.641679Z[0m [32m INFO[0m [2mrabbitmesh::service[0m[2m:[0m 🎯 Microservice order-service is running and ready to process messages
2025-08-30 17:02:16 +07:00: [2m2025-08-30T10:02:16.641681Z[0m [32m INFO[0m [2mrabbitmesh::service[0m[2m:[0m 📊 Max concurrent messages: 100
2025-08-30 17:02:16 +07:00: [2m2025-08-30T10:02:16.641725Z[0m [32m INFO[0m [2mrabbitmesh::service[0m[2m:[0m 📤 Response processor started for order-service
2025-08-30 17:02:16 +07:00: [2m2025-08-30T10:02:16.641731Z[0m [32m INFO[0m [2mrabbitmesh::service[0m[2m:[0m 🧹 Cleanup task started for order-service
2025-08-30 17:02:16 +07:00: [2m2025-08-30T10:02:16.641733Z[0m [32m INFO[0m [2mrabbitmesh::service[0m[2m:[0m 💓 Health check task started for order-service
2025-08-30 17:32:43 +07:00: [2m2025-08-30T10:32:43.853764Z[0m [32m INFO[0m [2morder_service[0m[2m:[0m Starting Order Service...
2025-08-30 17:32:43 +07:00: [2m2025-08-30T10:32:43.854114Z[0m [32m INFO[0m [2morder_service[0m[2m:[0m Configuration loaded
2025-08-30 17:32:43 +07:00: [2m2025-08-30T10:32:43.863253Z[0m [32m INFO[0m [2morder_service[0m[2m:[0m Connected to MongoDB and Redis
2025-08-30 17:32:43 +07:00: [2m2025-08-30T10:32:43.863262Z[0m [32m INFO[0m [2morder_service[0m[2m:[0m Order service initialized
2025-08-30 17:32:43 +07:00: [2m2025-08-30T10:32:43.863287Z[0m [32m INFO[0m [2mrabbitmesh::service[0m[2m:[0m 🚀 Creating microservice: order-service
2025-08-30 17:32:43 +07:00: [2m2025-08-30T10:32:43.863289Z[0m [32m INFO[0m [2morder_service[0m[2m:[0m Starting microservice on RabbitMQ: amqp://guest:guest@localhost:5672/%2f
2025-08-30 17:32:43 +07:00: [2m2025-08-30T10:32:43.863290Z[0m [32m INFO[0m [2mrabbitmesh::service[0m[2m:[0m 🏁 Starting microservice: order-service
2025-08-30 17:32:43 +07:00: [2m2025-08-30T10:32:43.878694Z[0m [32m INFO[0m [2mrabbitmesh::connection[0m[2m:[0m Successfully connected to RabbitMQ at amqp://guest:guest@localhost:5672/%2f
2025-08-30 17:32:43 +07:00: [2m2025-08-30T10:32:43.878705Z[0m [32m INFO[0m [2mrabbitmesh::service[0m[2m:[0m ✅ Connected to RabbitMQ
2025-08-30 17:32:43 +07:00: [2m2025-08-30T10:32:43.886193Z[0m [32m INFO[0m [2mrabbitmesh::service[0m[2m:[0m ✅ Declared queues: rabbitmesh.order-service, rabbitmesh.order-service.responses
2025-08-30 17:32:43 +07:00: [2m2025-08-30T10:32:43.887164Z[0m [32m INFO[0m [2mrabbitmesh::service[0m[2m:[0m ✅ Request processor spawned for queue: rabbitmesh.order-service
2025-08-30 17:32:43 +07:00: [2m2025-08-30T10:32:43.887348Z[0m [32m INFO[0m [2mrabbitmesh::service[0m[2m:[0m 📥 Request processor started for order-service
2025-08-30 17:32:43 +07:00: [2m2025-08-30T10:32:43.891539Z[0m [32m INFO[0m [2mrabbitmesh::service[0m[2m:[0m ✅ Response processor spawned for queue: rabbitmesh.order-service.responses
2025-08-30 17:32:43 +07:00: [2m2025-08-30T10:32:43.891549Z[0m [32m INFO[0m [2mrabbitmesh::service[0m[2m:[0m 🎯 Microservice order-service is running and ready to process messages
2025-08-30 17:32:43 +07:00: [2m2025-08-30T10:32:43.891547Z[0m [32m INFO[0m [2mrabbitmesh::service[0m[2m:[0m 📤 Response processor started for order-service
2025-08-30 17:32:43 +07:00: [2m2025-08-30T10:32:43.891552Z[0m [32m INFO[0m [2mrabbitmesh::service[0m[2m:[0m 📊 Max concurrent messages: 100
2025-08-30 17:32:43 +07:00: [2m2025-08-30T10:32:43.891556Z[0m [32m INFO[0m [2mrabbitmesh::service[0m[2m:[0m 💓 Health check task started for order-service
2025-08-30 17:32:43 +07:00: [2m2025-08-30T10:32:43.891581Z[0m [32m INFO[0m [2mrabbitmesh::service[0m[2m:[0m 🧹 Cleanup task started for order-service
2025-08-30 17:38:29 +07:00: [2m2025-08-30T10:38:29.369261Z[0m [32m INFO[0m [2morder_service[0m[2m:[0m Starting Order Service...
2025-08-30 17:38:29 +07:00: [2m2025-08-30T10:38:29.369548Z[0m [32m INFO[0m [2morder_service[0m[2m:[0m Configuration loaded
2025-08-30 17:38:29 +07:00: [2m2025-08-30T10:38:29.376454Z[0m [32m INFO[0m [2morder_service[0m[2m:[0m Connected to MongoDB and Redis
2025-08-30 17:38:29 +07:00: [2m2025-08-30T10:38:29.376461Z[0m [32m INFO[0m [2morder_service[0m[2m:[0m Order service initialized
2025-08-30 17:38:29 +07:00: [2m2025-08-30T10:38:29.376485Z[0m [32m INFO[0m [2mrabbitmesh::service[0m[2m:[0m 🚀 Creating microservice: order-service
2025-08-30 17:38:29 +07:00: [2m2025-08-30T10:38:29.376488Z[0m [32m INFO[0m [2morder_service[0m[2m:[0m Starting microservice on RabbitMQ: amqp://guest:guest@localhost:5672/%2f
2025-08-30 17:38:29 +07:00: [2m2025-08-30T10:38:29.376490Z[0m [32m INFO[0m [2mrabbitmesh::service[0m[2m:[0m 🏁 Starting microservice: order-service
2025-08-30 17:38:29 +07:00: [2m2025-08-30T10:38:29.389900Z[0m [32m INFO[0m [2mrabbitmesh::connection[0m[2m:[0m Successfully connected to RabbitMQ at amqp://guest:guest@localhost:5672/%2f
2025-08-30 17:38:29 +07:00: [2m2025-08-30T10:38:29.389923Z[0m [32m INFO[0m [2mrabbitmesh::service[0m[2m:[0m ✅ Connected to RabbitMQ
2025-08-30 17:38:29 +07:00: [2m2025-08-30T10:38:29.394532Z[0m [32m INFO[0m [2mrabbitmesh::service[0m[2m:[0m ✅ Declared queues: rabbitmesh.order-service, rabbitmesh.order-service.responses
2025-08-30 17:38:29 +07:00: [2m2025-08-30T10:38:29.395104Z[0m [32m INFO[0m [2mrabbitmesh::service[0m[2m:[0m ✅ Request processor spawned for queue: rabbitmesh.order-service
2025-08-30 17:38:29 +07:00: [2m2025-08-30T10:38:29.395127Z[0m [32m INFO[0m [2mrabbitmesh::service[0m[2m:[0m 📥 Request processor started for order-service
2025-08-30 17:38:29 +07:00: [2m2025-08-30T10:38:29.396780Z[0m [32m INFO[0m [2mrabbitmesh::service[0m[2m:[0m ✅ Response processor spawned for queue: rabbitmesh.order-service.responses
2025-08-30 17:38:29 +07:00: [2m2025-08-30T10:38:29.396785Z[0m [32m INFO[0m [2mrabbitmesh::service[0m[2m:[0m 🎯 Microservice order-service is running and ready to process messages
2025-08-30 17:38:29 +07:00: [2m2025-08-30T10:38:29.396787Z[0m [32m INFO[0m [2mrabbitmesh::service[0m[2m:[0m 📊 Max concurrent messages: 100
2025-08-30 17:38:29 +07:00: [2m2025-08-30T10:38:29.396785Z[0m [32m INFO[0m [2mrabbitmesh::service[0m[2m:[0m 📤 Response processor started for order-service
2025-08-30 17:38:29 +07:00: [2m2025-08-30T10:38:29.396793Z[0m [32m INFO[0m [2mrabbitmesh::service[0m[2m:[0m 🧹 Cleanup task started for order-service
2025-08-30 17:38:29 +07:00: [2m2025-08-30T10:38:29.396796Z[0m [32m INFO[0m [2mrabbitmesh::service[0m[2m:[0m 💓 Health check task started for order-service
2025-08-30 17:38:34 +07:00: [2m2025-08-30T10:38:34.908602Z[0m [33m WARN[0m [2mrabbitmesh::rpc[0m[2m:[0m No handler found for method: ping
2025-08-30 17:47:22 +07:00: [2m2025-08-30T10:47:22.405992Z[0m [32m INFO[0m [2morder_service[0m[2m:[0m Starting Order Service...
2025-08-30 17:47:22 +07:00: [2m2025-08-30T10:47:22.406594Z[0m [32m INFO[0m [2morder_service[0m[2m:[0m Configuration loaded
2025-08-30 17:47:22 +07:00: [2m2025-08-30T10:47:22.415360Z[0m [32m INFO[0m [2morder_service[0m[2m:[0m Connected to MongoDB and Redis
2025-08-30 17:47:22 +07:00: [2m2025-08-30T10:47:22.415366Z[0m [32m INFO[0m [2morder_service[0m[2m:[0m Order service initialized
2025-08-30 17:47:22 +07:00: [2m2025-08-30T10:47:22.415391Z[0m [32m INFO[0m [2mrabbitmesh::service[0m[2m:[0m 🚀 Creating microservice: order-service
2025-08-30 17:47:22 +07:00: [2m2025-08-30T10:47:22.415394Z[0m [32m INFO[0m [2morder_service[0m[2m:[0m Starting microservice on RabbitMQ: amqp://guest:guest@localhost:5672/%2f
2025-08-30 17:47:22 +07:00: [2m2025-08-30T10:47:22.415396Z[0m [32m INFO[0m [2mrabbitmesh::service[0m[2m:[0m 🏁 Starting microservice: order-service
2025-08-30 17:47:22 +07:00: [2m2025-08-30T10:47:22.426787Z[0m [32m INFO[0m [2mrabbitmesh::connection[0m[2m:[0m Successfully connected to RabbitMQ at amqp://guest:guest@localhost:5672/%2f
2025-08-30 17:47:22 +07:00: [2m2025-08-30T10:47:22.426802Z[0m [32m INFO[0m [2mrabbitmesh::service[0m[2m:[0m ✅ Connected to RabbitMQ
2025-08-30 17:47:22 +07:00: [2m2025-08-30T10:47:22.430541Z[0m [32m INFO[0m [2mrabbitmesh::service[0m[2m:[0m ✅ Declared queues: rabbitmesh.order-service, rabbitmesh.order-service.responses
2025-08-30 17:47:22 +07:00: [2m2025-08-30T10:47:22.431047Z[0m [32m INFO[0m [2mrabbitmesh::service[0m[2m:[0m ✅ Request processor spawned for queue: rabbitmesh.order-service
2025-08-30 17:47:22 +07:00: [2m2025-08-30T10:47:22.431075Z[0m [32m INFO[0m [2mrabbitmesh::service[0m[2m:[0m 📥 Request processor started for order-service
2025-08-30 17:47:22 +07:00: [2m2025-08-30T10:47:22.433318Z[0m [32m INFO[0m [2mrabbitmesh::service[0m[2m:[0m ✅ Response processor spawned for queue: rabbitmesh.order-service.responses
2025-08-30 17:47:22 +07:00: [2m2025-08-30T10:47:22.433322Z[0m [32m INFO[0m [2mrabbitmesh::service[0m[2m:[0m 📤 Response processor started for order-service
2025-08-30 17:47:22 +07:00: [2m2025-08-30T10:47:22.433325Z[0m [32m INFO[0m [2mrabbitmesh::service[0m[2m:[0m 🎯 Microservice order-service is running and ready to process messages
2025-08-30 17:47:22 +07:00: [2m2025-08-30T10:47:22.433329Z[0m [32m INFO[0m [2mrabbitmesh::service[0m[2m:[0m 📊 Max concurrent messages: 100
2025-08-30 17:47:22 +07:00: [2m2025-08-30T10:47:22.433357Z[0m [32m INFO[0m [2mrabbitmesh::service[0m[2m:[0m 💓 Health check task started for order-service
2025-08-30 17:47:22 +07:00: [2m2025-08-30T10:47:22.433377Z[0m [32m INFO[0m [2mrabbitmesh::service[0m[2m:[0m 🧹 Cleanup task started for order-service
2025-08-30 17:47:38 +07:00: [2m2025-08-30T10:47:38.769948Z[0m [33m WARN[0m [2mrabbitmesh::rpc[0m[2m:[0m No handler found for method: ping
2025-08-30 17:51:42 +07:00: [2m2025-08-30T10:51:42.118786Z[0m [32m INFO[0m [2morder_service[0m[2m:[0m Starting Order Service...
2025-08-30 17:51:42 +07:00: [2m2025-08-30T10:51:42.119109Z[0m [32m INFO[0m [2morder_service[0m[2m:[0m Configuration loaded
2025-08-30 17:51:42 +07:00: [2m2025-08-30T10:51:42.128729Z[0m [32m INFO[0m [2morder_service[0m[2m:[0m Connected to MongoDB and Redis
2025-08-30 17:51:42 +07:00: [2m2025-08-30T10:51:42.128734Z[0m [32m INFO[0m [2morder_service[0m[2m:[0m Order service initialized
2025-08-30 17:51:42 +07:00: [2m2025-08-30T10:51:42.128747Z[0m [32m INFO[0m [2mrabbitmesh::service[0m[2m:[0m 🚀 Creating microservice: order-service
2025-08-30 17:51:42 +07:00: [2m2025-08-30T10:51:42.128749Z[0m [32m INFO[0m [2morder_service[0m[2m:[0m Starting microservice on RabbitMQ: amqp://guest:guest@localhost:5672/%2f
2025-08-30 17:51:42 +07:00: [2m2025-08-30T10:51:42.128751Z[0m [32m INFO[0m [2mrabbitmesh::service[0m[2m:[0m 🏁 Starting microservice: order-service
2025-08-30 17:51:42 +07:00: [2m2025-08-30T10:51:42.140273Z[0m [32m INFO[0m [2mrabbitmesh::connection[0m[2m:[0m Successfully connected to RabbitMQ at amqp://guest:guest@localhost:5672/%2f
2025-08-30 17:51:42 +07:00: [2m2025-08-30T10:51:42.140284Z[0m [32m INFO[0m [2mrabbitmesh::service[0m[2m:[0m ✅ Connected to RabbitMQ
2025-08-30 17:51:42 +07:00: [2m2025-08-30T10:51:42.144283Z[0m [32m INFO[0m [2mrabbitmesh::service[0m[2m:[0m ✅ Declared queues: rabbitmesh.order-service, rabbitmesh.order-service.responses
2025-08-30 17:51:42 +07:00: [2m2025-08-30T10:51:42.145497Z[0m [32m INFO[0m [2mrabbitmesh::service[0m[2m:[0m ✅ Request processor spawned for queue: rabbitmesh.order-service
2025-08-30 17:51:42 +07:00: [2m2025-08-30T10:51:42.145550Z[0m [32m INFO[0m [2mrabbitmesh::service[0m[2m:[0m 📥 Request processor started for order-service
2025-08-30 17:51:42 +07:00: [2m2025-08-30T10:51:42.148669Z[0m [32m INFO[0m [2mrabbitmesh::service[0m[2m:[0m ✅ Response processor spawned for queue: rabbitmesh.order-service.responses
2025-08-30 17:51:42 +07:00: [2m2025-08-30T10:51:42.148675Z[0m [32m INFO[0m [2mrabbitmesh::service[0m[2m:[0m 🎯 Microservice order-service is running and ready to process messages
2025-08-30 17:51:42 +07:00: [2m2025-08-30T10:51:42.148677Z[0m [32m INFO[0m [2mrabbitmesh::service[0m[2m:[0m 📊 Max concurrent messages: 100
2025-08-30 17:51:42 +07:00: [2m2025-08-30T10:51:42.148710Z[0m [32m INFO[0m [2mrabbitmesh::service[0m[2m:[0m 📤 Response processor started for order-service
2025-08-30 17:51:42 +07:00: [2m2025-08-30T10:51:42.148734Z[0m [32m INFO[0m [2mrabbitmesh::service[0m[2m:[0m 🧹 Cleanup task started for order-service
2025-08-30 17:51:42 +07:00: [2m2025-08-30T10:51:42.148738Z[0m [32m INFO[0m [2mrabbitmesh::service[0m[2m:[0m 💓 Health check task started for order-service
2025-08-30 17:51:45 +07:00: [2m2025-08-30T10:51:45.401241Z[0m [33m WARN[0m [2mrabbitmesh::rpc[0m[2m:[0m No handler found for method: schema
2025-08-30 17:54:19 +07:00: [2m2025-08-30T10:54:19.840646Z[0m [32m INFO[0m [2morder_service[0m[2m:[0m Starting Order Service...
2025-08-30 17:54:19 +07:00: [2m2025-08-30T10:54:19.841229Z[0m [32m INFO[0m [2morder_service[0m[2m:[0m Configuration loaded
2025-08-30 17:54:19 +07:00: [2m2025-08-30T10:54:19.848050Z[0m [32m INFO[0m [2morder_service[0m[2m:[0m Connected to MongoDB and Redis
2025-08-30 17:54:19 +07:00: [2m2025-08-30T10:54:19.848057Z[0m [32m INFO[0m [2morder_service[0m[2m:[0m Order service initialized
2025-08-30 17:54:19 +07:00: [2m2025-08-30T10:54:19.848081Z[0m [32m INFO[0m [2mrabbitmesh::service[0m[2m:[0m 🚀 Creating microservice: order-service
2025-08-30 17:54:19 +07:00: [2m2025-08-30T10:54:19.848084Z[0m [32m INFO[0m [2morder_service[0m[2m:[0m Starting microservice on RabbitMQ: amqp://guest:guest@localhost:5672/%2f
2025-08-30 17:54:19 +07:00: [2m2025-08-30T10:54:19.848086Z[0m [32m INFO[0m [2mrabbitmesh::service[0m[2m:[0m 🏁 Starting microservice: order-service
2025-08-30 17:54:19 +07:00: [2m2025-08-30T10:54:19.856915Z[0m [32m INFO[0m [2mrabbitmesh::connection[0m[2m:[0m Successfully connected to RabbitMQ at amqp://guest:guest@localhost:5672/%2f
2025-08-30 17:54:19 +07:00: [2m2025-08-30T10:54:19.856936Z[0m [32m INFO[0m [2mrabbitmesh::service[0m[2m:[0m ✅ Connected to RabbitMQ
2025-08-30 17:54:19 +07:00: [2m2025-08-30T10:54:19.860066Z[0m [32m INFO[0m [2mrabbitmesh::service[0m[2m:[0m ✅ Declared queues: rabbitmesh.order-service, rabbitmesh.order-service.responses
2025-08-30 17:54:19 +07:00: [2m2025-08-30T10:54:19.860587Z[0m [32m INFO[0m [2mrabbitmesh::service[0m[2m:[0m ✅ Request processor spawned for queue: rabbitmesh.order-service
2025-08-30 17:54:19 +07:00: [2m2025-08-30T10:54:19.860617Z[0m [32m INFO[0m [2mrabbitmesh::service[0m[2m:[0m 📥 Request processor started for order-service
2025-08-30 17:54:19 +07:00: [2m2025-08-30T10:54:19.862494Z[0m [32m INFO[0m [2mrabbitmesh::service[0m[2m:[0m ✅ Response processor spawned for queue: rabbitmesh.order-service.responses
2025-08-30 17:54:19 +07:00: [2m2025-08-30T10:54:19.862500Z[0m [32m INFO[0m [2mrabbitmesh::service[0m[2m:[0m 🎯 Microservice order-service is running and ready to process messages
2025-08-30 17:54:19 +07:00: [2m2025-08-30T10:54:19.862502Z[0m [32m INFO[0m [2mrabbitmesh::service[0m[2m:[0m 📊 Max concurrent messages: 100
2025-08-30 17:54:19 +07:00: [2m2025-08-30T10:54:19.862499Z[0m [32m INFO[0m [2mrabbitmesh::service[0m[2m:[0m 📤 Response processor started for order-service
2025-08-30 17:54:19 +07:00: [2m2025-08-30T10:54:19.862549Z[0m [32m INFO[0m [2mrabbitmesh::service[0m[2m:[0m 💓 Health check task started for order-service
2025-08-30 17:54:19 +07:00: [2m2025-08-30T10:54:19.862554Z[0m [32m INFO[0m [2mrabbitmesh::service[0m[2m:[0m 🧹 Cleanup task started for order-service
2025-08-30 17:54:23 +07:00: [2m2025-08-30T10:54:23.924048Z[0m [33m WARN[0m [2mrabbitmesh::rpc[0m[2m:[0m No handler found for method: schema
2025-08-30 18:06:44 +07:00: [2m2025-08-30T11:06:44.322127Z[0m [32m INFO[0m [2morder_service[0m[2m:[0m Starting Order Service...
2025-08-30 18:06:44 +07:00: [2m2025-08-30T11:06:44.322502Z[0m [32m INFO[0m [2morder_service[0m[2m:[0m Configuration loaded
2025-08-30 18:06:44 +07:00: [2m2025-08-30T11:06:44.338885Z[0m [32m INFO[0m [2morder_service[0m[2m:[0m Connected to MongoDB and Redis
2025-08-30 18:06:44 +07:00: [2m2025-08-30T11:06:44.338893Z[0m [32m INFO[0m [2morder_service[0m[2m:[0m Order service initialized
2025-08-30 18:06:44 +07:00: [2m2025-08-30T11:06:44.338904Z[0m [32m INFO[0m [2mrabbitmesh::service[0m[2m:[0m 🚀 Creating microservice: order-service
2025-08-30 18:06:44 +07:00: [2m2025-08-30T11:06:44.338907Z[0m [32m INFO[0m [2morder_service[0m[2m:[0m Starting microservice on RabbitMQ: amqp://guest:guest@localhost:5672/%2f
2025-08-30 18:06:44 +07:00: [2m2025-08-30T11:06:44.338908Z[0m [32m INFO[0m [2mrabbitmesh::service[0m[2m:[0m 🏁 Starting microservice: order-service
2025-08-30 18:06:44 +07:00: [2m2025-08-30T11:06:44.344294Z[0m [32m INFO[0m [2mrabbitmesh::connection[0m[2m:[0m Successfully connected to RabbitMQ at amqp://guest:guest@localhost:5672/%2f
2025-08-30 18:06:44 +07:00: [2m2025-08-30T11:06:44.344303Z[0m [32m INFO[0m [2mrabbitmesh::service[0m[2m:[0m ✅ Connected to RabbitMQ
2025-08-30 18:06:44 +07:00: [2m2025-08-30T11:06:44.346594Z[0m [32m INFO[0m [2mrabbitmesh::service[0m[2m:[0m ✅ Declared queues: rabbitmesh.order-service, rabbitmesh.order-service.responses
2025-08-30 18:06:44 +07:00: [2m2025-08-30T11:06:44.349192Z[0m [32m INFO[0m [2mrabbitmesh::service[0m[2m:[0m ✅ Request processor spawned for queue: rabbitmesh.order-service
2025-08-30 18:06:44 +07:00: [2m2025-08-30T11:06:44.349287Z[0m [32m INFO[0m [2mrabbitmesh::service[0m[2m:[0m 📥 Request processor started for order-service
2025-08-30 18:06:44 +07:00: [2m2025-08-30T11:06:44.350993Z[0m [32m INFO[0m [2mrabbitmesh::service[0m[2m:[0m ✅ Response processor spawned for queue: rabbitmesh.order-service.responses
2025-08-30 18:06:44 +07:00: [2m2025-08-30T11:06:44.350999Z[0m [32m INFO[0m [2mrabbitmesh::service[0m[2m:[0m 🎯 Microservice order-service is running and ready to process messages
2025-08-30 18:06:44 +07:00: [2m2025-08-30T11:06:44.351001Z[0m [32m INFO[0m [2mrabbitmesh::service[0m[2m:[0m 📊 Max concurrent messages: 100
2025-08-30 18:06:44 +07:00: [2m2025-08-30T11:06:44.351003Z[0m [32m INFO[0m [2mrabbitmesh::service[0m[2m:[0m 📤 Response processor started for order-service
2025-08-30 18:06:44 +07:00: [2m2025-08-30T11:06:44.351011Z[0m [32m INFO[0m [2mrabbitmesh::service[0m[2m:[0m 🧹 Cleanup task started for order-service
2025-08-30 18:06:44 +07:00: [2m2025-08-30T11:06:44.351014Z[0m [32m INFO[0m [2mrabbitmesh::service[0m[2m:[0m 💓 Health check task started for order-service
2025-08-30 18:06:59 +07:00: [2m2025-08-30T11:06:59.542637Z[0m [33m WARN[0m [2mrabbitmesh::rpc[0m[2m:[0m No handler found for method: schema
2025-08-30 18:08:17 +07:00: [2m2025-08-30T11:08:17.440821Z[0m [33m WARN[0m [2mrabbitmesh::rpc[0m[2m:[0m No handler found for method: schema
2025-08-30 18:10:28 +07:00: [2m2025-08-30T11:10:28.644547Z[0m [32m INFO[0m [2morder_service[0m[2m:[0m Starting Order Service...
2025-08-30 18:10:28 +07:00: [2m2025-08-30T11:10:28.644944Z[0m [32m INFO[0m [2morder_service[0m[2m:[0m Configuration loaded
2025-08-30 18:10:28 +07:00: [2m2025-08-30T11:10:28.657351Z[0m [32m INFO[0m [2morder_service[0m[2m:[0m Connected to MongoDB and Redis
2025-08-30 18:10:28 +07:00: [2m2025-08-30T11:10:28.657372Z[0m [32m INFO[0m [2morder_service[0m[2m:[0m Order service initialized
2025-08-30 18:10:28 +07:00: [2m2025-08-30T11:10:28.657387Z[0m [32m INFO[0m [2mrabbitmesh::service[0m[2m:[0m 🚀 Creating microservice: order-service
2025-08-30 18:10:28 +07:00: [2m2025-08-30T11:10:28.657412Z[0m [32m INFO[0m [2morder_service::service[0m[2m:[0m 🌟 Registering service methods with Universal Macro Framework...
2025-08-30 18:10:28 +07:00: [2m2025-08-30T11:10:28.657414Z[0m [32m INFO[0m [2morder_service::service[0m[2m:[0m 🔐 Authorization: RBAC, ABAC, Hybrid patterns supported
2025-08-30 18:10:28 +07:00: [2m2025-08-30T11:10:28.657415Z[0m [32m INFO[0m [2morder_service::service[0m[2m:[0m 💾 Database: Universal transactions for SQL/NoSQL/Graph/TimeSeries
2025-08-30 18:10:28 +07:00: [2m2025-08-30T11:10:28.657416Z[0m [32m INFO[0m [2morder_service::service[0m[2m:[0m ⚡ Caching: Multi-level intelligent caching with domain optimizations
2025-08-30 18:10:28 +07:00: [2m2025-08-30T11:10:28.657417Z[0m [32m INFO[0m [2morder_service::service[0m[2m:[0m ✅ Validation: Comprehensive input validation + security + compliance
2025-08-30 18:10:28 +07:00: [2m2025-08-30T11:10:28.657419Z[0m [32m INFO[0m [2morder_service::service[0m[2m:[0m 📊 Observability: Complete metrics, tracing, logging, monitoring
2025-08-30 18:10:28 +07:00: [2m2025-08-30T11:10:28.657420Z[0m [32m INFO[0m [2morder_service::service[0m[2m:[0m 🎭 Workflows: State machines, sagas, approvals, event sourcing, CQRS
2025-08-30 18:10:28 +07:00: [2m2025-08-30T11:10:28.657543Z[0m [32m INFO[0m [2mrabbitmesh::rpc[0m[2m:[0m Registered RPC handler for method: create_order
2025-08-30 18:10:28 +07:00: [2m2025-08-30T11:10:28.657556Z[0m [32m INFO[0m [2morder_service::service[0m[2m:[0m Registered RPC handler for method: create_order
2025-08-30 18:10:28 +07:00: [2m2025-08-30T11:10:28.657609Z[0m [32m INFO[0m [2mrabbitmesh::rpc[0m[2m:[0m Registered RPC handler for method: get_order
2025-08-30 18:10:28 +07:00: [2m2025-08-30T11:10:28.657613Z[0m [32m INFO[0m [2morder_service::service[0m[2m:[0m Registered RPC handler for method: get_order
2025-08-30 18:10:28 +07:00: [2m2025-08-30T11:10:28.657614Z[0m [32m INFO[0m [2mrabbitmesh::rpc[0m[2m:[0m Registered RPC handler for method: update_order
2025-08-30 18:10:28 +07:00: [2m2025-08-30T11:10:28.657615Z[0m [32m INFO[0m [2morder_service::service[0m[2m:[0m Registered RPC handler for method: update_order
2025-08-30 18:10:28 +07:00: [2m2025-08-30T11:10:28.657617Z[0m [32m INFO[0m [2mrabbitmesh::rpc[0m[2m:[0m Registered RPC handler for method: delete_order
2025-08-30 18:10:28 +07:00: [2m2025-08-30T11:10:28.657618Z[0m [32m INFO[0m [2morder_service::service[0m[2m:[0m Registered RPC handler for method: delete_order
2025-08-30 18:10:28 +07:00: [2m2025-08-30T11:10:28.657620Z[0m [32m INFO[0m [2mrabbitmesh::rpc[0m[2m:[0m Registered RPC handler for method: get_user_orders
2025-08-30 18:10:28 +07:00: [2m2025-08-30T11:10:28.657621Z[0m [32m INFO[0m [2morder_service::service[0m[2m:[0m Registered RPC handler for method: get_user_orders
2025-08-30 18:10:28 +07:00: [2m2025-08-30T11:10:28.657623Z[0m [32m INFO[0m [2mrabbitmesh::rpc[0m[2m:[0m Registered RPC handler for method: get_orders_by_status
2025-08-30 18:10:28 +07:00: [2m2025-08-30T11:10:28.657624Z[0m [32m INFO[0m [2morder_service::service[0m[2m:[0m Registered RPC handler for method: get_orders_by_status
2025-08-30 18:10:28 +07:00: [2m2025-08-30T11:10:28.657625Z[0m [32m INFO[0m [2mrabbitmesh::rpc[0m[2m:[0m Registered RPC handler for method: confirm_order
2025-08-30 18:10:28 +07:00: [2m2025-08-30T11:10:28.657627Z[0m [32m INFO[0m [2morder_service::service[0m[2m:[0m Registered RPC handler for method: confirm_order
2025-08-30 18:10:28 +07:00: [2m2025-08-30T11:10:28.657628Z[0m [32m INFO[0m [2mrabbitmesh::rpc[0m[2m:[0m Registered RPC handler for method: cancel_order
2025-08-30 18:10:28 +07:00: [2m2025-08-30T11:10:28.657629Z[0m [32m INFO[0m [2morder_service::service[0m[2m:[0m Registered RPC handler for method: cancel_order
2025-08-30 18:10:28 +07:00: [2m2025-08-30T11:10:28.657631Z[0m [32m INFO[0m [2mrabbitmesh::rpc[0m[2m:[0m Registered RPC handler for method: schema
2025-08-30 18:10:28 +07:00: [2m2025-08-30T11:10:28.657632Z[0m [32m INFO[0m [2morder_service::service[0m[2m:[0m Auto-generated schema method registered for service: order-service
2025-08-30 18:10:28 +07:00: [2m2025-08-30T11:10:28.657633Z[0m [32m INFO[0m [2morder_service::service[0m[2m:[0m ✨ All service methods registered with enterprise-grade features!
2025-08-30 18:10:28 +07:00: [2m2025-08-30T11:10:28.657635Z[0m [32m INFO[0m [2morder_service[0m[2m:[0m Starting microservice on RabbitMQ: amqp://guest:guest@localhost:5672/%2f
2025-08-30 18:10:28 +07:00: [2m2025-08-30T11:10:28.657637Z[0m [32m INFO[0m [2mrabbitmesh::service[0m[2m:[0m 🏁 Starting microservice: order-service
2025-08-30 18:10:28 +07:00: [2m2025-08-30T11:10:28.668469Z[0m [32m INFO[0m [2mrabbitmesh::connection[0m[2m:[0m Successfully connected to RabbitMQ at amqp://guest:guest@localhost:5672/%2f
2025-08-30 18:10:28 +07:00: [2m2025-08-30T11:10:28.668489Z[0m [32m INFO[0m [2mrabbitmesh::service[0m[2m:[0m ✅ Connected to RabbitMQ
2025-08-30 18:10:28 +07:00: [2m2025-08-30T11:10:28.673123Z[0m [32m INFO[0m [2mrabbitmesh::service[0m[2m:[0m ✅ Declared queues: rabbitmesh.order-service, rabbitmesh.order-service.responses
2025-08-30 18:10:28 +07:00: [2m2025-08-30T11:10:28.673758Z[0m [32m INFO[0m [2mrabbitmesh::service[0m[2m:[0m ✅ Request processor spawned for queue: rabbitmesh.order-service
2025-08-30 18:10:28 +07:00: [2m2025-08-30T11:10:28.673782Z[0m [32m INFO[0m [2mrabbitmesh::service[0m[2m:[0m 📥 Request processor started for order-service
2025-08-30 18:10:28 +07:00: [2m2025-08-30T11:10:28.676755Z[0m [32m INFO[0m [2mrabbitmesh::service[0m[2m:[0m ✅ Response processor spawned for queue: rabbitmesh.order-service.responses
2025-08-30 18:10:28 +07:00: [2m2025-08-30T11:10:28.676760Z[0m [32m INFO[0m [2mrabbitmesh::service[0m[2m:[0m 🎯 Microservice order-service is running and ready to process messages
2025-08-30 18:10:28 +07:00: [2m2025-08-30T11:10:28.676762Z[0m [32m INFO[0m [2mrabbitmesh::service[0m[2m:[0m 📊 Max concurrent messages: 100
2025-08-30 18:10:28 +07:00: [2m2025-08-30T11:10:28.676778Z[0m [32m INFO[0m [2mrabbitmesh::service[0m[2m:[0m 📤 Response processor started for order-service
2025-08-30 18:10:28 +07:00: [2m2025-08-30T11:10:28.676782Z[0m [32m INFO[0m [2mrabbitmesh::service[0m[2m:[0m 🧹 Cleanup task started for order-service
2025-08-30 18:10:28 +07:00: [2m2025-08-30T11:10:28.676784Z[0m [32m INFO[0m [2mrabbitmesh::service[0m[2m:[0m 💓 Health check task started for order-service
