2025-08-30 16:56:07 +07:00: [2m2025-08-30T09:56:07.567165Z[0m [32m INFO[0m [2morder_service[0m[2m:[0m Starting Order Service...
2025-08-30 16:56:07 +07:00: [2m2025-08-30T09:56:07.567290Z[0m [32m INFO[0m [2morder_service[0m[2m:[0m Configuration loaded
2025-08-30 16:56:07 +07:00: [2m2025-08-30T09:56:07.578765Z[0m [32m INFO[0m [2morder_service[0m[2m:[0m Connected to MongoDB and Redis
2025-08-30 16:56:07 +07:00: [2m2025-08-30T09:56:07.578775Z[0m [32m INFO[0m [2morder_service[0m[2m:[0m Order service initialized
2025-08-30 16:56:07 +07:00: [2m2025-08-30T09:56:07.578781Z[0m [32m INFO[0m [2mrabbitmesh::service[0m[2m:[0m 🚀 Creating microservice: order-service
2025-08-30 16:56:07 +07:00: [2m2025-08-30T09:56:07.578784Z[0m [32m INFO[0m [2morder_service[0m[2m:[0m Starting microservice on RabbitMQ: amqp://guest:guest@localhost:5672/%2f
2025-08-30 16:56:07 +07:00: [2m2025-08-30T09:56:07.578786Z[0m [32m INFO[0m [2mrabbitmesh::service[0m[2m:[0m 🏁 Starting microservice: order-service
2025-08-30 16:56:07 +07:00: [2m2025-08-30T09:56:07.591044Z[0m [32m INFO[0m [2mrabbitmesh::connection[0m[2m:[0m Successfully connected to RabbitMQ at amqp://guest:guest@localhost:5672/%2f
2025-08-30 16:56:07 +07:00: [2m2025-08-30T09:56:07.591102Z[0m [32m INFO[0m [2mrabbitmesh::service[0m[2m:[0m ✅ Connected to RabbitMQ
2025-08-30 16:56:07 +07:00: [2m2025-08-30T09:56:07.597942Z[0m [32m INFO[0m [2mrabbitmesh::service[0m[2m:[0m ✅ Declared queues: rabbitmesh.order-service, rabbitmesh.order-service.responses
2025-08-30 16:56:07 +07:00: [2m2025-08-30T09:56:07.598625Z[0m [32m INFO[0m [2mrabbitmesh::service[0m[2m:[0m ✅ Request processor spawned for queue: rabbitmesh.order-service
2025-08-30 16:56:07 +07:00: [2m2025-08-30T09:56:07.598646Z[0m [32m INFO[0m [2mrabbitmesh::service[0m[2m:[0m 📥 Request processor started for order-service
2025-08-30 16:56:07 +07:00: [2m2025-08-30T09:56:07.601109Z[0m [32m INFO[0m [2mrabbitmesh::service[0m[2m:[0m ✅ Response processor spawned for queue: rabbitmesh.order-service.responses
2025-08-30 16:56:07 +07:00: [2m2025-08-30T09:56:07.601130Z[0m [32m INFO[0m [2mrabbitmesh::service[0m[2m:[0m 🎯 Microservice order-service is running and ready to process messages
2025-08-30 16:56:07 +07:00: [2m2025-08-30T09:56:07.601132Z[0m [32m INFO[0m [2mrabbitmesh::service[0m[2m:[0m 📊 Max concurrent messages: 100
2025-08-30 16:56:07 +07:00: [2m2025-08-30T09:56:07.601115Z[0m [32m INFO[0m [2mrabbitmesh::service[0m[2m:[0m 📤 Response processor started for order-service
2025-08-30 16:56:07 +07:00: [2m2025-08-30T09:56:07.601156Z[0m [32m INFO[0m [2mrabbitmesh::service[0m[2m:[0m 💓 Health check task started for order-service
2025-08-30 16:56:07 +07:00: [2m2025-08-30T09:56:07.601143Z[0m [32m INFO[0m [2mrabbitmesh::service[0m[2m:[0m 🧹 Cleanup task started for order-service
2025-08-30 16:59:50 +07:00: [2m2025-08-30T09:59:50.043582Z[0m [32m INFO[0m [2morder_service[0m[2m:[0m Starting Order Service...
2025-08-30 16:59:50 +07:00: [2m2025-08-30T09:59:50.043958Z[0m [32m INFO[0m [2morder_service[0m[2m:[0m Configuration loaded
2025-08-30 16:59:50 +07:00: [2m2025-08-30T09:59:50.052919Z[0m [32m INFO[0m [2morder_service[0m[2m:[0m Connected to MongoDB and Redis
2025-08-30 16:59:50 +07:00: [2m2025-08-30T09:59:50.052928Z[0m [32m INFO[0m [2morder_service[0m[2m:[0m Order service initialized
2025-08-30 16:59:50 +07:00: [2m2025-08-30T09:59:50.052956Z[0m [32m INFO[0m [2mrabbitmesh::service[0m[2m:[0m 🚀 Creating microservice: order-service
2025-08-30 16:59:50 +07:00: [2m2025-08-30T09:59:50.052962Z[0m [32m INFO[0m [2morder_service[0m[2m:[0m Starting microservice on RabbitMQ: amqp://guest:guest@localhost:5672/%2f
2025-08-30 16:59:50 +07:00: [2m2025-08-30T09:59:50.052964Z[0m [32m INFO[0m [2mrabbitmesh::service[0m[2m:[0m 🏁 Starting microservice: order-service
2025-08-30 16:59:50 +07:00: [2m2025-08-30T09:59:50.062898Z[0m [32m INFO[0m [2mrabbitmesh::connection[0m[2m:[0m Successfully connected to RabbitMQ at amqp://guest:guest@localhost:5672/%2f
2025-08-30 16:59:50 +07:00: [2m2025-08-30T09:59:50.062912Z[0m [32m INFO[0m [2mrabbitmesh::service[0m[2m:[0m ✅ Connected to RabbitMQ
2025-08-30 16:59:50 +07:00: [2m2025-08-30T09:59:50.066073Z[0m [32m INFO[0m [2mrabbitmesh::service[0m[2m:[0m ✅ Declared queues: rabbitmesh.order-service, rabbitmesh.order-service.responses
2025-08-30 16:59:50 +07:00: [2m2025-08-30T09:59:50.066654Z[0m [32m INFO[0m [2mrabbitmesh::service[0m[2m:[0m ✅ Request processor spawned for queue: rabbitmesh.order-service
2025-08-30 16:59:50 +07:00: [2m2025-08-30T09:59:50.066662Z[0m [32m INFO[0m [2mrabbitmesh::service[0m[2m:[0m 📥 Request processor started for order-service
2025-08-30 16:59:50 +07:00: [2m2025-08-30T09:59:50.068293Z[0m [32m INFO[0m [2mrabbitmesh::service[0m[2m:[0m ✅ Response processor spawned for queue: rabbitmesh.order-service.responses
2025-08-30 16:59:50 +07:00: [2m2025-08-30T09:59:50.068299Z[0m [32m INFO[0m [2mrabbitmesh::service[0m[2m:[0m 🎯 Microservice order-service is running and ready to process messages
2025-08-30 16:59:50 +07:00: [2m2025-08-30T09:59:50.068298Z[0m [32m INFO[0m [2mrabbitmesh::service[0m[2m:[0m 📤 Response processor started for order-service
2025-08-30 16:59:50 +07:00: [2m2025-08-30T09:59:50.068302Z[0m [32m INFO[0m [2mrabbitmesh::service[0m[2m:[0m 📊 Max concurrent messages: 100
2025-08-30 16:59:50 +07:00: [2m2025-08-30T09:59:50.068334Z[0m [32m INFO[0m [2mrabbitmesh::service[0m[2m:[0m 💓 Health check task started for order-service
2025-08-30 16:59:50 +07:00: [2m2025-08-30T09:59:50.068352Z[0m [32m INFO[0m [2mrabbitmesh::service[0m[2m:[0m 🧹 Cleanup task started for order-service
2025-08-30 17:00:49 +07:00: [2m2025-08-30T10:00:49.073988Z[0m [32m INFO[0m [2morder_service[0m[2m:[0m Starting Order Service...
2025-08-30 17:00:49 +07:00: [2m2025-08-30T10:00:49.074319Z[0m [32m INFO[0m [2morder_service[0m[2m:[0m Configuration loaded
2025-08-30 17:00:49 +07:00: [2m2025-08-30T10:00:49.079869Z[0m [32m INFO[0m [2morder_service[0m[2m:[0m Connected to MongoDB and Redis
2025-08-30 17:00:49 +07:00: [2m2025-08-30T10:00:49.079877Z[0m [32m INFO[0m [2morder_service[0m[2m:[0m Order service initialized
2025-08-30 17:00:49 +07:00: [2m2025-08-30T10:00:49.079906Z[0m [32m INFO[0m [2mrabbitmesh::service[0m[2m:[0m 🚀 Creating microservice: order-service
2025-08-30 17:00:49 +07:00: [2m2025-08-30T10:00:49.079909Z[0m [32m INFO[0m [2morder_service[0m[2m:[0m Starting microservice on RabbitMQ: amqp://guest:guest@localhost:5672/%2f
2025-08-30 17:00:49 +07:00: [2m2025-08-30T10:00:49.079910Z[0m [32m INFO[0m [2mrabbitmesh::service[0m[2m:[0m 🏁 Starting microservice: order-service
2025-08-30 17:00:49 +07:00: [2m2025-08-30T10:00:49.087963Z[0m [32m INFO[0m [2mrabbitmesh::connection[0m[2m:[0m Successfully connected to RabbitMQ at amqp://guest:guest@localhost:5672/%2f
2025-08-30 17:00:49 +07:00: [2m2025-08-30T10:00:49.087977Z[0m [32m INFO[0m [2mrabbitmesh::service[0m[2m:[0m ✅ Connected to RabbitMQ
2025-08-30 17:00:49 +07:00: [2m2025-08-30T10:00:49.092311Z[0m [32m INFO[0m [2mrabbitmesh::service[0m[2m:[0m ✅ Declared queues: rabbitmesh.order-service, rabbitmesh.order-service.responses
2025-08-30 17:00:49 +07:00: [2m2025-08-30T10:00:49.093305Z[0m [32m INFO[0m [2mrabbitmesh::service[0m[2m:[0m ✅ Request processor spawned for queue: rabbitmesh.order-service
2025-08-30 17:00:49 +07:00: [2m2025-08-30T10:00:49.093315Z[0m [32m INFO[0m [2mrabbitmesh::service[0m[2m:[0m 📥 Request processor started for order-service
2025-08-30 17:00:49 +07:00: [2m2025-08-30T10:00:49.095596Z[0m [32m INFO[0m [2mrabbitmesh::service[0m[2m:[0m ✅ Response processor spawned for queue: rabbitmesh.order-service.responses
2025-08-30 17:00:49 +07:00: [2m2025-08-30T10:00:49.095602Z[0m [32m INFO[0m [2mrabbitmesh::service[0m[2m:[0m 🎯 Microservice order-service is running and ready to process messages
2025-08-30 17:00:49 +07:00: [2m2025-08-30T10:00:49.095604Z[0m [32m INFO[0m [2mrabbitmesh::service[0m[2m:[0m 📊 Max concurrent messages: 100
2025-08-30 17:00:49 +07:00: [2m2025-08-30T10:00:49.095671Z[0m [32m INFO[0m [2mrabbitmesh::service[0m[2m:[0m 📤 Response processor started for order-service
2025-08-30 17:00:49 +07:00: [2m2025-08-30T10:00:49.095679Z[0m [32m INFO[0m [2mrabbitmesh::service[0m[2m:[0m 🧹 Cleanup task started for order-service
2025-08-30 17:00:49 +07:00: [2m2025-08-30T10:00:49.095682Z[0m [32m INFO[0m [2mrabbitmesh::service[0m[2m:[0m 💓 Health check task started for order-service
