2025-08-30 16:56:07 +07:00: [2m2025-08-30T09:56:07.496323Z[0m [32m INFO[0m [2mauth_service[0m[2m:[0m Starting Auth Service...
2025-08-30 16:56:07 +07:00: [2m2025-08-30T09:56:07.496472Z[0m [32m INFO[0m [2mauth_service[0m[2m:[0m Configuration loaded
2025-08-30 16:56:07 +07:00: [2m2025-08-30T09:56:07.496476Z[0m [32m INFO[0m [2mrabbitmesh::client[0m[2m:[0m 🔗 Creating service client: auth-service
2025-08-30 16:56:07 +07:00: [2m2025-08-30T09:56:07.539823Z[0m [32m INFO[0m [2mrabbitmesh::connection[0m[2m:[0m Successfully connected to RabbitMQ at amqp://guest:guest@localhost:5672/%2f
2025-08-30 16:56:07 +07:00: [2m2025-08-30T09:56:07.539839Z[0m [32m INFO[0m [2mrabbitmesh::client[0m[2m:[0m ✅ Service client connected: auth-service
2025-08-30 16:56:07 +07:00: [2m2025-08-30T09:56:07.548502Z[0m [32m INFO[0m [2mrabbitmesh::client[0m[2m:[0m ✅ Service client ready: auth-service
2025-08-30 16:56:07 +07:00: [2m2025-08-30T09:56:07.548511Z[0m [32m INFO[0m [2mauth_service[0m[2m:[0m Connected to RabbitMQ for service communication
2025-08-30 16:56:07 +07:00: [2m2025-08-30T09:56:07.548513Z[0m [32m INFO[0m [2mauth_service[0m[2m:[0m Auth service initialized
2025-08-30 16:56:07 +07:00: [2m2025-08-30T09:56:07.548515Z[0m [32m INFO[0m [2mrabbitmesh::service[0m[2m:[0m 🚀 Creating microservice: auth-service
2025-08-30 16:56:07 +07:00: [2m2025-08-30T09:56:07.548518Z[0m [32m INFO[0m [2mauth_service[0m[2m:[0m Starting microservice on RabbitMQ: amqp://guest:guest@localhost:5672/%2f
2025-08-30 16:56:07 +07:00: [2m2025-08-30T09:56:07.548519Z[0m [32m INFO[0m [2mrabbitmesh::service[0m[2m:[0m 🏁 Starting microservice: auth-service
2025-08-30 16:56:07 +07:00: [2m2025-08-30T09:56:07.561794Z[0m [32m INFO[0m [2mrabbitmesh::connection[0m[2m:[0m Successfully connected to RabbitMQ at amqp://guest:guest@localhost:5672/%2f
2025-08-30 16:56:07 +07:00: [2m2025-08-30T09:56:07.561808Z[0m [32m INFO[0m [2mrabbitmesh::service[0m[2m:[0m ✅ Connected to RabbitMQ
2025-08-30 16:56:07 +07:00: [2m2025-08-30T09:56:07.571513Z[0m [32m INFO[0m [2mrabbitmesh::service[0m[2m:[0m ✅ Declared queues: rabbitmesh.auth-service, rabbitmesh.auth-service.responses
2025-08-30 16:56:07 +07:00: [2m2025-08-30T09:56:07.574621Z[0m [32m INFO[0m [2mrabbitmesh::service[0m[2m:[0m ✅ Request processor spawned for queue: rabbitmesh.auth-service
2025-08-30 16:56:07 +07:00: [2m2025-08-30T09:56:07.574630Z[0m [32m INFO[0m [2mrabbitmesh::service[0m[2m:[0m 📥 Request processor started for auth-service
2025-08-30 16:56:07 +07:00: [2m2025-08-30T09:56:07.581174Z[0m [32m INFO[0m [2mrabbitmesh::service[0m[2m:[0m ✅ Response processor spawned for queue: rabbitmesh.auth-service.responses
2025-08-30 16:56:07 +07:00: [2m2025-08-30T09:56:07.581184Z[0m [32m INFO[0m [2mrabbitmesh::service[0m[2m:[0m 🎯 Microservice auth-service is running and ready to process messages
2025-08-30 16:56:07 +07:00: [2m2025-08-30T09:56:07.581186Z[0m [32m INFO[0m [2mrabbitmesh::service[0m[2m:[0m 📊 Max concurrent messages: 100
2025-08-30 16:56:07 +07:00: [2m2025-08-30T09:56:07.581188Z[0m [32m INFO[0m [2mrabbitmesh::service[0m[2m:[0m 📤 Response processor started for auth-service
2025-08-30 16:56:07 +07:00: [2m2025-08-30T09:56:07.581194Z[0m [32m INFO[0m [2mrabbitmesh::service[0m[2m:[0m 🧹 Cleanup task started for auth-service
2025-08-30 16:56:07 +07:00: [2m2025-08-30T09:56:07.581201Z[0m [32m INFO[0m [2mrabbitmesh::service[0m[2m:[0m 💓 Health check task started for auth-service
2025-08-30 16:59:49 +07:00: [2m2025-08-30T09:59:49.217986Z[0m [32m INFO[0m [2mauth_service[0m[2m:[0m Starting Auth Service...
2025-08-30 16:59:49 +07:00: [2m2025-08-30T09:59:49.218306Z[0m [32m INFO[0m [2mauth_service[0m[2m:[0m Configuration loaded
2025-08-30 16:59:49 +07:00: [2m2025-08-30T09:59:49.218309Z[0m [32m INFO[0m [2mrabbitmesh::client[0m[2m:[0m 🔗 Creating service client: auth-service
2025-08-30 16:59:49 +07:00: [2m2025-08-30T09:59:49.229215Z[0m [32m INFO[0m [2mrabbitmesh::connection[0m[2m:[0m Successfully connected to RabbitMQ at amqp://guest:guest@localhost:5672/%2f
2025-08-30 16:59:49 +07:00: [2m2025-08-30T09:59:49.229226Z[0m [32m INFO[0m [2mrabbitmesh::client[0m[2m:[0m ✅ Service client connected: auth-service
2025-08-30 16:59:49 +07:00: [2m2025-08-30T09:59:49.233103Z[0m [32m INFO[0m [2mrabbitmesh::client[0m[2m:[0m ✅ Service client ready: auth-service
2025-08-30 16:59:49 +07:00: [2m2025-08-30T09:59:49.233111Z[0m [32m INFO[0m [2mauth_service[0m[2m:[0m Connected to RabbitMQ for service communication
2025-08-30 16:59:49 +07:00: [2m2025-08-30T09:59:49.233113Z[0m [32m INFO[0m [2mauth_service[0m[2m:[0m Auth service initialized
2025-08-30 16:59:49 +07:00: [2m2025-08-30T09:59:49.233115Z[0m [32m INFO[0m [2mrabbitmesh::service[0m[2m:[0m 🚀 Creating microservice: auth-service
2025-08-30 16:59:49 +07:00: [2m2025-08-30T09:59:49.233117Z[0m [32m INFO[0m [2mauth_service[0m[2m:[0m Starting microservice on RabbitMQ: amqp://guest:guest@localhost:5672/%2f
2025-08-30 16:59:49 +07:00: [2m2025-08-30T09:59:49.233119Z[0m [32m INFO[0m [2mrabbitmesh::service[0m[2m:[0m 🏁 Starting microservice: auth-service
2025-08-30 16:59:49 +07:00: [2m2025-08-30T09:59:49.238219Z[0m [32m INFO[0m [2mrabbitmesh::connection[0m[2m:[0m Successfully connected to RabbitMQ at amqp://guest:guest@localhost:5672/%2f
2025-08-30 16:59:49 +07:00: [2m2025-08-30T09:59:49.238265Z[0m [32m INFO[0m [2mrabbitmesh::service[0m[2m:[0m ✅ Connected to RabbitMQ
2025-08-30 16:59:49 +07:00: [2m2025-08-30T09:59:49.240804Z[0m [32m INFO[0m [2mrabbitmesh::service[0m[2m:[0m ✅ Declared queues: rabbitmesh.auth-service, rabbitmesh.auth-service.responses
2025-08-30 16:59:49 +07:00: [2m2025-08-30T09:59:49.241322Z[0m [32m INFO[0m [2mrabbitmesh::service[0m[2m:[0m ✅ Request processor spawned for queue: rabbitmesh.auth-service
2025-08-30 16:59:49 +07:00: [2m2025-08-30T09:59:49.241347Z[0m [32m INFO[0m [2mrabbitmesh::service[0m[2m:[0m 📥 Request processor started for auth-service
2025-08-30 16:59:49 +07:00: [2m2025-08-30T09:59:49.243083Z[0m [32m INFO[0m [2mrabbitmesh::service[0m[2m:[0m ✅ Response processor spawned for queue: rabbitmesh.auth-service.responses
2025-08-30 16:59:49 +07:00: [2m2025-08-30T09:59:49.243086Z[0m [32m INFO[0m [2mrabbitmesh::service[0m[2m:[0m 📤 Response processor started for auth-service
2025-08-30 16:59:49 +07:00: [2m2025-08-30T09:59:49.243091Z[0m [32m INFO[0m [2mrabbitmesh::service[0m[2m:[0m 🎯 Microservice auth-service is running and ready to process messages
2025-08-30 16:59:49 +07:00: [2m2025-08-30T09:59:49.243095Z[0m [32m INFO[0m [2mrabbitmesh::service[0m[2m:[0m 📊 Max concurrent messages: 100
2025-08-30 16:59:49 +07:00: [2m2025-08-30T09:59:49.243095Z[0m [32m INFO[0m [2mrabbitmesh::service[0m[2m:[0m 💓 Health check task started for auth-service
2025-08-30 16:59:49 +07:00: [2m2025-08-30T09:59:49.243091Z[0m [32m INFO[0m [2mrabbitmesh::service[0m[2m:[0m 🧹 Cleanup task started for auth-service
2025-08-30 17:00:48 +07:00: [2m2025-08-30T10:00:48.591890Z[0m [32m INFO[0m [2mauth_service[0m[2m:[0m Starting Auth Service...
2025-08-30 17:00:48 +07:00: [2m2025-08-30T10:00:48.592197Z[0m [32m INFO[0m [2mauth_service[0m[2m:[0m Configuration loaded
2025-08-30 17:00:48 +07:00: [2m2025-08-30T10:00:48.592200Z[0m [32m INFO[0m [2mrabbitmesh::client[0m[2m:[0m 🔗 Creating service client: auth-service
2025-08-30 17:00:48 +07:00: [2m2025-08-30T10:00:48.603923Z[0m [32m INFO[0m [2mrabbitmesh::connection[0m[2m:[0m Successfully connected to RabbitMQ at amqp://guest:guest@localhost:5672/%2f
2025-08-30 17:00:48 +07:00: [2m2025-08-30T10:00:48.603937Z[0m [32m INFO[0m [2mrabbitmesh::client[0m[2m:[0m ✅ Service client connected: auth-service
2025-08-30 17:00:48 +07:00: [2m2025-08-30T10:00:48.608178Z[0m [32m INFO[0m [2mrabbitmesh::client[0m[2m:[0m ✅ Service client ready: auth-service
2025-08-30 17:00:48 +07:00: [2m2025-08-30T10:00:48.608183Z[0m [32m INFO[0m [2mauth_service[0m[2m:[0m Connected to RabbitMQ for service communication
2025-08-30 17:00:48 +07:00: [2m2025-08-30T10:00:48.608185Z[0m [32m INFO[0m [2mauth_service[0m[2m:[0m Auth service initialized
2025-08-30 17:00:48 +07:00: [2m2025-08-30T10:00:48.608187Z[0m [32m INFO[0m [2mrabbitmesh::service[0m[2m:[0m 🚀 Creating microservice: auth-service
2025-08-30 17:00:48 +07:00: [2m2025-08-30T10:00:48.608189Z[0m [32m INFO[0m [2mauth_service[0m[2m:[0m Starting microservice on RabbitMQ: amqp://guest:guest@localhost:5672/%2f
2025-08-30 17:00:48 +07:00: [2m2025-08-30T10:00:48.608190Z[0m [32m INFO[0m [2mrabbitmesh::service[0m[2m:[0m 🏁 Starting microservice: auth-service
2025-08-30 17:00:48 +07:00: [2m2025-08-30T10:00:48.612322Z[0m [32m INFO[0m [2mrabbitmesh::connection[0m[2m:[0m Successfully connected to RabbitMQ at amqp://guest:guest@localhost:5672/%2f
2025-08-30 17:00:48 +07:00: [2m2025-08-30T10:00:48.612329Z[0m [32m INFO[0m [2mrabbitmesh::service[0m[2m:[0m ✅ Connected to RabbitMQ
2025-08-30 17:00:48 +07:00: [2m2025-08-30T10:00:48.614603Z[0m [32m INFO[0m [2mrabbitmesh::service[0m[2m:[0m ✅ Declared queues: rabbitmesh.auth-service, rabbitmesh.auth-service.responses
2025-08-30 17:00:48 +07:00: [2m2025-08-30T10:00:48.616267Z[0m [32m INFO[0m [2mrabbitmesh::service[0m[2m:[0m ✅ Request processor spawned for queue: rabbitmesh.auth-service
2025-08-30 17:00:48 +07:00: [2m2025-08-30T10:00:48.616276Z[0m [32m INFO[0m [2mrabbitmesh::service[0m[2m:[0m 📥 Request processor started for auth-service
2025-08-30 17:00:48 +07:00: [2m2025-08-30T10:00:48.617805Z[0m [32m INFO[0m [2mrabbitmesh::service[0m[2m:[0m ✅ Response processor spawned for queue: rabbitmesh.auth-service.responses
2025-08-30 17:00:48 +07:00: [2m2025-08-30T10:00:48.617810Z[0m [32m INFO[0m [2mrabbitmesh::service[0m[2m:[0m 🎯 Microservice auth-service is running and ready to process messages
2025-08-30 17:00:48 +07:00: [2m2025-08-30T10:00:48.617811Z[0m [32m INFO[0m [2mrabbitmesh::service[0m[2m:[0m 📊 Max concurrent messages: 100
2025-08-30 17:00:48 +07:00: [2m2025-08-30T10:00:48.617810Z[0m [32m INFO[0m [2mrabbitmesh::service[0m[2m:[0m 📤 Response processor started for auth-service
2025-08-30 17:00:48 +07:00: [2m2025-08-30T10:00:48.617815Z[0m [32m INFO[0m [2mrabbitmesh::service[0m[2m:[0m 🧹 Cleanup task started for auth-service
2025-08-30 17:00:48 +07:00: [2m2025-08-30T10:00:48.617819Z[0m [32m INFO[0m [2mrabbitmesh::service[0m[2m:[0m 💓 Health check task started for auth-service
2025-08-30 17:01:12 +07:00: [2m2025-08-30T10:01:12.758204Z[0m [32m INFO[0m [2mauth_service[0m[2m:[0m Starting Auth Service...
2025-08-30 17:01:12 +07:00: [2m2025-08-30T10:01:12.762264Z[0m [32m INFO[0m [2mauth_service[0m[2m:[0m Configuration loaded
2025-08-30 17:01:12 +07:00: [2m2025-08-30T10:01:12.762273Z[0m [32m INFO[0m [2mrabbitmesh::client[0m[2m:[0m 🔗 Creating service client: auth-service
2025-08-30 17:01:12 +07:00: [2m2025-08-30T10:01:12.787481Z[0m [32m INFO[0m [2mrabbitmesh::connection[0m[2m:[0m Successfully connected to RabbitMQ at amqp://guest:guest@localhost:5672/%2f
2025-08-30 17:01:12 +07:00: [2m2025-08-30T10:01:12.787492Z[0m [32m INFO[0m [2mrabbitmesh::client[0m[2m:[0m ✅ Service client connected: auth-service
2025-08-30 17:01:12 +07:00: [2m2025-08-30T10:01:12.798392Z[0m [32m INFO[0m [2mrabbitmesh::client[0m[2m:[0m ✅ Service client ready: auth-service
2025-08-30 17:01:12 +07:00: [2m2025-08-30T10:01:12.798403Z[0m [32m INFO[0m [2mauth_service[0m[2m:[0m Connected to RabbitMQ for service communication
2025-08-30 17:01:12 +07:00: [2m2025-08-30T10:01:12.798406Z[0m [32m INFO[0m [2mauth_service[0m[2m:[0m Auth service initialized
2025-08-30 17:01:12 +07:00: [2m2025-08-30T10:01:12.798409Z[0m [32m INFO[0m [2mrabbitmesh::service[0m[2m:[0m 🚀 Creating microservice: auth-service
2025-08-30 17:01:12 +07:00: [2m2025-08-30T10:01:12.798411Z[0m [32m INFO[0m [2mauth_service[0m[2m:[0m Starting microservice on RabbitMQ: amqp://guest:guest@localhost:5672/%2f
2025-08-30 17:01:12 +07:00: [2m2025-08-30T10:01:12.798412Z[0m [32m INFO[0m [2mrabbitmesh::service[0m[2m:[0m 🏁 Starting microservice: auth-service
2025-08-30 17:01:12 +07:00: [2m2025-08-30T10:01:12.812563Z[0m [32m INFO[0m [2mrabbitmesh::connection[0m[2m:[0m Successfully connected to RabbitMQ at amqp://guest:guest@localhost:5672/%2f
2025-08-30 17:01:12 +07:00: [2m2025-08-30T10:01:12.812578Z[0m [32m INFO[0m [2mrabbitmesh::service[0m[2m:[0m ✅ Connected to RabbitMQ
2025-08-30 17:01:12 +07:00: [2m2025-08-30T10:01:12.823520Z[0m [32m INFO[0m [2mrabbitmesh::service[0m[2m:[0m ✅ Declared queues: rabbitmesh.auth-service, rabbitmesh.auth-service.responses
2025-08-30 17:01:12 +07:00: [2m2025-08-30T10:01:12.824372Z[0m [32m INFO[0m [2mrabbitmesh::service[0m[2m:[0m ✅ Request processor spawned for queue: rabbitmesh.auth-service
2025-08-30 17:01:12 +07:00: [2m2025-08-30T10:01:12.824393Z[0m [32m INFO[0m [2mrabbitmesh::service[0m[2m:[0m 📥 Request processor started for auth-service
2025-08-30 17:01:12 +07:00: [2m2025-08-30T10:01:12.827293Z[0m [32m INFO[0m [2mrabbitmesh::service[0m[2m:[0m ✅ Response processor spawned for queue: rabbitmesh.auth-service.responses
2025-08-30 17:01:12 +07:00: [2m2025-08-30T10:01:12.827311Z[0m [32m INFO[0m [2mrabbitmesh::service[0m[2m:[0m 🎯 Microservice auth-service is running and ready to process messages
2025-08-30 17:01:12 +07:00: [2m2025-08-30T10:01:12.827316Z[0m [32m INFO[0m [2mrabbitmesh::service[0m[2m:[0m 📊 Max concurrent messages: 100
2025-08-30 17:01:12 +07:00: [2m2025-08-30T10:01:12.827403Z[0m [32m INFO[0m [2mrabbitmesh::service[0m[2m:[0m 📤 Response processor started for auth-service
2025-08-30 17:01:12 +07:00: [2m2025-08-30T10:01:12.827411Z[0m [32m INFO[0m [2mrabbitmesh::service[0m[2m:[0m 🧹 Cleanup task started for auth-service
2025-08-30 17:01:12 +07:00: [2m2025-08-30T10:01:12.827420Z[0m [32m INFO[0m [2mrabbitmesh::service[0m[2m:[0m 💓 Health check task started for auth-service
2025-08-30 17:02:16 +07:00: [2m2025-08-30T10:02:16.490713Z[0m [32m INFO[0m [2mauth_service[0m[2m:[0m Starting Auth Service...
2025-08-30 17:02:16 +07:00: [2m2025-08-30T10:02:16.490864Z[0m [32m INFO[0m [2mauth_service[0m[2m:[0m Configuration loaded
2025-08-30 17:02:16 +07:00: [2m2025-08-30T10:02:16.490867Z[0m [32m INFO[0m [2mrabbitmesh::client[0m[2m:[0m 🔗 Creating service client: auth-service
2025-08-30 17:02:16 +07:00: [2m2025-08-30T10:02:16.499739Z[0m [32m INFO[0m [2mrabbitmesh::connection[0m[2m:[0m Successfully connected to RabbitMQ at amqp://guest:guest@localhost:5672/%2f
2025-08-30 17:02:16 +07:00: [2m2025-08-30T10:02:16.499763Z[0m [32m INFO[0m [2mrabbitmesh::client[0m[2m:[0m ✅ Service client connected: auth-service
2025-08-30 17:02:16 +07:00: [2m2025-08-30T10:02:16.505957Z[0m [32m INFO[0m [2mrabbitmesh::client[0m[2m:[0m ✅ Service client ready: auth-service
2025-08-30 17:02:16 +07:00: [2m2025-08-30T10:02:16.505964Z[0m [32m INFO[0m [2mauth_service[0m[2m:[0m Connected to RabbitMQ for service communication
2025-08-30 17:02:16 +07:00: [2m2025-08-30T10:02:16.505967Z[0m [32m INFO[0m [2mauth_service[0m[2m:[0m Auth service initialized
2025-08-30 17:02:16 +07:00: [2m2025-08-30T10:02:16.505969Z[0m [32m INFO[0m [2mrabbitmesh::service[0m[2m:[0m 🚀 Creating microservice: auth-service
2025-08-30 17:02:16 +07:00: [2m2025-08-30T10:02:16.505971Z[0m [32m INFO[0m [2mauth_service[0m[2m:[0m Starting microservice on RabbitMQ: amqp://guest:guest@localhost:5672/%2f
2025-08-30 17:02:16 +07:00: [2m2025-08-30T10:02:16.505972Z[0m [32m INFO[0m [2mrabbitmesh::service[0m[2m:[0m 🏁 Starting microservice: auth-service
2025-08-30 17:02:16 +07:00: [2m2025-08-30T10:02:16.510705Z[0m [32m INFO[0m [2mrabbitmesh::connection[0m[2m:[0m Successfully connected to RabbitMQ at amqp://guest:guest@localhost:5672/%2f
2025-08-30 17:02:16 +07:00: [2m2025-08-30T10:02:16.510732Z[0m [32m INFO[0m [2mrabbitmesh::service[0m[2m:[0m ✅ Connected to RabbitMQ
2025-08-30 17:02:16 +07:00: [2m2025-08-30T10:02:16.514196Z[0m [32m INFO[0m [2mrabbitmesh::service[0m[2m:[0m ✅ Declared queues: rabbitmesh.auth-service, rabbitmesh.auth-service.responses
2025-08-30 17:02:16 +07:00: [2m2025-08-30T10:02:16.514654Z[0m [32m INFO[0m [2mrabbitmesh::service[0m[2m:[0m ✅ Request processor spawned for queue: rabbitmesh.auth-service
2025-08-30 17:02:16 +07:00: [2m2025-08-30T10:02:16.514663Z[0m [32m INFO[0m [2mrabbitmesh::service[0m[2m:[0m 📥 Request processor started for auth-service
2025-08-30 17:02:16 +07:00: [2m2025-08-30T10:02:16.515984Z[0m [32m INFO[0m [2mrabbitmesh::service[0m[2m:[0m ✅ Response processor spawned for queue: rabbitmesh.auth-service.responses
2025-08-30 17:02:16 +07:00: [2m2025-08-30T10:02:16.515990Z[0m [32m INFO[0m [2mrabbitmesh::service[0m[2m:[0m 🎯 Microservice auth-service is running and ready to process messages
2025-08-30 17:02:16 +07:00: [2m2025-08-30T10:02:16.515992Z[0m [32m INFO[0m [2mrabbitmesh::service[0m[2m:[0m 📊 Max concurrent messages: 100
2025-08-30 17:02:16 +07:00: [2m2025-08-30T10:02:16.515994Z[0m [32m INFO[0m [2mrabbitmesh::service[0m[2m:[0m 📤 Response processor started for auth-service
2025-08-30 17:02:16 +07:00: [2m2025-08-30T10:02:16.516001Z[0m [32m INFO[0m [2mrabbitmesh::service[0m[2m:[0m 🧹 Cleanup task started for auth-service
2025-08-30 17:02:16 +07:00: [2m2025-08-30T10:02:16.516004Z[0m [32m INFO[0m [2mrabbitmesh::service[0m[2m:[0m 💓 Health check task started for auth-service
2025-08-30 17:05:26 +07:00: [2m2025-08-30T10:05:26.782373Z[0m [33m WARN[0m [2mrabbitmesh::rpc[0m[2m:[0m No handler found for method: ping
