2025-08-30 16:56:07 +07:00: [2m2025-08-30T09:56:07.499513Z[0m [32m INFO[0m [2muser_service[0m[2m:[0m Starting User Service...
2025-08-30 16:56:07 +07:00: [2m2025-08-30T09:56:07.499620Z[0m [32m INFO[0m [2muser_service[0m[2m:[0m Configuration loaded
2025-08-30 16:56:07 +07:00: [2m2025-08-30T09:56:07.499966Z[0m [32m INFO[0m [2muser_service[0m[2m:[0m Connected to MongoDB
2025-08-30 16:56:07 +07:00: [2m2025-08-30T09:56:07.499970Z[0m [32m INFO[0m [2muser_service[0m[2m:[0m User service initialized
2025-08-30 16:56:07 +07:00: [2m2025-08-30T09:56:07.499976Z[0m [32m INFO[0m [2mrabbitmesh::service[0m[2m:[0m 🚀 Creating microservice: user-service
2025-08-30 16:56:07 +07:00: [2m2025-08-30T09:56:07.499980Z[0m [32m INFO[0m [2muser_service[0m[2m:[0m Starting microservice on RabbitMQ: amqp://guest:guest@localhost:5672/%2f
2025-08-30 16:56:07 +07:00: [2m2025-08-30T09:56:07.499981Z[0m [32m INFO[0m [2mrabbitmesh::service[0m[2m:[0m 🏁 Starting microservice: user-service
2025-08-30 16:56:07 +07:00: [2m2025-08-30T09:56:07.547499Z[0m [32m INFO[0m [2mrabbitmesh::connection[0m[2m:[0m Successfully connected to RabbitMQ at amqp://guest:guest@localhost:5672/%2f
2025-08-30 16:56:07 +07:00: [2m2025-08-30T09:56:07.547508Z[0m [32m INFO[0m [2mrabbitmesh::service[0m[2m:[0m ✅ Connected to RabbitMQ
2025-08-30 16:56:07 +07:00: [2m2025-08-30T09:56:07.561686Z[0m [32m INFO[0m [2mrabbitmesh::service[0m[2m:[0m ✅ Declared queues: rabbitmesh.user-service, rabbitmesh.user-service.responses
2025-08-30 16:56:07 +07:00: [2m2025-08-30T09:56:07.565052Z[0m [32m INFO[0m [2mrabbitmesh::service[0m[2m:[0m ✅ Request processor spawned for queue: rabbitmesh.user-service
2025-08-30 16:56:07 +07:00: [2m2025-08-30T09:56:07.565101Z[0m [32m INFO[0m [2mrabbitmesh::service[0m[2m:[0m 📥 Request processor started for user-service
2025-08-30 16:56:07 +07:00: [2m2025-08-30T09:56:07.571184Z[0m [32m INFO[0m [2mrabbitmesh::service[0m[2m:[0m ✅ Response processor spawned for queue: rabbitmesh.user-service.responses
2025-08-30 16:56:07 +07:00: [2m2025-08-30T09:56:07.571207Z[0m [32m INFO[0m [2mrabbitmesh::service[0m[2m:[0m 🎯 Microservice user-service is running and ready to process messages
2025-08-30 16:56:07 +07:00: [2m2025-08-30T09:56:07.571212Z[0m [32m INFO[0m [2mrabbitmesh::service[0m[2m:[0m 📊 Max concurrent messages: 100
2025-08-30 16:56:07 +07:00: [2m2025-08-30T09:56:07.571341Z[0m [32m INFO[0m [2mrabbitmesh::service[0m[2m:[0m 📤 Response processor started for user-service
2025-08-30 16:56:07 +07:00: [2m2025-08-30T09:56:07.571352Z[0m [32m INFO[0m [2mrabbitmesh::service[0m[2m:[0m 🧹 Cleanup task started for user-service
2025-08-30 16:56:07 +07:00: [2m2025-08-30T09:56:07.571356Z[0m [32m INFO[0m [2mrabbitmesh::service[0m[2m:[0m 💓 Health check task started for user-service
2025-08-30 16:59:48 +07:00: [2m2025-08-30T09:59:48.817302Z[0m [32m INFO[0m [2muser_service[0m[2m:[0m Starting User Service...
2025-08-30 16:59:48 +07:00: [2m2025-08-30T09:59:48.817614Z[0m [32m INFO[0m [2muser_service[0m[2m:[0m Configuration loaded
2025-08-30 16:59:48 +07:00: [2m2025-08-30T09:59:48.818163Z[0m [32m INFO[0m [2muser_service[0m[2m:[0m Connected to MongoDB
2025-08-30 16:59:48 +07:00: [2m2025-08-30T09:59:48.818167Z[0m [32m INFO[0m [2muser_service[0m[2m:[0m User service initialized
2025-08-30 16:59:48 +07:00: [2m2025-08-30T09:59:48.818227Z[0m [32m INFO[0m [2mrabbitmesh::service[0m[2m:[0m 🚀 Creating microservice: user-service
2025-08-30 16:59:48 +07:00: [2m2025-08-30T09:59:48.818229Z[0m [32m INFO[0m [2muser_service[0m[2m:[0m Starting microservice on RabbitMQ: amqp://guest:guest@localhost:5672/%2f
2025-08-30 16:59:48 +07:00: [2m2025-08-30T09:59:48.818231Z[0m [32m INFO[0m [2mrabbitmesh::service[0m[2m:[0m 🏁 Starting microservice: user-service
2025-08-30 16:59:48 +07:00: [2m2025-08-30T09:59:48.832944Z[0m [32m INFO[0m [2mrabbitmesh::connection[0m[2m:[0m Successfully connected to RabbitMQ at amqp://guest:guest@localhost:5672/%2f
2025-08-30 16:59:48 +07:00: [2m2025-08-30T09:59:48.832950Z[0m [32m INFO[0m [2mrabbitmesh::service[0m[2m:[0m ✅ Connected to RabbitMQ
2025-08-30 16:59:48 +07:00: [2m2025-08-30T09:59:48.836286Z[0m [32m INFO[0m [2mrabbitmesh::service[0m[2m:[0m ✅ Declared queues: rabbitmesh.user-service, rabbitmesh.user-service.responses
2025-08-30 16:59:48 +07:00: [2m2025-08-30T09:59:48.836777Z[0m [32m INFO[0m [2mrabbitmesh::service[0m[2m:[0m ✅ Request processor spawned for queue: rabbitmesh.user-service
2025-08-30 16:59:48 +07:00: [2m2025-08-30T09:59:48.836831Z[0m [32m INFO[0m [2mrabbitmesh::service[0m[2m:[0m 📥 Request processor started for user-service
2025-08-30 16:59:48 +07:00: [2m2025-08-30T09:59:48.838025Z[0m [32m INFO[0m [2mrabbitmesh::service[0m[2m:[0m ✅ Response processor spawned for queue: rabbitmesh.user-service.responses
2025-08-30 16:59:48 +07:00: [2m2025-08-30T09:59:48.838030Z[0m [32m INFO[0m [2mrabbitmesh::service[0m[2m:[0m 🎯 Microservice user-service is running and ready to process messages
2025-08-30 16:59:48 +07:00: [2m2025-08-30T09:59:48.838032Z[0m [32m INFO[0m [2mrabbitmesh::service[0m[2m:[0m 📊 Max concurrent messages: 100
2025-08-30 16:59:48 +07:00: [2m2025-08-30T09:59:48.838049Z[0m [32m INFO[0m [2mrabbitmesh::service[0m[2m:[0m 📤 Response processor started for user-service
2025-08-30 16:59:48 +07:00: [2m2025-08-30T09:59:48.838059Z[0m [32m INFO[0m [2mrabbitmesh::service[0m[2m:[0m 🧹 Cleanup task started for user-service
2025-08-30 16:59:48 +07:00: [2m2025-08-30T09:59:48.838062Z[0m [32m INFO[0m [2mrabbitmesh::service[0m[2m:[0m 💓 Health check task started for user-service
2025-08-30 17:00:48 +07:00: [2m2025-08-30T10:00:48.491818Z[0m [32m INFO[0m [2muser_service[0m[2m:[0m Starting User Service...
2025-08-30 17:00:48 +07:00: [2m2025-08-30T10:00:48.492135Z[0m [32m INFO[0m [2muser_service[0m[2m:[0m Configuration loaded
2025-08-30 17:00:48 +07:00: [2m2025-08-30T10:00:48.492674Z[0m [32m INFO[0m [2muser_service[0m[2m:[0m Connected to MongoDB
2025-08-30 17:00:48 +07:00: [2m2025-08-30T10:00:48.492678Z[0m [32m INFO[0m [2muser_service[0m[2m:[0m User service initialized
2025-08-30 17:00:48 +07:00: [2m2025-08-30T10:00:48.492749Z[0m [32m INFO[0m [2mrabbitmesh::service[0m[2m:[0m 🚀 Creating microservice: user-service
2025-08-30 17:00:48 +07:00: [2m2025-08-30T10:00:48.492811Z[0m [32m INFO[0m [2muser_service[0m[2m:[0m Starting microservice on RabbitMQ: amqp://guest:guest@localhost:5672/%2f
2025-08-30 17:00:48 +07:00: [2m2025-08-30T10:00:48.492824Z[0m [32m INFO[0m [2mrabbitmesh::service[0m[2m:[0m 🏁 Starting microservice: user-service
2025-08-30 17:00:48 +07:00: [2m2025-08-30T10:00:48.506875Z[0m [32m INFO[0m [2mrabbitmesh::connection[0m[2m:[0m Successfully connected to RabbitMQ at amqp://guest:guest@localhost:5672/%2f
2025-08-30 17:00:48 +07:00: [2m2025-08-30T10:00:48.506882Z[0m [32m INFO[0m [2mrabbitmesh::service[0m[2m:[0m ✅ Connected to RabbitMQ
2025-08-30 17:00:48 +07:00: [2m2025-08-30T10:00:48.510551Z[0m [32m INFO[0m [2mrabbitmesh::service[0m[2m:[0m ✅ Declared queues: rabbitmesh.user-service, rabbitmesh.user-service.responses
2025-08-30 17:00:48 +07:00: [2m2025-08-30T10:00:48.511582Z[0m [32m INFO[0m [2mrabbitmesh::service[0m[2m:[0m ✅ Request processor spawned for queue: rabbitmesh.user-service
2025-08-30 17:00:48 +07:00: [2m2025-08-30T10:00:48.511646Z[0m [32m INFO[0m [2mrabbitmesh::service[0m[2m:[0m 📥 Request processor started for user-service
2025-08-30 17:00:48 +07:00: [2m2025-08-30T10:00:48.513507Z[0m [32m INFO[0m [2mrabbitmesh::service[0m[2m:[0m ✅ Response processor spawned for queue: rabbitmesh.user-service.responses
2025-08-30 17:00:48 +07:00: [2m2025-08-30T10:00:48.513513Z[0m [32m INFO[0m [2mrabbitmesh::service[0m[2m:[0m 🎯 Microservice user-service is running and ready to process messages
2025-08-30 17:00:48 +07:00: [2m2025-08-30T10:00:48.513515Z[0m [32m INFO[0m [2mrabbitmesh::service[0m[2m:[0m 📊 Max concurrent messages: 100
2025-08-30 17:00:48 +07:00: [2m2025-08-30T10:00:48.513580Z[0m [32m INFO[0m [2mrabbitmesh::service[0m[2m:[0m 📤 Response processor started for user-service
2025-08-30 17:00:48 +07:00: [2m2025-08-30T10:00:48.513583Z[0m [32m INFO[0m [2mrabbitmesh::service[0m[2m:[0m 🧹 Cleanup task started for user-service
2025-08-30 17:00:48 +07:00: [2m2025-08-30T10:00:48.513601Z[0m [32m INFO[0m [2mrabbitmesh::service[0m[2m:[0m 💓 Health check task started for user-service
2025-08-30 17:01:12 +07:00: [2m2025-08-30T10:01:12.757409Z[0m [32m INFO[0m [2muser_service[0m[2m:[0m Starting User Service...
2025-08-30 17:01:12 +07:00: [2m2025-08-30T10:01:12.761213Z[0m [32m INFO[0m [2muser_service[0m[2m:[0m Configuration loaded
2025-08-30 17:01:12 +07:00: [2m2025-08-30T10:01:12.770939Z[0m [32m INFO[0m [2muser_service[0m[2m:[0m Connected to MongoDB
2025-08-30 17:01:12 +07:00: [2m2025-08-30T10:01:12.770949Z[0m [32m INFO[0m [2muser_service[0m[2m:[0m User service initialized
2025-08-30 17:01:12 +07:00: [2m2025-08-30T10:01:12.771483Z[0m [32m INFO[0m [2mrabbitmesh::service[0m[2m:[0m 🚀 Creating microservice: user-service
2025-08-30 17:01:12 +07:00: [2m2025-08-30T10:01:12.771490Z[0m [32m INFO[0m [2muser_service[0m[2m:[0m Starting microservice on RabbitMQ: amqp://guest:guest@localhost:5672/%2f
2025-08-30 17:01:12 +07:00: [2m2025-08-30T10:01:12.771491Z[0m [32m INFO[0m [2mrabbitmesh::service[0m[2m:[0m 🏁 Starting microservice: user-service
2025-08-30 17:01:12 +07:00: [2m2025-08-30T10:01:12.794199Z[0m [32m INFO[0m [2mrabbitmesh::connection[0m[2m:[0m Successfully connected to RabbitMQ at amqp://guest:guest@localhost:5672/%2f
2025-08-30 17:01:12 +07:00: [2m2025-08-30T10:01:12.794218Z[0m [32m INFO[0m [2mrabbitmesh::service[0m[2m:[0m ✅ Connected to RabbitMQ
2025-08-30 17:01:12 +07:00: [2m2025-08-30T10:01:12.807618Z[0m [32m INFO[0m [2mrabbitmesh::service[0m[2m:[0m ✅ Declared queues: rabbitmesh.user-service, rabbitmesh.user-service.responses
2025-08-30 17:01:12 +07:00: [2m2025-08-30T10:01:12.809672Z[0m [32m INFO[0m [2mrabbitmesh::service[0m[2m:[0m ✅ Request processor spawned for queue: rabbitmesh.user-service
2025-08-30 17:01:12 +07:00: [2m2025-08-30T10:01:12.809788Z[0m [32m INFO[0m [2mrabbitmesh::service[0m[2m:[0m 📥 Request processor started for user-service
2025-08-30 17:01:12 +07:00: [2m2025-08-30T10:01:12.813783Z[0m [32m INFO[0m [2mrabbitmesh::service[0m[2m:[0m ✅ Response processor spawned for queue: rabbitmesh.user-service.responses
2025-08-30 17:01:12 +07:00: [2m2025-08-30T10:01:12.813789Z[0m [32m INFO[0m [2mrabbitmesh::service[0m[2m:[0m 🎯 Microservice user-service is running and ready to process messages
2025-08-30 17:01:12 +07:00: [2m2025-08-30T10:01:12.813791Z[0m [32m INFO[0m [2mrabbitmesh::service[0m[2m:[0m 📊 Max concurrent messages: 100
2025-08-30 17:01:12 +07:00: [2m2025-08-30T10:01:12.813792Z[0m [32m INFO[0m [2mrabbitmesh::service[0m[2m:[0m 🧹 Cleanup task started for user-service
2025-08-30 17:01:12 +07:00: [2m2025-08-30T10:01:12.813800Z[0m [32m INFO[0m [2mrabbitmesh::service[0m[2m:[0m 💓 Health check task started for user-service
2025-08-30 17:01:12 +07:00: [2m2025-08-30T10:01:12.816274Z[0m [32m INFO[0m [2mrabbitmesh::service[0m[2m:[0m 📤 Response processor started for user-service
2025-08-30 17:02:16 +07:00: [2m2025-08-30T10:02:16.385160Z[0m [32m INFO[0m [2muser_service[0m[2m:[0m Starting User Service...
2025-08-30 17:02:16 +07:00: [2m2025-08-30T10:02:16.385469Z[0m [32m INFO[0m [2muser_service[0m[2m:[0m Configuration loaded
2025-08-30 17:02:16 +07:00: [2m2025-08-30T10:02:16.386032Z[0m [32m INFO[0m [2muser_service[0m[2m:[0m Connected to MongoDB
2025-08-30 17:02:16 +07:00: [2m2025-08-30T10:02:16.386038Z[0m [32m INFO[0m [2muser_service[0m[2m:[0m User service initialized
2025-08-30 17:02:16 +07:00: [2m2025-08-30T10:02:16.386074Z[0m [32m INFO[0m [2mrabbitmesh::service[0m[2m:[0m 🚀 Creating microservice: user-service
2025-08-30 17:02:16 +07:00: [2m2025-08-30T10:02:16.386077Z[0m [32m INFO[0m [2muser_service[0m[2m:[0m Starting microservice on RabbitMQ: amqp://guest:guest@localhost:5672/%2f
2025-08-30 17:02:16 +07:00: [2m2025-08-30T10:02:16.386078Z[0m [32m INFO[0m [2mrabbitmesh::service[0m[2m:[0m 🏁 Starting microservice: user-service
2025-08-30 17:02:16 +07:00: [2m2025-08-30T10:02:16.398208Z[0m [32m INFO[0m [2mrabbitmesh::connection[0m[2m:[0m Successfully connected to RabbitMQ at amqp://guest:guest@localhost:5672/%2f
2025-08-30 17:02:16 +07:00: [2m2025-08-30T10:02:16.398224Z[0m [32m INFO[0m [2mrabbitmesh::service[0m[2m:[0m ✅ Connected to RabbitMQ
2025-08-30 17:02:16 +07:00: [2m2025-08-30T10:02:16.402917Z[0m [32m INFO[0m [2mrabbitmesh::service[0m[2m:[0m ✅ Declared queues: rabbitmesh.user-service, rabbitmesh.user-service.responses
2025-08-30 17:02:16 +07:00: [2m2025-08-30T10:02:16.403753Z[0m [32m INFO[0m [2mrabbitmesh::service[0m[2m:[0m ✅ Request processor spawned for queue: rabbitmesh.user-service
2025-08-30 17:02:16 +07:00: [2m2025-08-30T10:02:16.403808Z[0m [32m INFO[0m [2mrabbitmesh::service[0m[2m:[0m 📥 Request processor started for user-service
2025-08-30 17:02:16 +07:00: [2m2025-08-30T10:02:16.411163Z[0m [32m INFO[0m [2mrabbitmesh::service[0m[2m:[0m ✅ Response processor spawned for queue: rabbitmesh.user-service.responses
2025-08-30 17:02:16 +07:00: [2m2025-08-30T10:02:16.411175Z[0m [32m INFO[0m [2mrabbitmesh::service[0m[2m:[0m 🎯 Microservice user-service is running and ready to process messages
2025-08-30 17:02:16 +07:00: [2m2025-08-30T10:02:16.411177Z[0m [32m INFO[0m [2mrabbitmesh::service[0m[2m:[0m 📊 Max concurrent messages: 100
2025-08-30 17:02:16 +07:00: [2m2025-08-30T10:02:16.411210Z[0m [32m INFO[0m [2mrabbitmesh::service[0m[2m:[0m 🧹 Cleanup task started for user-service
2025-08-30 17:02:16 +07:00: [2m2025-08-30T10:02:16.411199Z[0m [32m INFO[0m [2mrabbitmesh::service[0m[2m:[0m 📤 Response processor started for user-service
2025-08-30 17:02:16 +07:00: [2m2025-08-30T10:02:16.411217Z[0m [32m INFO[0m [2mrabbitmesh::service[0m[2m:[0m 💓 Health check task started for user-service
2025-08-30 17:32:43 +07:00: [2m2025-08-30T10:32:43.341430Z[0m [32m INFO[0m [2muser_service[0m[2m:[0m Starting User Service...
2025-08-30 17:32:43 +07:00: [2m2025-08-30T10:32:43.341756Z[0m [32m INFO[0m [2muser_service[0m[2m:[0m Configuration loaded
2025-08-30 17:32:43 +07:00: [2m2025-08-30T10:32:43.342301Z[0m [32m INFO[0m [2muser_service[0m[2m:[0m Connected to MongoDB
2025-08-30 17:32:43 +07:00: [2m2025-08-30T10:32:43.342305Z[0m [32m INFO[0m [2muser_service[0m[2m:[0m User service initialized
2025-08-30 17:32:43 +07:00: [2m2025-08-30T10:32:43.342368Z[0m [32m INFO[0m [2mrabbitmesh::service[0m[2m:[0m 🚀 Creating microservice: user-service
2025-08-30 17:32:43 +07:00: [2m2025-08-30T10:32:43.342372Z[0m [32m INFO[0m [2muser_service[0m[2m:[0m Starting microservice on RabbitMQ: amqp://guest:guest@localhost:5672/%2f
2025-08-30 17:32:43 +07:00: [2m2025-08-30T10:32:43.342373Z[0m [32m INFO[0m [2mrabbitmesh::service[0m[2m:[0m 🏁 Starting microservice: user-service
2025-08-30 17:32:43 +07:00: [2m2025-08-30T10:32:43.356800Z[0m [32m INFO[0m [2mrabbitmesh::connection[0m[2m:[0m Successfully connected to RabbitMQ at amqp://guest:guest@localhost:5672/%2f
2025-08-30 17:32:43 +07:00: [2m2025-08-30T10:32:43.356826Z[0m [32m INFO[0m [2mrabbitmesh::service[0m[2m:[0m ✅ Connected to RabbitMQ
2025-08-30 17:32:43 +07:00: [2m2025-08-30T10:32:43.360727Z[0m [32m INFO[0m [2mrabbitmesh::service[0m[2m:[0m ✅ Declared queues: rabbitmesh.user-service, rabbitmesh.user-service.responses
2025-08-30 17:32:43 +07:00: [2m2025-08-30T10:32:43.361386Z[0m [32m INFO[0m [2mrabbitmesh::service[0m[2m:[0m ✅ Request processor spawned for queue: rabbitmesh.user-service
2025-08-30 17:32:43 +07:00: [2m2025-08-30T10:32:43.361441Z[0m [32m INFO[0m [2mrabbitmesh::service[0m[2m:[0m 📥 Request processor started for user-service
2025-08-30 17:32:43 +07:00: [2m2025-08-30T10:32:43.362846Z[0m [32m INFO[0m [2mrabbitmesh::service[0m[2m:[0m ✅ Response processor spawned for queue: rabbitmesh.user-service.responses
2025-08-30 17:32:43 +07:00: [2m2025-08-30T10:32:43.362849Z[0m [32m INFO[0m [2mrabbitmesh::service[0m[2m:[0m 📤 Response processor started for user-service
2025-08-30 17:32:43 +07:00: [2m2025-08-30T10:32:43.362852Z[0m [32m INFO[0m [2mrabbitmesh::service[0m[2m:[0m 🎯 Microservice user-service is running and ready to process messages
2025-08-30 17:32:43 +07:00: [2m2025-08-30T10:32:43.362857Z[0m [32m INFO[0m [2mrabbitmesh::service[0m[2m:[0m 📊 Max concurrent messages: 100
2025-08-30 17:32:43 +07:00: [2m2025-08-30T10:32:43.362906Z[0m [32m INFO[0m [2mrabbitmesh::service[0m[2m:[0m 🧹 Cleanup task started for user-service
2025-08-30 17:32:43 +07:00: [2m2025-08-30T10:32:43.362927Z[0m [32m INFO[0m [2mrabbitmesh::service[0m[2m:[0m 💓 Health check task started for user-service
2025-08-30 17:35:38 +07:00: [2m2025-08-30T10:35:38.309675Z[0m [33m WARN[0m [2mrabbitmesh::rpc[0m[2m:[0m No handler found for method: ping
