2025-08-30 16:56:07 +07:00: [2m2025-08-30T09:56:07.495079Z[0m [32m INFO[0m [2muser_service[0m[2m:[0m Starting User Service...
2025-08-30 16:56:07 +07:00: [2m2025-08-30T09:56:07.495274Z[0m [32m INFO[0m [2muser_service[0m[2m:[0m Configuration loaded
2025-08-30 16:56:07 +07:00: [2m2025-08-30T09:56:07.495346Z[0m [32m INFO[0m [2muser_service[0m[2m:[0m Connected to MongoDB
2025-08-30 16:56:07 +07:00: [2m2025-08-30T09:56:07.495348Z[0m [32m INFO[0m [2muser_service[0m[2m:[0m User service initialized
2025-08-30 16:56:07 +07:00: [2m2025-08-30T09:56:07.495352Z[0m [32m INFO[0m [2mrabbitmesh::service[0m[2m:[0m 🚀 Creating microservice: user-service
2025-08-30 16:56:07 +07:00: [2m2025-08-30T09:56:07.495354Z[0m [32m INFO[0m [2muser_service[0m[2m:[0m Starting microservice on RabbitMQ: amqp://guest:guest@localhost:5672/%2f
2025-08-30 16:56:07 +07:00: [2m2025-08-30T09:56:07.495356Z[0m [32m INFO[0m [2mrabbitmesh::service[0m[2m:[0m 🏁 Starting microservice: user-service
2025-08-30 16:56:07 +07:00: [2m2025-08-30T09:56:07.530898Z[0m [32m INFO[0m [2mrabbitmesh::connection[0m[2m:[0m Successfully connected to RabbitMQ at amqp://guest:guest@localhost:5672/%2f
2025-08-30 16:56:07 +07:00: [2m2025-08-30T09:56:07.530914Z[0m [32m INFO[0m [2mrabbitmesh::service[0m[2m:[0m ✅ Connected to RabbitMQ
2025-08-30 16:56:07 +07:00: [2m2025-08-30T09:56:07.546849Z[0m [32m INFO[0m [2mrabbitmesh::service[0m[2m:[0m ✅ Declared queues: rabbitmesh.user-service, rabbitmesh.user-service.responses
2025-08-30 16:56:07 +07:00: [2m2025-08-30T09:56:07.547883Z[0m [32m INFO[0m [2mrabbitmesh::service[0m[2m:[0m ✅ Request processor spawned for queue: rabbitmesh.user-service
2025-08-30 16:56:07 +07:00: [2m2025-08-30T09:56:07.548198Z[0m [32m INFO[0m [2mrabbitmesh::service[0m[2m:[0m 📥 Request processor started for user-service
2025-08-30 16:56:07 +07:00: [2m2025-08-30T09:56:07.560424Z[0m [32m INFO[0m [2mrabbitmesh::service[0m[2m:[0m ✅ Response processor spawned for queue: rabbitmesh.user-service.responses
2025-08-30 16:56:07 +07:00: [2m2025-08-30T09:56:07.560437Z[0m [32m INFO[0m [2mrabbitmesh::service[0m[2m:[0m 🎯 Microservice user-service is running and ready to process messages
2025-08-30 16:56:07 +07:00: [2m2025-08-30T09:56:07.560440Z[0m [32m INFO[0m [2mrabbitmesh::service[0m[2m:[0m 📊 Max concurrent messages: 100
2025-08-30 16:56:07 +07:00: [2m2025-08-30T09:56:07.560457Z[0m [32m INFO[0m [2mrabbitmesh::service[0m[2m:[0m 📤 Response processor started for user-service
2025-08-30 16:56:07 +07:00: [2m2025-08-30T09:56:07.560463Z[0m [32m INFO[0m [2mrabbitmesh::service[0m[2m:[0m 🧹 Cleanup task started for user-service
2025-08-30 16:56:07 +07:00: [2m2025-08-30T09:56:07.560467Z[0m [32m INFO[0m [2mrabbitmesh::service[0m[2m:[0m 💓 Health check task started for user-service
2025-08-30 16:59:48 +07:00: [2m2025-08-30T09:59:48.817302Z[0m [32m INFO[0m [2muser_service[0m[2m:[0m Starting User Service...
2025-08-30 16:59:48 +07:00: [2m2025-08-30T09:59:48.817615Z[0m [32m INFO[0m [2muser_service[0m[2m:[0m Configuration loaded
2025-08-30 16:59:48 +07:00: [2m2025-08-30T09:59:48.818228Z[0m [32m INFO[0m [2muser_service[0m[2m:[0m Connected to MongoDB
2025-08-30 16:59:48 +07:00: [2m2025-08-30T09:59:48.818232Z[0m [32m INFO[0m [2muser_service[0m[2m:[0m User service initialized
2025-08-30 16:59:48 +07:00: [2m2025-08-30T09:59:48.818248Z[0m [32m INFO[0m [2mrabbitmesh::service[0m[2m:[0m 🚀 Creating microservice: user-service
2025-08-30 16:59:48 +07:00: [2m2025-08-30T09:59:48.818250Z[0m [32m INFO[0m [2muser_service[0m[2m:[0m Starting microservice on RabbitMQ: amqp://guest:guest@localhost:5672/%2f
2025-08-30 16:59:48 +07:00: [2m2025-08-30T09:59:48.818252Z[0m [32m INFO[0m [2mrabbitmesh::service[0m[2m:[0m 🏁 Starting microservice: user-service
2025-08-30 16:59:48 +07:00: [2m2025-08-30T09:59:48.832862Z[0m [32m INFO[0m [2mrabbitmesh::connection[0m[2m:[0m Successfully connected to RabbitMQ at amqp://guest:guest@localhost:5672/%2f
2025-08-30 16:59:48 +07:00: [2m2025-08-30T09:59:48.832874Z[0m [32m INFO[0m [2mrabbitmesh::service[0m[2m:[0m ✅ Connected to RabbitMQ
2025-08-30 16:59:48 +07:00: [2m2025-08-30T09:59:48.836296Z[0m [32m INFO[0m [2mrabbitmesh::service[0m[2m:[0m ✅ Declared queues: rabbitmesh.user-service, rabbitmesh.user-service.responses
2025-08-30 16:59:48 +07:00: [2m2025-08-30T09:59:48.836778Z[0m [32m INFO[0m [2mrabbitmesh::service[0m[2m:[0m ✅ Request processor spawned for queue: rabbitmesh.user-service
2025-08-30 16:59:48 +07:00: [2m2025-08-30T09:59:48.836831Z[0m [32m INFO[0m [2mrabbitmesh::service[0m[2m:[0m 📥 Request processor started for user-service
2025-08-30 16:59:48 +07:00: [2m2025-08-30T09:59:48.838020Z[0m [32m INFO[0m [2mrabbitmesh::service[0m[2m:[0m ✅ Response processor spawned for queue: rabbitmesh.user-service.responses
2025-08-30 16:59:48 +07:00: [2m2025-08-30T09:59:48.838025Z[0m [32m INFO[0m [2mrabbitmesh::service[0m[2m:[0m 🎯 Microservice user-service is running and ready to process messages
2025-08-30 16:59:48 +07:00: [2m2025-08-30T09:59:48.838026Z[0m [32m INFO[0m [2mrabbitmesh::service[0m[2m:[0m 📊 Max concurrent messages: 100
2025-08-30 16:59:48 +07:00: [2m2025-08-30T09:59:48.838027Z[0m [32m INFO[0m [2mrabbitmesh::service[0m[2m:[0m 🧹 Cleanup task started for user-service
2025-08-30 16:59:48 +07:00: [2m2025-08-30T09:59:48.838033Z[0m [32m INFO[0m [2mrabbitmesh::service[0m[2m:[0m 💓 Health check task started for user-service
2025-08-30 16:59:48 +07:00: [2m2025-08-30T09:59:48.838036Z[0m [32m INFO[0m [2mrabbitmesh::service[0m[2m:[0m 📤 Response processor started for user-service
2025-08-30 17:00:48 +07:00: [2m2025-08-30T10:00:48.491817Z[0m [32m INFO[0m [2muser_service[0m[2m:[0m Starting User Service...
2025-08-30 17:00:48 +07:00: [2m2025-08-30T10:00:48.492134Z[0m [32m INFO[0m [2muser_service[0m[2m:[0m Configuration loaded
2025-08-30 17:00:48 +07:00: [2m2025-08-30T10:00:48.492761Z[0m [32m INFO[0m [2muser_service[0m[2m:[0m Connected to MongoDB
2025-08-30 17:00:48 +07:00: [2m2025-08-30T10:00:48.492786Z[0m [32m INFO[0m [2muser_service[0m[2m:[0m User service initialized
2025-08-30 17:00:48 +07:00: [2m2025-08-30T10:00:48.492806Z[0m [32m INFO[0m [2mrabbitmesh::service[0m[2m:[0m 🚀 Creating microservice: user-service
2025-08-30 17:00:48 +07:00: [2m2025-08-30T10:00:48.492809Z[0m [32m INFO[0m [2muser_service[0m[2m:[0m Starting microservice on RabbitMQ: amqp://guest:guest@localhost:5672/%2f
2025-08-30 17:00:48 +07:00: [2m2025-08-30T10:00:48.492810Z[0m [32m INFO[0m [2mrabbitmesh::service[0m[2m:[0m 🏁 Starting microservice: user-service
2025-08-30 17:00:48 +07:00: [2m2025-08-30T10:00:48.506630Z[0m [32m INFO[0m [2mrabbitmesh::connection[0m[2m:[0m Successfully connected to RabbitMQ at amqp://guest:guest@localhost:5672/%2f
2025-08-30 17:00:48 +07:00: [2m2025-08-30T10:00:48.506643Z[0m [32m INFO[0m [2mrabbitmesh::service[0m[2m:[0m ✅ Connected to RabbitMQ
2025-08-30 17:00:48 +07:00: [2m2025-08-30T10:00:48.510640Z[0m [32m INFO[0m [2mrabbitmesh::service[0m[2m:[0m ✅ Declared queues: rabbitmesh.user-service, rabbitmesh.user-service.responses
2025-08-30 17:00:48 +07:00: [2m2025-08-30T10:00:48.511595Z[0m [32m INFO[0m [2mrabbitmesh::service[0m[2m:[0m ✅ Request processor spawned for queue: rabbitmesh.user-service
2025-08-30 17:00:48 +07:00: [2m2025-08-30T10:00:48.511658Z[0m [32m INFO[0m [2mrabbitmesh::service[0m[2m:[0m 📥 Request processor started for user-service
2025-08-30 17:00:48 +07:00: [2m2025-08-30T10:00:48.513525Z[0m [32m INFO[0m [2mrabbitmesh::service[0m[2m:[0m ✅ Response processor spawned for queue: rabbitmesh.user-service.responses
2025-08-30 17:00:48 +07:00: [2m2025-08-30T10:00:48.513530Z[0m [32m INFO[0m [2mrabbitmesh::service[0m[2m:[0m 🎯 Microservice user-service is running and ready to process messages
2025-08-30 17:00:48 +07:00: [2m2025-08-30T10:00:48.513532Z[0m [32m INFO[0m [2mrabbitmesh::service[0m[2m:[0m 📊 Max concurrent messages: 100
2025-08-30 17:00:48 +07:00: [2m2025-08-30T10:00:48.513560Z[0m [32m INFO[0m [2mrabbitmesh::service[0m[2m:[0m 🧹 Cleanup task started for user-service
2025-08-30 17:00:48 +07:00: [2m2025-08-30T10:00:48.513566Z[0m [32m INFO[0m [2mrabbitmesh::service[0m[2m:[0m 💓 Health check task started for user-service
2025-08-30 17:00:48 +07:00: [2m2025-08-30T10:00:48.513579Z[0m [32m INFO[0m [2mrabbitmesh::service[0m[2m:[0m 📤 Response processor started for user-service
2025-08-30 17:01:12 +07:00: [2m2025-08-30T10:01:12.757455Z[0m [32m INFO[0m [2muser_service[0m[2m:[0m Starting User Service...
2025-08-30 17:01:12 +07:00: [2m2025-08-30T10:01:12.761213Z[0m [32m INFO[0m [2muser_service[0m[2m:[0m Configuration loaded
2025-08-30 17:01:12 +07:00: [2m2025-08-30T10:01:12.770939Z[0m [32m INFO[0m [2muser_service[0m[2m:[0m Connected to MongoDB
2025-08-30 17:01:12 +07:00: [2m2025-08-30T10:01:12.770948Z[0m [32m INFO[0m [2muser_service[0m[2m:[0m User service initialized
2025-08-30 17:01:12 +07:00: [2m2025-08-30T10:01:12.771511Z[0m [32m INFO[0m [2mrabbitmesh::service[0m[2m:[0m 🚀 Creating microservice: user-service
2025-08-30 17:01:12 +07:00: [2m2025-08-30T10:01:12.771515Z[0m [32m INFO[0m [2muser_service[0m[2m:[0m Starting microservice on RabbitMQ: amqp://guest:guest@localhost:5672/%2f
2025-08-30 17:01:12 +07:00: [2m2025-08-30T10:01:12.771516Z[0m [32m INFO[0m [2mrabbitmesh::service[0m[2m:[0m 🏁 Starting microservice: user-service
2025-08-30 17:01:12 +07:00: [2m2025-08-30T10:01:12.794199Z[0m [32m INFO[0m [2mrabbitmesh::connection[0m[2m:[0m Successfully connected to RabbitMQ at amqp://guest:guest@localhost:5672/%2f
2025-08-30 17:01:12 +07:00: [2m2025-08-30T10:01:12.794212Z[0m [32m INFO[0m [2mrabbitmesh::service[0m[2m:[0m ✅ Connected to RabbitMQ
2025-08-30 17:01:12 +07:00: [2m2025-08-30T10:01:12.801224Z[0m [32m INFO[0m [2mrabbitmesh::service[0m[2m:[0m ✅ Declared queues: rabbitmesh.user-service, rabbitmesh.user-service.responses
2025-08-30 17:01:12 +07:00: [2m2025-08-30T10:01:12.806937Z[0m [32m INFO[0m [2mrabbitmesh::service[0m[2m:[0m ✅ Request processor spawned for queue: rabbitmesh.user-service
2025-08-30 17:01:12 +07:00: [2m2025-08-30T10:01:12.807570Z[0m [32m INFO[0m [2mrabbitmesh::service[0m[2m:[0m 📥 Request processor started for user-service
2025-08-30 17:01:12 +07:00: [2m2025-08-30T10:01:12.812783Z[0m [32m INFO[0m [2mrabbitmesh::service[0m[2m:[0m ✅ Response processor spawned for queue: rabbitmesh.user-service.responses
2025-08-30 17:01:12 +07:00: [2m2025-08-30T10:01:12.812796Z[0m [32m INFO[0m [2mrabbitmesh::service[0m[2m:[0m 🎯 Microservice user-service is running and ready to process messages
2025-08-30 17:01:12 +07:00: [2m2025-08-30T10:01:12.812798Z[0m [32m INFO[0m [2mrabbitmesh::service[0m[2m:[0m 📊 Max concurrent messages: 100
2025-08-30 17:01:12 +07:00: [2m2025-08-30T10:01:12.813099Z[0m [32m INFO[0m [2mrabbitmesh::service[0m[2m:[0m 🧹 Cleanup task started for user-service
2025-08-30 17:01:12 +07:00: [2m2025-08-30T10:01:12.813109Z[0m [32m INFO[0m [2mrabbitmesh::service[0m[2m:[0m 💓 Health check task started for user-service
2025-08-30 17:01:12 +07:00: [2m2025-08-30T10:01:12.816330Z[0m [32m INFO[0m [2mrabbitmesh::service[0m[2m:[0m 📤 Response processor started for user-service
2025-08-30 17:02:16 +07:00: [2m2025-08-30T10:02:16.385160Z[0m [32m INFO[0m [2muser_service[0m[2m:[0m Starting User Service...
2025-08-30 17:02:16 +07:00: [2m2025-08-30T10:02:16.385468Z[0m [32m INFO[0m [2muser_service[0m[2m:[0m Configuration loaded
2025-08-30 17:02:16 +07:00: [2m2025-08-30T10:02:16.386058Z[0m [32m INFO[0m [2muser_service[0m[2m:[0m Connected to MongoDB
2025-08-30 17:02:16 +07:00: [2m2025-08-30T10:02:16.386085Z[0m [32m INFO[0m [2muser_service[0m[2m:[0m User service initialized
2025-08-30 17:02:16 +07:00: [2m2025-08-30T10:02:16.386111Z[0m [32m INFO[0m [2mrabbitmesh::service[0m[2m:[0m 🚀 Creating microservice: user-service
2025-08-30 17:02:16 +07:00: [2m2025-08-30T10:02:16.386118Z[0m [32m INFO[0m [2muser_service[0m[2m:[0m Starting microservice on RabbitMQ: amqp://guest:guest@localhost:5672/%2f
2025-08-30 17:02:16 +07:00: [2m2025-08-30T10:02:16.386122Z[0m [32m INFO[0m [2mrabbitmesh::service[0m[2m:[0m 🏁 Starting microservice: user-service
2025-08-30 17:02:16 +07:00: [2m2025-08-30T10:02:16.398444Z[0m [32m INFO[0m [2mrabbitmesh::connection[0m[2m:[0m Successfully connected to RabbitMQ at amqp://guest:guest@localhost:5672/%2f
2025-08-30 17:02:16 +07:00: [2m2025-08-30T10:02:16.398461Z[0m [32m INFO[0m [2mrabbitmesh::service[0m[2m:[0m ✅ Connected to RabbitMQ
2025-08-30 17:02:16 +07:00: [2m2025-08-30T10:02:16.402910Z[0m [32m INFO[0m [2mrabbitmesh::service[0m[2m:[0m ✅ Declared queues: rabbitmesh.user-service, rabbitmesh.user-service.responses
2025-08-30 17:02:16 +07:00: [2m2025-08-30T10:02:16.403753Z[0m [32m INFO[0m [2mrabbitmesh::service[0m[2m:[0m ✅ Request processor spawned for queue: rabbitmesh.user-service
2025-08-30 17:02:16 +07:00: [2m2025-08-30T10:02:16.403808Z[0m [32m INFO[0m [2mrabbitmesh::service[0m[2m:[0m 📥 Request processor started for user-service
2025-08-30 17:02:16 +07:00: [2m2025-08-30T10:02:16.411163Z[0m [32m INFO[0m [2mrabbitmesh::service[0m[2m:[0m ✅ Response processor spawned for queue: rabbitmesh.user-service.responses
2025-08-30 17:02:16 +07:00: [2m2025-08-30T10:02:16.411175Z[0m [32m INFO[0m [2mrabbitmesh::service[0m[2m:[0m 🎯 Microservice user-service is running and ready to process messages
2025-08-30 17:02:16 +07:00: [2m2025-08-30T10:02:16.411177Z[0m [32m INFO[0m [2mrabbitmesh::service[0m[2m:[0m 📊 Max concurrent messages: 100
2025-08-30 17:02:16 +07:00: [2m2025-08-30T10:02:16.411188Z[0m [32m INFO[0m [2mrabbitmesh::service[0m[2m:[0m 📤 Response processor started for user-service
2025-08-30 17:02:16 +07:00: [2m2025-08-30T10:02:16.411195Z[0m [32m INFO[0m [2mrabbitmesh::service[0m[2m:[0m 🧹 Cleanup task started for user-service
2025-08-30 17:02:16 +07:00: [2m2025-08-30T10:02:16.411199Z[0m [32m INFO[0m [2mrabbitmesh::service[0m[2m:[0m 💓 Health check task started for user-service
2025-08-30 17:32:43 +07:00: [2m2025-08-30T10:32:43.341432Z[0m [32m INFO[0m [2muser_service[0m[2m:[0m Starting User Service...
2025-08-30 17:32:43 +07:00: [2m2025-08-30T10:32:43.341756Z[0m [32m INFO[0m [2muser_service[0m[2m:[0m Configuration loaded
2025-08-30 17:32:43 +07:00: [2m2025-08-30T10:32:43.342300Z[0m [32m INFO[0m [2muser_service[0m[2m:[0m Connected to MongoDB
2025-08-30 17:32:43 +07:00: [2m2025-08-30T10:32:43.342304Z[0m [32m INFO[0m [2muser_service[0m[2m:[0m User service initialized
2025-08-30 17:32:43 +07:00: [2m2025-08-30T10:32:43.342414Z[0m [32m INFO[0m [2mrabbitmesh::service[0m[2m:[0m 🚀 Creating microservice: user-service
2025-08-30 17:32:43 +07:00: [2m2025-08-30T10:32:43.342418Z[0m [32m INFO[0m [2muser_service[0m[2m:[0m Starting microservice on RabbitMQ: amqp://guest:guest@localhost:5672/%2f
2025-08-30 17:32:43 +07:00: [2m2025-08-30T10:32:43.342420Z[0m [32m INFO[0m [2mrabbitmesh::service[0m[2m:[0m 🏁 Starting microservice: user-service
2025-08-30 17:32:43 +07:00: [2m2025-08-30T10:32:43.357005Z[0m [32m INFO[0m [2mrabbitmesh::connection[0m[2m:[0m Successfully connected to RabbitMQ at amqp://guest:guest@localhost:5672/%2f
2025-08-30 17:32:43 +07:00: [2m2025-08-30T10:32:43.357016Z[0m [32m INFO[0m [2mrabbitmesh::service[0m[2m:[0m ✅ Connected to RabbitMQ
2025-08-30 17:32:43 +07:00: [2m2025-08-30T10:32:43.360726Z[0m [32m INFO[0m [2mrabbitmesh::service[0m[2m:[0m ✅ Declared queues: rabbitmesh.user-service, rabbitmesh.user-service.responses
2025-08-30 17:32:43 +07:00: [2m2025-08-30T10:32:43.361389Z[0m [32m INFO[0m [2mrabbitmesh::service[0m[2m:[0m ✅ Request processor spawned for queue: rabbitmesh.user-service
2025-08-30 17:32:43 +07:00: [2m2025-08-30T10:32:43.361441Z[0m [32m INFO[0m [2mrabbitmesh::service[0m[2m:[0m 📥 Request processor started for user-service
2025-08-30 17:32:43 +07:00: [2m2025-08-30T10:32:43.362846Z[0m [32m INFO[0m [2mrabbitmesh::service[0m[2m:[0m ✅ Response processor spawned for queue: rabbitmesh.user-service.responses
2025-08-30 17:32:43 +07:00: [2m2025-08-30T10:32:43.362852Z[0m [32m INFO[0m [2mrabbitmesh::service[0m[2m:[0m 🎯 Microservice user-service is running and ready to process messages
2025-08-30 17:32:43 +07:00: [2m2025-08-30T10:32:43.362854Z[0m [32m INFO[0m [2mrabbitmesh::service[0m[2m:[0m 📊 Max concurrent messages: 100
2025-08-30 17:32:43 +07:00: [2m2025-08-30T10:32:43.362863Z[0m [32m INFO[0m [2mrabbitmesh::service[0m[2m:[0m 📤 Response processor started for user-service
2025-08-30 17:32:43 +07:00: [2m2025-08-30T10:32:43.362907Z[0m [32m INFO[0m [2mrabbitmesh::service[0m[2m:[0m 🧹 Cleanup task started for user-service
2025-08-30 17:32:43 +07:00: [2m2025-08-30T10:32:43.362910Z[0m [32m INFO[0m [2mrabbitmesh::service[0m[2m:[0m 💓 Health check task started for user-service
2025-08-30 17:32:55 +07:00: [2m2025-08-30T10:32:55.830535Z[0m [33m WARN[0m [2mrabbitmesh::rpc[0m[2m:[0m No handler found for method: ping
