2025-09-01 22:40:16 +07:00: [2m2025-09-01T15:40:16.757871Z[0m [32m INFO[0m [2mauth_service[0m[2m:[0m Starting Auth Service...
2025-09-01 22:40:16 +07:00: [2m2025-09-01T15:40:16.760239Z[0m [32m INFO[0m [2mauth_service[0m[2m:[0m Configuration loaded
2025-09-01 22:40:16 +07:00: [2m2025-09-01T15:40:16.760245Z[0m [32m INFO[0m [2mrabbitmesh::client[0m[2m:[0m 🔗 Creating service client: auth-service
2025-09-01 22:40:16 +07:00: [2m2025-09-01T15:40:16.779743Z[0m [32m INFO[0m [2mrabbitmesh::connection[0m[2m:[0m Successfully connected to RabbitMQ at amqp://guest:guest@localhost:5672/%2f
2025-09-01 22:40:16 +07:00: [2m2025-09-01T15:40:16.779774Z[0m [32m INFO[0m [2mrabbitmesh::client[0m[2m:[0m ✅ Service client connected: auth-service
2025-09-01 22:40:16 +07:00: [2m2025-09-01T15:40:16.794848Z[0m [32m INFO[0m [2mrabbitmesh::client[0m[2m:[0m ✅ Service client ready: auth-service
2025-09-01 22:40:16 +07:00: [2m2025-09-01T15:40:16.794860Z[0m [32m INFO[0m [2mauth_service[0m[2m:[0m Connected to RabbitMQ for service communication
2025-09-01 22:40:16 +07:00: [2m2025-09-01T15:40:16.794863Z[0m [32m INFO[0m [2mauth_service[0m[2m:[0m Auth service initialized
2025-09-01 22:40:16 +07:00: [2m2025-09-01T15:40:16.794879Z[0m [32m INFO[0m [2mrabbitmesh::service[0m[2m:[0m 🚀 Creating microservice: auth-service
2025-09-01 22:40:16 +07:00: [2m2025-09-01T15:40:16.794893Z[0m [32m INFO[0m [2mauth_service::service[0m[2m:[0m 🌟 Registering service methods with Universal Macro Framework...
2025-09-01 22:40:16 +07:00: [2m2025-09-01T15:40:16.794895Z[0m [32m INFO[0m [2mauth_service::service[0m[2m:[0m 🔐 Authorization: RBAC, ABAC, Hybrid patterns supported
2025-09-01 22:40:16 +07:00: [2m2025-09-01T15:40:16.794896Z[0m [32m INFO[0m [2mauth_service::service[0m[2m:[0m 💾 Database: Universal transactions for SQL/NoSQL/Graph/TimeSeries
2025-09-01 22:40:16 +07:00: [2m2025-09-01T15:40:16.794898Z[0m [32m INFO[0m [2mauth_service::service[0m[2m:[0m ⚡ Caching: Multi-level intelligent caching with domain optimizations
2025-09-01 22:40:16 +07:00: [2m2025-09-01T15:40:16.794899Z[0m [32m INFO[0m [2mauth_service::service[0m[2m:[0m ✅ Validation: Comprehensive input validation + security + compliance
2025-09-01 22:40:16 +07:00: [2m2025-09-01T15:40:16.794900Z[0m [32m INFO[0m [2mauth_service::service[0m[2m:[0m 📊 Observability: Complete metrics, tracing, logging, monitoring
2025-09-01 22:40:16 +07:00: [2m2025-09-01T15:40:16.794901Z[0m [32m INFO[0m [2mauth_service::service[0m[2m:[0m 🎭 Workflows: State machines, sagas, approvals, event sourcing, CQRS
2025-09-01 22:40:16 +07:00: [2m2025-09-01T15:40:16.794904Z[0m [32m INFO[0m [2mrabbitmesh::rpc[0m[2m:[0m Registered RPC handler for method: login
2025-09-01 22:40:16 +07:00: [2m2025-09-01T15:40:16.794906Z[0m [32m INFO[0m [2mauth_service::service[0m[2m:[0m Registered RPC handler for method: login
2025-09-01 22:40:16 +07:00: [2m2025-09-01T15:40:16.794908Z[0m [32m INFO[0m [2mrabbitmesh::rpc[0m[2m:[0m Registered RPC handler for method: validate_token
2025-09-01 22:40:16 +07:00: [2m2025-09-01T15:40:16.794909Z[0m [32m INFO[0m [2mauth_service::service[0m[2m:[0m Registered RPC handler for method: validate_token
2025-09-01 22:40:16 +07:00: [2m2025-09-01T15:40:16.794910Z[0m [32m INFO[0m [2mrabbitmesh::rpc[0m[2m:[0m Registered RPC handler for method: refresh_token
2025-09-01 22:40:16 +07:00: [2m2025-09-01T15:40:16.794912Z[0m [32m INFO[0m [2mauth_service::service[0m[2m:[0m Registered RPC handler for method: refresh_token
2025-09-01 22:40:16 +07:00: [2m2025-09-01T15:40:16.794914Z[0m [32m INFO[0m [2mrabbitmesh::rpc[0m[2m:[0m Registered RPC handler for method: check_permission
2025-09-01 22:40:16 +07:00: [2m2025-09-01T15:40:16.794915Z[0m [32m INFO[0m [2mauth_service::service[0m[2m:[0m Registered RPC handler for method: check_permission
2025-09-01 22:40:16 +07:00: [2m2025-09-01T15:40:16.794917Z[0m [32m INFO[0m [2mrabbitmesh::rpc[0m[2m:[0m Registered RPC handler for method: logout
2025-09-01 22:40:16 +07:00: [2m2025-09-01T15:40:16.794918Z[0m [32m INFO[0m [2mauth_service::service[0m[2m:[0m Registered RPC handler for method: logout
2025-09-01 22:40:16 +07:00: [2m2025-09-01T15:40:16.794919Z[0m [32m INFO[0m [2mrabbitmesh::rpc[0m[2m:[0m Registered RPC handler for method: get_current_user
2025-09-01 22:40:16 +07:00: [2m2025-09-01T15:40:16.794921Z[0m [32m INFO[0m [2mauth_service::service[0m[2m:[0m Registered RPC handler for method: get_current_user
2025-09-01 22:40:16 +07:00: [2m2025-09-01T15:40:16.794922Z[0m [32m INFO[0m [2mrabbitmesh::rpc[0m[2m:[0m Registered RPC handler for method: schema
2025-09-01 22:40:16 +07:00: [2m2025-09-01T15:40:16.794923Z[0m [32m INFO[0m [2mauth_service::service[0m[2m:[0m Auto-generated schema method registered for service: auth-service
2025-09-01 22:40:16 +07:00: [2m2025-09-01T15:40:16.794924Z[0m [32m INFO[0m [2mauth_service::service[0m[2m:[0m ✨ All service methods registered with enterprise-grade features!
2025-09-01 22:40:16 +07:00: [2m2025-09-01T15:40:16.794925Z[0m [32m INFO[0m [2mauth_service[0m[2m:[0m Starting microservice on RabbitMQ: amqp://guest:guest@localhost:5672/%2f
2025-09-01 22:40:16 +07:00: [2m2025-09-01T15:40:16.794926Z[0m [32m INFO[0m [2mrabbitmesh::service[0m[2m:[0m 🏁 Starting microservice: auth-service
2025-09-01 22:40:16 +07:00: [2m2025-09-01T15:40:16.805900Z[0m [32m INFO[0m [2mrabbitmesh::connection[0m[2m:[0m Successfully connected to RabbitMQ at amqp://guest:guest@localhost:5672/%2f
2025-09-01 22:40:16 +07:00: [2m2025-09-01T15:40:16.805919Z[0m [32m INFO[0m [2mrabbitmesh::service[0m[2m:[0m ✅ Connected to RabbitMQ
2025-09-01 22:40:16 +07:00: [2m2025-09-01T15:40:16.812945Z[0m [32m INFO[0m [2mrabbitmesh::service[0m[2m:[0m ✅ Declared queues: rabbitmesh.auth-service, rabbitmesh.auth-service.responses
2025-09-01 22:40:16 +07:00: [2m2025-09-01T15:40:16.813666Z[0m [32m INFO[0m [2mrabbitmesh::service[0m[2m:[0m ✅ Request processor spawned for queue: rabbitmesh.auth-service
2025-09-01 22:40:16 +07:00: [2m2025-09-01T15:40:16.813707Z[0m [32m INFO[0m [2mrabbitmesh::service[0m[2m:[0m 📥 Request processor started for auth-service
2025-09-01 22:40:16 +07:00: [2m2025-09-01T15:40:16.816817Z[0m [32m INFO[0m [2mrabbitmesh::service[0m[2m:[0m ✅ Response processor spawned for queue: rabbitmesh.auth-service.responses
2025-09-01 22:40:16 +07:00: [2m2025-09-01T15:40:16.816831Z[0m [32m INFO[0m [2mrabbitmesh::service[0m[2m:[0m 📤 Response processor started for auth-service
2025-09-01 22:40:16 +07:00: [2m2025-09-01T15:40:16.816839Z[0m [32m INFO[0m [2mrabbitmesh::service[0m[2m:[0m 🎯 Microservice auth-service is running and ready to process messages
2025-09-01 22:40:16 +07:00: [2m2025-09-01T15:40:16.816849Z[0m [32m INFO[0m [2mrabbitmesh::service[0m[2m:[0m 📊 Max concurrent messages: 100
2025-09-01 22:40:16 +07:00: [2m2025-09-01T15:40:16.816849Z[0m [32m INFO[0m [2mrabbitmesh::service[0m[2m:[0m 🧹 Cleanup task started for auth-service
2025-09-01 22:40:16 +07:00: [2m2025-09-01T15:40:16.816876Z[0m [32m INFO[0m [2mrabbitmesh::service[0m[2m:[0m 💓 Health check task started for auth-service
2025-09-01 22:40:47 +07:00: [2m2025-09-01T15:40:47.362433Z[0m [33m WARN[0m [2mrabbitmesh::rpc[0m[2m:[0m No handler found for method: auth
2025-09-01 22:41:52 +07:00: [2m2025-09-01T15:41:52.675562Z[0m [33m WARN[0m [2mrabbitmesh::rpc[0m[2m:[0m No handler found for method: auth
2025-09-01 22:42:52 +07:00: [2m2025-09-01T15:42:52.936078Z[0m [33m WARN[0m [2mrabbitmesh::rpc[0m[2m:[0m No handler found for method: auth
2025-09-01 22:59:27 +07:00: [2m2025-09-01T15:59:27.528509Z[0m [32m INFO[0m [2mauth_service[0m[2m:[0m Starting Auth Service...
2025-09-01 22:59:27 +07:00: [2m2025-09-01T15:59:27.528803Z[0m [32m INFO[0m [2mauth_service[0m[2m:[0m Configuration loaded
2025-09-01 22:59:27 +07:00: [2m2025-09-01T15:59:27.528806Z[0m [32m INFO[0m [2mrabbitmesh::client[0m[2m:[0m 🔗 Creating service client: auth-service
2025-09-01 22:59:27 +07:00: [2m2025-09-01T15:59:27.536477Z[0m [32m INFO[0m [2mrabbitmesh::connection[0m[2m:[0m Successfully connected to RabbitMQ at amqp://guest:guest@localhost:5672/%2f
2025-09-01 22:59:27 +07:00: [2m2025-09-01T15:59:27.536488Z[0m [32m INFO[0m [2mrabbitmesh::client[0m[2m:[0m ✅ Service client connected: auth-service
2025-09-01 22:59:27 +07:00: [2m2025-09-01T15:59:27.543756Z[0m [32m INFO[0m [2mrabbitmesh::client[0m[2m:[0m ✅ Service client ready: auth-service
2025-09-01 22:59:27 +07:00: [2m2025-09-01T15:59:27.543767Z[0m [32m INFO[0m [2mauth_service[0m[2m:[0m Connected to RabbitMQ for service communication
2025-09-01 22:59:27 +07:00: [2m2025-09-01T15:59:27.543768Z[0m [32m INFO[0m [2mauth_service[0m[2m:[0m Auth service initialized
2025-09-01 22:59:27 +07:00: [2m2025-09-01T15:59:27.543770Z[0m [32m INFO[0m [2mrabbitmesh::service[0m[2m:[0m 🚀 Creating microservice: auth-service
2025-09-01 22:59:27 +07:00: [2m2025-09-01T15:59:27.543772Z[0m [32m INFO[0m [2mauth_service::service[0m[2m:[0m 🌟 Registering service methods with Universal Macro Framework...
2025-09-01 22:59:27 +07:00: [2m2025-09-01T15:59:27.543774Z[0m [32m INFO[0m [2mauth_service::service[0m[2m:[0m 🔐 Authorization: RBAC, ABAC, Hybrid patterns supported
2025-09-01 22:59:27 +07:00: [2m2025-09-01T15:59:27.543775Z[0m [32m INFO[0m [2mauth_service::service[0m[2m:[0m 💾 Database: Universal transactions for SQL/NoSQL/Graph/TimeSeries
2025-09-01 22:59:27 +07:00: [2m2025-09-01T15:59:27.543776Z[0m [32m INFO[0m [2mauth_service::service[0m[2m:[0m ⚡ Caching: Multi-level intelligent caching with domain optimizations
2025-09-01 22:59:27 +07:00: [2m2025-09-01T15:59:27.543777Z[0m [32m INFO[0m [2mauth_service::service[0m[2m:[0m ✅ Validation: Comprehensive input validation + security + compliance
2025-09-01 22:59:27 +07:00: [2m2025-09-01T15:59:27.543778Z[0m [32m INFO[0m [2mauth_service::service[0m[2m:[0m 📊 Observability: Complete metrics, tracing, logging, monitoring
2025-09-01 22:59:27 +07:00: [2m2025-09-01T15:59:27.543779Z[0m [32m INFO[0m [2mauth_service::service[0m[2m:[0m 🎭 Workflows: State machines, sagas, approvals, event sourcing, CQRS
2025-09-01 22:59:27 +07:00: [2m2025-09-01T15:59:27.543782Z[0m [32m INFO[0m [2mrabbitmesh::rpc[0m[2m:[0m Registered RPC handler for method: login
2025-09-01 22:59:27 +07:00: [2m2025-09-01T15:59:27.543783Z[0m [32m INFO[0m [2mauth_service::service[0m[2m:[0m Registered RPC handler for method: login
2025-09-01 22:59:27 +07:00: [2m2025-09-01T15:59:27.543785Z[0m [32m INFO[0m [2mrabbitmesh::rpc[0m[2m:[0m Registered RPC handler for method: validate_token
2025-09-01 22:59:27 +07:00: [2m2025-09-01T15:59:27.543786Z[0m [32m INFO[0m [2mauth_service::service[0m[2m:[0m Registered RPC handler for method: validate_token
2025-09-01 22:59:27 +07:00: [2m2025-09-01T15:59:27.543787Z[0m [32m INFO[0m [2mrabbitmesh::rpc[0m[2m:[0m Registered RPC handler for method: refresh_token
2025-09-01 22:59:27 +07:00: [2m2025-09-01T15:59:27.543789Z[0m [32m INFO[0m [2mauth_service::service[0m[2m:[0m Registered RPC handler for method: refresh_token
2025-09-01 22:59:27 +07:00: [2m2025-09-01T15:59:27.543790Z[0m [32m INFO[0m [2mrabbitmesh::rpc[0m[2m:[0m Registered RPC handler for method: check_permission
2025-09-01 22:59:27 +07:00: [2m2025-09-01T15:59:27.543791Z[0m [32m INFO[0m [2mauth_service::service[0m[2m:[0m Registered RPC handler for method: check_permission
2025-09-01 22:59:27 +07:00: [2m2025-09-01T15:59:27.543793Z[0m [32m INFO[0m [2mrabbitmesh::rpc[0m[2m:[0m Registered RPC handler for method: logout
2025-09-01 22:59:27 +07:00: [2m2025-09-01T15:59:27.543794Z[0m [32m INFO[0m [2mauth_service::service[0m[2m:[0m Registered RPC handler for method: logout
2025-09-01 22:59:27 +07:00: [2m2025-09-01T15:59:27.543795Z[0m [32m INFO[0m [2mrabbitmesh::rpc[0m[2m:[0m Registered RPC handler for method: get_current_user
2025-09-01 22:59:27 +07:00: [2m2025-09-01T15:59:27.543796Z[0m [32m INFO[0m [2mauth_service::service[0m[2m:[0m Registered RPC handler for method: get_current_user
2025-09-01 22:59:27 +07:00: [2m2025-09-01T15:59:27.543798Z[0m [32m INFO[0m [2mrabbitmesh::rpc[0m[2m:[0m Registered RPC handler for method: schema
2025-09-01 22:59:27 +07:00: [2m2025-09-01T15:59:27.543799Z[0m [32m INFO[0m [2mauth_service::service[0m[2m:[0m Auto-generated schema method registered for service: auth-service
2025-09-01 22:59:27 +07:00: [2m2025-09-01T15:59:27.543800Z[0m [32m INFO[0m [2mauth_service::service[0m[2m:[0m ✨ All service methods registered with enterprise-grade features!
2025-09-01 22:59:27 +07:00: [2m2025-09-01T15:59:27.543801Z[0m [32m INFO[0m [2mauth_service[0m[2m:[0m Starting microservice on RabbitMQ: amqp://guest:guest@localhost:5672/%2f
2025-09-01 22:59:27 +07:00: [2m2025-09-01T15:59:27.543802Z[0m [32m INFO[0m [2mrabbitmesh::service[0m[2m:[0m 🏁 Starting microservice: auth-service
2025-09-01 22:59:27 +07:00: [2m2025-09-01T15:59:27.551105Z[0m [32m INFO[0m [2mrabbitmesh::connection[0m[2m:[0m Successfully connected to RabbitMQ at amqp://guest:guest@localhost:5672/%2f
2025-09-01 22:59:27 +07:00: [2m2025-09-01T15:59:27.551118Z[0m [32m INFO[0m [2mrabbitmesh::service[0m[2m:[0m ✅ Connected to RabbitMQ
2025-09-01 22:59:27 +07:00: [2m2025-09-01T15:59:27.556864Z[0m [32m INFO[0m [2mrabbitmesh::service[0m[2m:[0m ✅ Declared queues: rabbitmesh.auth-service, rabbitmesh.auth-service.responses
2025-09-01 22:59:27 +07:00: [2m2025-09-01T15:59:27.557427Z[0m [32m INFO[0m [2mrabbitmesh::service[0m[2m:[0m ✅ Request processor spawned for queue: rabbitmesh.auth-service
2025-09-01 22:59:27 +07:00: [2m2025-09-01T15:59:27.557447Z[0m [32m INFO[0m [2mrabbitmesh::service[0m[2m:[0m 📥 Request processor started for auth-service
2025-09-01 22:59:27 +07:00: [2m2025-09-01T15:59:27.559207Z[0m [32m INFO[0m [2mrabbitmesh::service[0m[2m:[0m ✅ Response processor spawned for queue: rabbitmesh.auth-service.responses
2025-09-01 22:59:27 +07:00: [2m2025-09-01T15:59:27.559215Z[0m [32m INFO[0m [2mrabbitmesh::service[0m[2m:[0m 🎯 Microservice auth-service is running and ready to process messages
2025-09-01 22:59:27 +07:00: [2m2025-09-01T15:59:27.559217Z[0m [32m INFO[0m [2mrabbitmesh::service[0m[2m:[0m 📊 Max concurrent messages: 100
2025-09-01 22:59:27 +07:00: [2m2025-09-01T15:59:27.559274Z[0m [32m INFO[0m [2mrabbitmesh::service[0m[2m:[0m 🧹 Cleanup task started for auth-service
2025-09-01 22:59:27 +07:00: [2m2025-09-01T15:59:27.559270Z[0m [32m INFO[0m [2mrabbitmesh::service[0m[2m:[0m 📤 Response processor started for auth-service
2025-09-01 22:59:27 +07:00: [2m2025-09-01T15:59:27.559287Z[0m [32m INFO[0m [2mrabbitmesh::service[0m[2m:[0m 💓 Health check task started for auth-service
