2025-08-30 16:55:47 +07:00: [2m2025-08-30T09:55:47.045892Z[0m [32m INFO[0m [2mauth_service[0m[2m:[0m Starting Auth Service...
2025-08-30 16:55:47 +07:00: [2m2025-08-30T09:55:47.047718Z[0m [32m INFO[0m [2mauth_service[0m[2m:[0m Configuration loaded
2025-08-30 16:55:47 +07:00: [2m2025-08-30T09:55:47.047726Z[0m [32m INFO[0m [2mrabbitmesh::client[0m[2m:[0m 🔗 Creating service client: auth-service
2025-08-30 16:55:47 +07:00: [2m2025-08-30T09:55:47.077717Z[0m [32m INFO[0m [2mrabbitmesh::connection[0m[2m:[0m Successfully connected to RabbitMQ at amqp://guest:guest@localhost:5672/%2f
2025-08-30 16:55:47 +07:00: [2m2025-08-30T09:55:47.077731Z[0m [32m INFO[0m [2mrabbitmesh::client[0m[2m:[0m ✅ Service client connected: auth-service
2025-08-30 16:55:47 +07:00: [2m2025-08-30T09:55:47.102054Z[0m [32m INFO[0m [2mrabbitmesh::client[0m[2m:[0m ✅ Service client ready: auth-service
2025-08-30 16:55:47 +07:00: [2m2025-08-30T09:55:47.102060Z[0m [32m INFO[0m [2mauth_service[0m[2m:[0m Connected to RabbitMQ for service communication
2025-08-30 16:55:47 +07:00: [2m2025-08-30T09:55:47.102062Z[0m [32m INFO[0m [2mauth_service[0m[2m:[0m Auth service initialized
2025-08-30 16:55:47 +07:00: [2m2025-08-30T09:55:47.102063Z[0m [32m INFO[0m [2mrabbitmesh::service[0m[2m:[0m 🚀 Creating microservice: auth-service
2025-08-30 16:55:47 +07:00: [2m2025-08-30T09:55:47.102065Z[0m [32m INFO[0m [2mauth_service[0m[2m:[0m Starting microservice on RabbitMQ: amqp://guest:guest@localhost:5672/%2f
2025-08-30 16:55:47 +07:00: [2m2025-08-30T09:55:47.102066Z[0m [32m INFO[0m [2mrabbitmesh::service[0m[2m:[0m 🏁 Starting microservice: auth-service
2025-08-30 16:55:47 +07:00: [2m2025-08-30T09:55:47.111470Z[0m [32m INFO[0m [2mrabbitmesh::connection[0m[2m:[0m Successfully connected to RabbitMQ at amqp://guest:guest@localhost:5672/%2f
2025-08-30 16:55:47 +07:00: [2m2025-08-30T09:55:47.111484Z[0m [32m INFO[0m [2mrabbitmesh::service[0m[2m:[0m ✅ Connected to RabbitMQ
2025-08-30 16:55:47 +07:00: [2m2025-08-30T09:55:47.126056Z[0m [32m INFO[0m [2mrabbitmesh::service[0m[2m:[0m ✅ Declared queues: rabbitmesh.auth-service, rabbitmesh.auth-service.responses
2025-08-30 16:55:47 +07:00: [2m2025-08-30T09:55:47.126676Z[0m [32m INFO[0m [2mrabbitmesh::service[0m[2m:[0m ✅ Request processor spawned for queue: rabbitmesh.auth-service
2025-08-30 16:55:47 +07:00: [2m2025-08-30T09:55:47.126692Z[0m [32m INFO[0m [2mrabbitmesh::service[0m[2m:[0m 📥 Request processor started for auth-service
2025-08-30 16:55:47 +07:00: [2m2025-08-30T09:55:47.128482Z[0m [32m INFO[0m [2mrabbitmesh::service[0m[2m:[0m ✅ Response processor spawned for queue: rabbitmesh.auth-service.responses
2025-08-30 16:55:47 +07:00: [2m2025-08-30T09:55:47.128489Z[0m [32m INFO[0m [2mrabbitmesh::service[0m[2m:[0m 🎯 Microservice auth-service is running and ready to process messages
2025-08-30 16:55:47 +07:00: [2m2025-08-30T09:55:47.128491Z[0m [32m INFO[0m [2mrabbitmesh::service[0m[2m:[0m 📊 Max concurrent messages: 100
2025-08-30 16:55:47 +07:00: [2m2025-08-30T09:55:47.128502Z[0m [32m INFO[0m [2mrabbitmesh::service[0m[2m:[0m 📤 Response processor started for auth-service
2025-08-30 16:55:47 +07:00: [2m2025-08-30T09:55:47.128508Z[0m [32m INFO[0m [2mrabbitmesh::service[0m[2m:[0m 🧹 Cleanup task started for auth-service
2025-08-30 16:55:47 +07:00: [2m2025-08-30T09:55:47.128523Z[0m [32m INFO[0m [2mrabbitmesh::service[0m[2m:[0m 💓 Health check task started for auth-service
