2025-08-30 16:55:47 +07:00: [2m2025-08-30T09:55:47.045715Z[0m [32m INFO[0m [2mauth_service[0m[2m:[0m Starting Auth Service...
2025-08-30 16:55:47 +07:00: [2m2025-08-30T09:55:47.047718Z[0m [32m INFO[0m [2mauth_service[0m[2m:[0m Configuration loaded
2025-08-30 16:55:47 +07:00: [2m2025-08-30T09:55:47.047725Z[0m [32m INFO[0m [2mrabbitmesh::client[0m[2m:[0m 🔗 Creating service client: auth-service
2025-08-30 16:55:47 +07:00: [2m2025-08-30T09:55:47.078018Z[0m [32m INFO[0m [2mrabbitmesh::connection[0m[2m:[0m Successfully connected to RabbitMQ at amqp://guest:guest@localhost:5672/%2f
2025-08-30 16:55:47 +07:00: [2m2025-08-30T09:55:47.078103Z[0m [32m INFO[0m [2mrabbitmesh::client[0m[2m:[0m ✅ Service client connected: auth-service
2025-08-30 16:55:47 +07:00: [2m2025-08-30T09:55:47.101973Z[0m [32m INFO[0m [2mrabbitmesh::client[0m[2m:[0m ✅ Service client ready: auth-service
2025-08-30 16:55:47 +07:00: [2m2025-08-30T09:55:47.101985Z[0m [32m INFO[0m [2mauth_service[0m[2m:[0m Connected to RabbitMQ for service communication
2025-08-30 16:55:47 +07:00: [2m2025-08-30T09:55:47.101987Z[0m [32m INFO[0m [2mauth_service[0m[2m:[0m Auth service initialized
2025-08-30 16:55:47 +07:00: [2m2025-08-30T09:55:47.101989Z[0m [32m INFO[0m [2mrabbitmesh::service[0m[2m:[0m 🚀 Creating microservice: auth-service
2025-08-30 16:55:47 +07:00: [2m2025-08-30T09:55:47.101992Z[0m [32m INFO[0m [2mauth_service[0m[2m:[0m Starting microservice on RabbitMQ: amqp://guest:guest@localhost:5672/%2f
2025-08-30 16:55:47 +07:00: [2m2025-08-30T09:55:47.101994Z[0m [32m INFO[0m [2mrabbitmesh::service[0m[2m:[0m 🏁 Starting microservice: auth-service
2025-08-30 16:55:47 +07:00: [2m2025-08-30T09:55:47.111482Z[0m [32m INFO[0m [2mrabbitmesh::connection[0m[2m:[0m Successfully connected to RabbitMQ at amqp://guest:guest@localhost:5672/%2f
2025-08-30 16:55:47 +07:00: [2m2025-08-30T09:55:47.111489Z[0m [32m INFO[0m [2mrabbitmesh::service[0m[2m:[0m ✅ Connected to RabbitMQ
2025-08-30 16:55:47 +07:00: [2m2025-08-30T09:55:47.126056Z[0m [32m INFO[0m [2mrabbitmesh::service[0m[2m:[0m ✅ Declared queues: rabbitmesh.auth-service, rabbitmesh.auth-service.responses
2025-08-30 16:55:47 +07:00: [2m2025-08-30T09:55:47.126668Z[0m [32m INFO[0m [2mrabbitmesh::service[0m[2m:[0m ✅ Request processor spawned for queue: rabbitmesh.auth-service
2025-08-30 16:55:47 +07:00: [2m2025-08-30T09:55:47.126691Z[0m [32m INFO[0m [2mrabbitmesh::service[0m[2m:[0m 📥 Request processor started for auth-service
2025-08-30 16:55:47 +07:00: [2m2025-08-30T09:55:47.128479Z[0m [32m INFO[0m [2mrabbitmesh::service[0m[2m:[0m ✅ Response processor spawned for queue: rabbitmesh.auth-service.responses
2025-08-30 16:55:47 +07:00: [2m2025-08-30T09:55:47.128489Z[0m [32m INFO[0m [2mrabbitmesh::service[0m[2m:[0m 🎯 Microservice auth-service is running and ready to process messages
2025-08-30 16:55:47 +07:00: [2m2025-08-30T09:55:47.128488Z[0m [32m INFO[0m [2mrabbitmesh::service[0m[2m:[0m 📤 Response processor started for auth-service
2025-08-30 16:55:47 +07:00: [2m2025-08-30T09:55:47.128498Z[0m [32m INFO[0m [2mrabbitmesh::service[0m[2m:[0m 🧹 Cleanup task started for auth-service
2025-08-30 16:55:47 +07:00: [2m2025-08-30T09:55:47.128505Z[0m [32m INFO[0m [2mrabbitmesh::service[0m[2m:[0m 💓 Health check task started for auth-service
2025-08-30 16:55:47 +07:00: [2m2025-08-30T09:55:47.128493Z[0m [32m INFO[0m [2mrabbitmesh::service[0m[2m:[0m 📊 Max concurrent messages: 100
