2025-08-30 16:56:07 +07:00: [2m2025-08-30T09:56:07.496323Z[0m [32m INFO[0m [2mauth_service[0m[2m:[0m Starting Auth Service...
2025-08-30 16:56:07 +07:00: [2m2025-08-30T09:56:07.496472Z[0m [32m INFO[0m [2mauth_service[0m[2m:[0m Configuration loaded
2025-08-30 16:56:07 +07:00: [2m2025-08-30T09:56:07.496476Z[0m [32m INFO[0m [2mrabbitmesh::client[0m[2m:[0m 🔗 Creating service client: auth-service
2025-08-30 16:56:07 +07:00: [2m2025-08-30T09:56:07.539823Z[0m [32m INFO[0m [2mrabbitmesh::connection[0m[2m:[0m Successfully connected to RabbitMQ at amqp://guest:guest@localhost:5672/%2f
2025-08-30 16:56:07 +07:00: [2m2025-08-30T09:56:07.539839Z[0m [32m INFO[0m [2mrabbitmesh::client[0m[2m:[0m ✅ Service client connected: auth-service
2025-08-30 16:56:07 +07:00: [2m2025-08-30T09:56:07.548502Z[0m [32m INFO[0m [2mrabbitmesh::client[0m[2m:[0m ✅ Service client ready: auth-service
2025-08-30 16:56:07 +07:00: [2m2025-08-30T09:56:07.548511Z[0m [32m INFO[0m [2mauth_service[0m[2m:[0m Connected to RabbitMQ for service communication
2025-08-30 16:56:07 +07:00: [2m2025-08-30T09:56:07.548513Z[0m [32m INFO[0m [2mauth_service[0m[2m:[0m Auth service initialized
2025-08-30 16:56:07 +07:00: [2m2025-08-30T09:56:07.548515Z[0m [32m INFO[0m [2mrabbitmesh::service[0m[2m:[0m 🚀 Creating microservice: auth-service
2025-08-30 16:56:07 +07:00: [2m2025-08-30T09:56:07.548518Z[0m [32m INFO[0m [2mauth_service[0m[2m:[0m Starting microservice on RabbitMQ: amqp://guest:guest@localhost:5672/%2f
2025-08-30 16:56:07 +07:00: [2m2025-08-30T09:56:07.548519Z[0m [32m INFO[0m [2mrabbitmesh::service[0m[2m:[0m 🏁 Starting microservice: auth-service
2025-08-30 16:56:07 +07:00: [2m2025-08-30T09:56:07.561794Z[0m [32m INFO[0m [2mrabbitmesh::connection[0m[2m:[0m Successfully connected to RabbitMQ at amqp://guest:guest@localhost:5672/%2f
2025-08-30 16:56:07 +07:00: [2m2025-08-30T09:56:07.561808Z[0m [32m INFO[0m [2mrabbitmesh::service[0m[2m:[0m ✅ Connected to RabbitMQ
2025-08-30 16:56:07 +07:00: [2m2025-08-30T09:56:07.571513Z[0m [32m INFO[0m [2mrabbitmesh::service[0m[2m:[0m ✅ Declared queues: rabbitmesh.auth-service, rabbitmesh.auth-service.responses
2025-08-30 16:56:07 +07:00: [2m2025-08-30T09:56:07.574621Z[0m [32m INFO[0m [2mrabbitmesh::service[0m[2m:[0m ✅ Request processor spawned for queue: rabbitmesh.auth-service
2025-08-30 16:56:07 +07:00: [2m2025-08-30T09:56:07.574630Z[0m [32m INFO[0m [2mrabbitmesh::service[0m[2m:[0m 📥 Request processor started for auth-service
2025-08-30 16:56:07 +07:00: [2m2025-08-30T09:56:07.581174Z[0m [32m INFO[0m [2mrabbitmesh::service[0m[2m:[0m ✅ Response processor spawned for queue: rabbitmesh.auth-service.responses
2025-08-30 16:56:07 +07:00: [2m2025-08-30T09:56:07.581184Z[0m [32m INFO[0m [2mrabbitmesh::service[0m[2m:[0m 🎯 Microservice auth-service is running and ready to process messages
2025-08-30 16:56:07 +07:00: [2m2025-08-30T09:56:07.581186Z[0m [32m INFO[0m [2mrabbitmesh::service[0m[2m:[0m 📊 Max concurrent messages: 100
2025-08-30 16:56:07 +07:00: [2m2025-08-30T09:56:07.581188Z[0m [32m INFO[0m [2mrabbitmesh::service[0m[2m:[0m 📤 Response processor started for auth-service
2025-08-30 16:56:07 +07:00: [2m2025-08-30T09:56:07.581194Z[0m [32m INFO[0m [2mrabbitmesh::service[0m[2m:[0m 🧹 Cleanup task started for auth-service
2025-08-30 16:56:07 +07:00: [2m2025-08-30T09:56:07.581201Z[0m [32m INFO[0m [2mrabbitmesh::service[0m[2m:[0m 💓 Health check task started for auth-service
2025-08-30 16:59:49 +07:00: [2m2025-08-30T09:59:49.217986Z[0m [32m INFO[0m [2mauth_service[0m[2m:[0m Starting Auth Service...
2025-08-30 16:59:49 +07:00: [2m2025-08-30T09:59:49.218306Z[0m [32m INFO[0m [2mauth_service[0m[2m:[0m Configuration loaded
2025-08-30 16:59:49 +07:00: [2m2025-08-30T09:59:49.218309Z[0m [32m INFO[0m [2mrabbitmesh::client[0m[2m:[0m 🔗 Creating service client: auth-service
2025-08-30 16:59:49 +07:00: [2m2025-08-30T09:59:49.229215Z[0m [32m INFO[0m [2mrabbitmesh::connection[0m[2m:[0m Successfully connected to RabbitMQ at amqp://guest:guest@localhost:5672/%2f
2025-08-30 16:59:49 +07:00: [2m2025-08-30T09:59:49.229226Z[0m [32m INFO[0m [2mrabbitmesh::client[0m[2m:[0m ✅ Service client connected: auth-service
2025-08-30 16:59:49 +07:00: [2m2025-08-30T09:59:49.233103Z[0m [32m INFO[0m [2mrabbitmesh::client[0m[2m:[0m ✅ Service client ready: auth-service
2025-08-30 16:59:49 +07:00: [2m2025-08-30T09:59:49.233111Z[0m [32m INFO[0m [2mauth_service[0m[2m:[0m Connected to RabbitMQ for service communication
2025-08-30 16:59:49 +07:00: [2m2025-08-30T09:59:49.233113Z[0m [32m INFO[0m [2mauth_service[0m[2m:[0m Auth service initialized
2025-08-30 16:59:49 +07:00: [2m2025-08-30T09:59:49.233115Z[0m [32m INFO[0m [2mrabbitmesh::service[0m[2m:[0m 🚀 Creating microservice: auth-service
2025-08-30 16:59:49 +07:00: [2m2025-08-30T09:59:49.233117Z[0m [32m INFO[0m [2mauth_service[0m[2m:[0m Starting microservice on RabbitMQ: amqp://guest:guest@localhost:5672/%2f
2025-08-30 16:59:49 +07:00: [2m2025-08-30T09:59:49.233119Z[0m [32m INFO[0m [2mrabbitmesh::service[0m[2m:[0m 🏁 Starting microservice: auth-service
2025-08-30 16:59:49 +07:00: [2m2025-08-30T09:59:49.238219Z[0m [32m INFO[0m [2mrabbitmesh::connection[0m[2m:[0m Successfully connected to RabbitMQ at amqp://guest:guest@localhost:5672/%2f
2025-08-30 16:59:49 +07:00: [2m2025-08-30T09:59:49.238265Z[0m [32m INFO[0m [2mrabbitmesh::service[0m[2m:[0m ✅ Connected to RabbitMQ
2025-08-30 16:59:49 +07:00: [2m2025-08-30T09:59:49.240804Z[0m [32m INFO[0m [2mrabbitmesh::service[0m[2m:[0m ✅ Declared queues: rabbitmesh.auth-service, rabbitmesh.auth-service.responses
2025-08-30 16:59:49 +07:00: [2m2025-08-30T09:59:49.241322Z[0m [32m INFO[0m [2mrabbitmesh::service[0m[2m:[0m ✅ Request processor spawned for queue: rabbitmesh.auth-service
2025-08-30 16:59:49 +07:00: [2m2025-08-30T09:59:49.241347Z[0m [32m INFO[0m [2mrabbitmesh::service[0m[2m:[0m 📥 Request processor started for auth-service
2025-08-30 16:59:49 +07:00: [2m2025-08-30T09:59:49.243083Z[0m [32m INFO[0m [2mrabbitmesh::service[0m[2m:[0m ✅ Response processor spawned for queue: rabbitmesh.auth-service.responses
2025-08-30 16:59:49 +07:00: [2m2025-08-30T09:59:49.243086Z[0m [32m INFO[0m [2mrabbitmesh::service[0m[2m:[0m 📤 Response processor started for auth-service
2025-08-30 16:59:49 +07:00: [2m2025-08-30T09:59:49.243091Z[0m [32m INFO[0m [2mrabbitmesh::service[0m[2m:[0m 🎯 Microservice auth-service is running and ready to process messages
2025-08-30 16:59:49 +07:00: [2m2025-08-30T09:59:49.243095Z[0m [32m INFO[0m [2mrabbitmesh::service[0m[2m:[0m 📊 Max concurrent messages: 100
2025-08-30 16:59:49 +07:00: [2m2025-08-30T09:59:49.243095Z[0m [32m INFO[0m [2mrabbitmesh::service[0m[2m:[0m 💓 Health check task started for auth-service
2025-08-30 16:59:49 +07:00: [2m2025-08-30T09:59:49.243091Z[0m [32m INFO[0m [2mrabbitmesh::service[0m[2m:[0m 🧹 Cleanup task started for auth-service
2025-08-30 17:00:48 +07:00: [2m2025-08-30T10:00:48.591890Z[0m [32m INFO[0m [2mauth_service[0m[2m:[0m Starting Auth Service...
2025-08-30 17:00:48 +07:00: [2m2025-08-30T10:00:48.592197Z[0m [32m INFO[0m [2mauth_service[0m[2m:[0m Configuration loaded
2025-08-30 17:00:48 +07:00: [2m2025-08-30T10:00:48.592200Z[0m [32m INFO[0m [2mrabbitmesh::client[0m[2m:[0m 🔗 Creating service client: auth-service
2025-08-30 17:00:48 +07:00: [2m2025-08-30T10:00:48.603923Z[0m [32m INFO[0m [2mrabbitmesh::connection[0m[2m:[0m Successfully connected to RabbitMQ at amqp://guest:guest@localhost:5672/%2f
2025-08-30 17:00:48 +07:00: [2m2025-08-30T10:00:48.603937Z[0m [32m INFO[0m [2mrabbitmesh::client[0m[2m:[0m ✅ Service client connected: auth-service
2025-08-30 17:00:48 +07:00: [2m2025-08-30T10:00:48.608178Z[0m [32m INFO[0m [2mrabbitmesh::client[0m[2m:[0m ✅ Service client ready: auth-service
2025-08-30 17:00:48 +07:00: [2m2025-08-30T10:00:48.608183Z[0m [32m INFO[0m [2mauth_service[0m[2m:[0m Connected to RabbitMQ for service communication
2025-08-30 17:00:48 +07:00: [2m2025-08-30T10:00:48.608185Z[0m [32m INFO[0m [2mauth_service[0m[2m:[0m Auth service initialized
2025-08-30 17:00:48 +07:00: [2m2025-08-30T10:00:48.608187Z[0m [32m INFO[0m [2mrabbitmesh::service[0m[2m:[0m 🚀 Creating microservice: auth-service
2025-08-30 17:00:48 +07:00: [2m2025-08-30T10:00:48.608189Z[0m [32m INFO[0m [2mauth_service[0m[2m:[0m Starting microservice on RabbitMQ: amqp://guest:guest@localhost:5672/%2f
2025-08-30 17:00:48 +07:00: [2m2025-08-30T10:00:48.608190Z[0m [32m INFO[0m [2mrabbitmesh::service[0m[2m:[0m 🏁 Starting microservice: auth-service
2025-08-30 17:00:48 +07:00: [2m2025-08-30T10:00:48.612322Z[0m [32m INFO[0m [2mrabbitmesh::connection[0m[2m:[0m Successfully connected to RabbitMQ at amqp://guest:guest@localhost:5672/%2f
2025-08-30 17:00:48 +07:00: [2m2025-08-30T10:00:48.612329Z[0m [32m INFO[0m [2mrabbitmesh::service[0m[2m:[0m ✅ Connected to RabbitMQ
2025-08-30 17:00:48 +07:00: [2m2025-08-30T10:00:48.614603Z[0m [32m INFO[0m [2mrabbitmesh::service[0m[2m:[0m ✅ Declared queues: rabbitmesh.auth-service, rabbitmesh.auth-service.responses
2025-08-30 17:00:48 +07:00: [2m2025-08-30T10:00:48.616267Z[0m [32m INFO[0m [2mrabbitmesh::service[0m[2m:[0m ✅ Request processor spawned for queue: rabbitmesh.auth-service
2025-08-30 17:00:48 +07:00: [2m2025-08-30T10:00:48.616276Z[0m [32m INFO[0m [2mrabbitmesh::service[0m[2m:[0m 📥 Request processor started for auth-service
2025-08-30 17:00:48 +07:00: [2m2025-08-30T10:00:48.617805Z[0m [32m INFO[0m [2mrabbitmesh::service[0m[2m:[0m ✅ Response processor spawned for queue: rabbitmesh.auth-service.responses
2025-08-30 17:00:48 +07:00: [2m2025-08-30T10:00:48.617810Z[0m [32m INFO[0m [2mrabbitmesh::service[0m[2m:[0m 🎯 Microservice auth-service is running and ready to process messages
2025-08-30 17:00:48 +07:00: [2m2025-08-30T10:00:48.617811Z[0m [32m INFO[0m [2mrabbitmesh::service[0m[2m:[0m 📊 Max concurrent messages: 100
2025-08-30 17:00:48 +07:00: [2m2025-08-30T10:00:48.617810Z[0m [32m INFO[0m [2mrabbitmesh::service[0m[2m:[0m 📤 Response processor started for auth-service
2025-08-30 17:00:48 +07:00: [2m2025-08-30T10:00:48.617815Z[0m [32m INFO[0m [2mrabbitmesh::service[0m[2m:[0m 🧹 Cleanup task started for auth-service
2025-08-30 17:00:48 +07:00: [2m2025-08-30T10:00:48.617819Z[0m [32m INFO[0m [2mrabbitmesh::service[0m[2m:[0m 💓 Health check task started for auth-service
2025-08-30 17:01:12 +07:00: [2m2025-08-30T10:01:12.758204Z[0m [32m INFO[0m [2mauth_service[0m[2m:[0m Starting Auth Service...
2025-08-30 17:01:12 +07:00: [2m2025-08-30T10:01:12.762264Z[0m [32m INFO[0m [2mauth_service[0m[2m:[0m Configuration loaded
2025-08-30 17:01:12 +07:00: [2m2025-08-30T10:01:12.762273Z[0m [32m INFO[0m [2mrabbitmesh::client[0m[2m:[0m 🔗 Creating service client: auth-service
2025-08-30 17:01:12 +07:00: [2m2025-08-30T10:01:12.787481Z[0m [32m INFO[0m [2mrabbitmesh::connection[0m[2m:[0m Successfully connected to RabbitMQ at amqp://guest:guest@localhost:5672/%2f
2025-08-30 17:01:12 +07:00: [2m2025-08-30T10:01:12.787492Z[0m [32m INFO[0m [2mrabbitmesh::client[0m[2m:[0m ✅ Service client connected: auth-service
2025-08-30 17:01:12 +07:00: [2m2025-08-30T10:01:12.798392Z[0m [32m INFO[0m [2mrabbitmesh::client[0m[2m:[0m ✅ Service client ready: auth-service
2025-08-30 17:01:12 +07:00: [2m2025-08-30T10:01:12.798403Z[0m [32m INFO[0m [2mauth_service[0m[2m:[0m Connected to RabbitMQ for service communication
2025-08-30 17:01:12 +07:00: [2m2025-08-30T10:01:12.798406Z[0m [32m INFO[0m [2mauth_service[0m[2m:[0m Auth service initialized
2025-08-30 17:01:12 +07:00: [2m2025-08-30T10:01:12.798409Z[0m [32m INFO[0m [2mrabbitmesh::service[0m[2m:[0m 🚀 Creating microservice: auth-service
2025-08-30 17:01:12 +07:00: [2m2025-08-30T10:01:12.798411Z[0m [32m INFO[0m [2mauth_service[0m[2m:[0m Starting microservice on RabbitMQ: amqp://guest:guest@localhost:5672/%2f
2025-08-30 17:01:12 +07:00: [2m2025-08-30T10:01:12.798412Z[0m [32m INFO[0m [2mrabbitmesh::service[0m[2m:[0m 🏁 Starting microservice: auth-service
2025-08-30 17:01:12 +07:00: [2m2025-08-30T10:01:12.812563Z[0m [32m INFO[0m [2mrabbitmesh::connection[0m[2m:[0m Successfully connected to RabbitMQ at amqp://guest:guest@localhost:5672/%2f
2025-08-30 17:01:12 +07:00: [2m2025-08-30T10:01:12.812578Z[0m [32m INFO[0m [2mrabbitmesh::service[0m[2m:[0m ✅ Connected to RabbitMQ
2025-08-30 17:01:12 +07:00: [2m2025-08-30T10:01:12.823520Z[0m [32m INFO[0m [2mrabbitmesh::service[0m[2m:[0m ✅ Declared queues: rabbitmesh.auth-service, rabbitmesh.auth-service.responses
2025-08-30 17:01:12 +07:00: [2m2025-08-30T10:01:12.824372Z[0m [32m INFO[0m [2mrabbitmesh::service[0m[2m:[0m ✅ Request processor spawned for queue: rabbitmesh.auth-service
2025-08-30 17:01:12 +07:00: [2m2025-08-30T10:01:12.824393Z[0m [32m INFO[0m [2mrabbitmesh::service[0m[2m:[0m 📥 Request processor started for auth-service
2025-08-30 17:01:12 +07:00: [2m2025-08-30T10:01:12.827293Z[0m [32m INFO[0m [2mrabbitmesh::service[0m[2m:[0m ✅ Response processor spawned for queue: rabbitmesh.auth-service.responses
2025-08-30 17:01:12 +07:00: [2m2025-08-30T10:01:12.827311Z[0m [32m INFO[0m [2mrabbitmesh::service[0m[2m:[0m 🎯 Microservice auth-service is running and ready to process messages
2025-08-30 17:01:12 +07:00: [2m2025-08-30T10:01:12.827316Z[0m [32m INFO[0m [2mrabbitmesh::service[0m[2m:[0m 📊 Max concurrent messages: 100
2025-08-30 17:01:12 +07:00: [2m2025-08-30T10:01:12.827403Z[0m [32m INFO[0m [2mrabbitmesh::service[0m[2m:[0m 📤 Response processor started for auth-service
2025-08-30 17:01:12 +07:00: [2m2025-08-30T10:01:12.827411Z[0m [32m INFO[0m [2mrabbitmesh::service[0m[2m:[0m 🧹 Cleanup task started for auth-service
2025-08-30 17:01:12 +07:00: [2m2025-08-30T10:01:12.827420Z[0m [32m INFO[0m [2mrabbitmesh::service[0m[2m:[0m 💓 Health check task started for auth-service
2025-08-30 17:02:16 +07:00: [2m2025-08-30T10:02:16.490713Z[0m [32m INFO[0m [2mauth_service[0m[2m:[0m Starting Auth Service...
2025-08-30 17:02:16 +07:00: [2m2025-08-30T10:02:16.490864Z[0m [32m INFO[0m [2mauth_service[0m[2m:[0m Configuration loaded
2025-08-30 17:02:16 +07:00: [2m2025-08-30T10:02:16.490867Z[0m [32m INFO[0m [2mrabbitmesh::client[0m[2m:[0m 🔗 Creating service client: auth-service
2025-08-30 17:02:16 +07:00: [2m2025-08-30T10:02:16.499739Z[0m [32m INFO[0m [2mrabbitmesh::connection[0m[2m:[0m Successfully connected to RabbitMQ at amqp://guest:guest@localhost:5672/%2f
2025-08-30 17:02:16 +07:00: [2m2025-08-30T10:02:16.499763Z[0m [32m INFO[0m [2mrabbitmesh::client[0m[2m:[0m ✅ Service client connected: auth-service
2025-08-30 17:02:16 +07:00: [2m2025-08-30T10:02:16.505957Z[0m [32m INFO[0m [2mrabbitmesh::client[0m[2m:[0m ✅ Service client ready: auth-service
2025-08-30 17:02:16 +07:00: [2m2025-08-30T10:02:16.505964Z[0m [32m INFO[0m [2mauth_service[0m[2m:[0m Connected to RabbitMQ for service communication
2025-08-30 17:02:16 +07:00: [2m2025-08-30T10:02:16.505967Z[0m [32m INFO[0m [2mauth_service[0m[2m:[0m Auth service initialized
2025-08-30 17:02:16 +07:00: [2m2025-08-30T10:02:16.505969Z[0m [32m INFO[0m [2mrabbitmesh::service[0m[2m:[0m 🚀 Creating microservice: auth-service
2025-08-30 17:02:16 +07:00: [2m2025-08-30T10:02:16.505971Z[0m [32m INFO[0m [2mauth_service[0m[2m:[0m Starting microservice on RabbitMQ: amqp://guest:guest@localhost:5672/%2f
2025-08-30 17:02:16 +07:00: [2m2025-08-30T10:02:16.505972Z[0m [32m INFO[0m [2mrabbitmesh::service[0m[2m:[0m 🏁 Starting microservice: auth-service
2025-08-30 17:02:16 +07:00: [2m2025-08-30T10:02:16.510705Z[0m [32m INFO[0m [2mrabbitmesh::connection[0m[2m:[0m Successfully connected to RabbitMQ at amqp://guest:guest@localhost:5672/%2f
2025-08-30 17:02:16 +07:00: [2m2025-08-30T10:02:16.510732Z[0m [32m INFO[0m [2mrabbitmesh::service[0m[2m:[0m ✅ Connected to RabbitMQ
2025-08-30 17:02:16 +07:00: [2m2025-08-30T10:02:16.514196Z[0m [32m INFO[0m [2mrabbitmesh::service[0m[2m:[0m ✅ Declared queues: rabbitmesh.auth-service, rabbitmesh.auth-service.responses
2025-08-30 17:02:16 +07:00: [2m2025-08-30T10:02:16.514654Z[0m [32m INFO[0m [2mrabbitmesh::service[0m[2m:[0m ✅ Request processor spawned for queue: rabbitmesh.auth-service
2025-08-30 17:02:16 +07:00: [2m2025-08-30T10:02:16.514663Z[0m [32m INFO[0m [2mrabbitmesh::service[0m[2m:[0m 📥 Request processor started for auth-service
2025-08-30 17:02:16 +07:00: [2m2025-08-30T10:02:16.515984Z[0m [32m INFO[0m [2mrabbitmesh::service[0m[2m:[0m ✅ Response processor spawned for queue: rabbitmesh.auth-service.responses
2025-08-30 17:02:16 +07:00: [2m2025-08-30T10:02:16.515990Z[0m [32m INFO[0m [2mrabbitmesh::service[0m[2m:[0m 🎯 Microservice auth-service is running and ready to process messages
2025-08-30 17:02:16 +07:00: [2m2025-08-30T10:02:16.515992Z[0m [32m INFO[0m [2mrabbitmesh::service[0m[2m:[0m 📊 Max concurrent messages: 100
2025-08-30 17:02:16 +07:00: [2m2025-08-30T10:02:16.515994Z[0m [32m INFO[0m [2mrabbitmesh::service[0m[2m:[0m 📤 Response processor started for auth-service
2025-08-30 17:02:16 +07:00: [2m2025-08-30T10:02:16.516001Z[0m [32m INFO[0m [2mrabbitmesh::service[0m[2m:[0m 🧹 Cleanup task started for auth-service
2025-08-30 17:02:16 +07:00: [2m2025-08-30T10:02:16.516004Z[0m [32m INFO[0m [2mrabbitmesh::service[0m[2m:[0m 💓 Health check task started for auth-service
2025-08-30 17:05:26 +07:00: [2m2025-08-30T10:05:26.782373Z[0m [33m WARN[0m [2mrabbitmesh::rpc[0m[2m:[0m No handler found for method: ping
2025-08-30 17:32:42 +07:00: [2m2025-08-30T10:32:42.923264Z[0m [32m INFO[0m [2mauth_service[0m[2m:[0m Starting Auth Service...
2025-08-30 17:32:42 +07:00: [2m2025-08-30T10:32:42.923543Z[0m [32m INFO[0m [2mauth_service[0m[2m:[0m Configuration loaded
2025-08-30 17:32:42 +07:00: [2m2025-08-30T10:32:42.923546Z[0m [32m INFO[0m [2mrabbitmesh::client[0m[2m:[0m 🔗 Creating service client: auth-service
2025-08-30 17:32:42 +07:00: [2m2025-08-30T10:32:42.939070Z[0m [32m INFO[0m [2mrabbitmesh::connection[0m[2m:[0m Successfully connected to RabbitMQ at amqp://guest:guest@localhost:5672/%2f
2025-08-30 17:32:42 +07:00: [2m2025-08-30T10:32:42.939083Z[0m [32m INFO[0m [2mrabbitmesh::client[0m[2m:[0m ✅ Service client connected: auth-service
2025-08-30 17:32:42 +07:00: [2m2025-08-30T10:32:42.944767Z[0m [32m INFO[0m [2mrabbitmesh::client[0m[2m:[0m ✅ Service client ready: auth-service
2025-08-30 17:32:42 +07:00: [2m2025-08-30T10:32:42.944772Z[0m [32m INFO[0m [2mauth_service[0m[2m:[0m Connected to RabbitMQ for service communication
2025-08-30 17:32:42 +07:00: [2m2025-08-30T10:32:42.944773Z[0m [32m INFO[0m [2mauth_service[0m[2m:[0m Auth service initialized
2025-08-30 17:32:42 +07:00: [2m2025-08-30T10:32:42.944775Z[0m [32m INFO[0m [2mrabbitmesh::service[0m[2m:[0m 🚀 Creating microservice: auth-service
2025-08-30 17:32:42 +07:00: [2m2025-08-30T10:32:42.944777Z[0m [32m INFO[0m [2mauth_service[0m[2m:[0m Starting microservice on RabbitMQ: amqp://guest:guest@localhost:5672/%2f
2025-08-30 17:32:42 +07:00: [2m2025-08-30T10:32:42.944778Z[0m [32m INFO[0m [2mrabbitmesh::service[0m[2m:[0m 🏁 Starting microservice: auth-service
2025-08-30 17:32:42 +07:00: [2m2025-08-30T10:32:42.948850Z[0m [32m INFO[0m [2mrabbitmesh::connection[0m[2m:[0m Successfully connected to RabbitMQ at amqp://guest:guest@localhost:5672/%2f
2025-08-30 17:32:42 +07:00: [2m2025-08-30T10:32:42.948856Z[0m [32m INFO[0m [2mrabbitmesh::service[0m[2m:[0m ✅ Connected to RabbitMQ
2025-08-30 17:32:42 +07:00: [2m2025-08-30T10:32:42.952347Z[0m [32m INFO[0m [2mrabbitmesh::service[0m[2m:[0m ✅ Declared queues: rabbitmesh.auth-service, rabbitmesh.auth-service.responses
2025-08-30 17:32:42 +07:00: [2m2025-08-30T10:32:42.952766Z[0m [32m INFO[0m [2mrabbitmesh::service[0m[2m:[0m ✅ Request processor spawned for queue: rabbitmesh.auth-service
2025-08-30 17:32:42 +07:00: [2m2025-08-30T10:32:42.952786Z[0m [32m INFO[0m [2mrabbitmesh::service[0m[2m:[0m 📥 Request processor started for auth-service
2025-08-30 17:32:42 +07:00: [2m2025-08-30T10:32:42.953991Z[0m [32m INFO[0m [2mrabbitmesh::service[0m[2m:[0m ✅ Response processor spawned for queue: rabbitmesh.auth-service.responses
2025-08-30 17:32:42 +07:00: [2m2025-08-30T10:32:42.953996Z[0m [32m INFO[0m [2mrabbitmesh::service[0m[2m:[0m 📤 Response processor started for auth-service
2025-08-30 17:32:42 +07:00: [2m2025-08-30T10:32:42.954003Z[0m [32m INFO[0m [2mrabbitmesh::service[0m[2m:[0m 💓 Health check task started for auth-service
2025-08-30 17:32:42 +07:00: [2m2025-08-30T10:32:42.954004Z[0m [32m INFO[0m [2mrabbitmesh::service[0m[2m:[0m 🧹 Cleanup task started for auth-service
2025-08-30 17:32:42 +07:00: [2m2025-08-30T10:32:42.953997Z[0m [32m INFO[0m [2mrabbitmesh::service[0m[2m:[0m 🎯 Microservice auth-service is running and ready to process messages
2025-08-30 17:32:42 +07:00: [2m2025-08-30T10:32:42.954014Z[0m [32m INFO[0m [2mrabbitmesh::service[0m[2m:[0m 📊 Max concurrent messages: 100
2025-08-30 17:32:55 +07:00: [2m2025-08-30T10:32:55.826905Z[0m [33m WARN[0m [2mrabbitmesh::rpc[0m[2m:[0m No handler found for method: ping
2025-08-30 17:38:28 +07:00: [2m2025-08-30T10:38:28.539732Z[0m [32m INFO[0m [2mauth_service[0m[2m:[0m Starting Auth Service...
2025-08-30 17:38:28 +07:00: [2m2025-08-30T10:38:28.540056Z[0m [32m INFO[0m [2mauth_service[0m[2m:[0m Configuration loaded
2025-08-30 17:38:28 +07:00: [2m2025-08-30T10:38:28.540060Z[0m [32m INFO[0m [2mrabbitmesh::client[0m[2m:[0m 🔗 Creating service client: auth-service
2025-08-30 17:38:28 +07:00: [2m2025-08-30T10:38:28.551603Z[0m [32m INFO[0m [2mrabbitmesh::connection[0m[2m:[0m Successfully connected to RabbitMQ at amqp://guest:guest@localhost:5672/%2f
2025-08-30 17:38:28 +07:00: [2m2025-08-30T10:38:28.551619Z[0m [32m INFO[0m [2mrabbitmesh::client[0m[2m:[0m ✅ Service client connected: auth-service
2025-08-30 17:38:28 +07:00: [2m2025-08-30T10:38:28.555745Z[0m [32m INFO[0m [2mrabbitmesh::client[0m[2m:[0m ✅ Service client ready: auth-service
2025-08-30 17:38:28 +07:00: [2m2025-08-30T10:38:28.555752Z[0m [32m INFO[0m [2mauth_service[0m[2m:[0m Connected to RabbitMQ for service communication
2025-08-30 17:38:28 +07:00: [2m2025-08-30T10:38:28.555754Z[0m [32m INFO[0m [2mauth_service[0m[2m:[0m Auth service initialized
2025-08-30 17:38:28 +07:00: [2m2025-08-30T10:38:28.555756Z[0m [32m INFO[0m [2mrabbitmesh::service[0m[2m:[0m 🚀 Creating microservice: auth-service
2025-08-30 17:38:28 +07:00: [2m2025-08-30T10:38:28.555758Z[0m [32m INFO[0m [2mauth_service[0m[2m:[0m Starting microservice on RabbitMQ: amqp://guest:guest@localhost:5672/%2f
2025-08-30 17:38:28 +07:00: [2m2025-08-30T10:38:28.555759Z[0m [32m INFO[0m [2mrabbitmesh::service[0m[2m:[0m 🏁 Starting microservice: auth-service
2025-08-30 17:38:28 +07:00: [2m2025-08-30T10:38:28.560829Z[0m [32m INFO[0m [2mrabbitmesh::connection[0m[2m:[0m Successfully connected to RabbitMQ at amqp://guest:guest@localhost:5672/%2f
2025-08-30 17:38:28 +07:00: [2m2025-08-30T10:38:28.560842Z[0m [32m INFO[0m [2mrabbitmesh::service[0m[2m:[0m ✅ Connected to RabbitMQ
2025-08-30 17:38:28 +07:00: [2m2025-08-30T10:38:28.563377Z[0m [32m INFO[0m [2mrabbitmesh::service[0m[2m:[0m ✅ Declared queues: rabbitmesh.auth-service, rabbitmesh.auth-service.responses
2025-08-30 17:38:28 +07:00: [2m2025-08-30T10:38:28.564596Z[0m [32m INFO[0m [2mrabbitmesh::service[0m[2m:[0m ✅ Request processor spawned for queue: rabbitmesh.auth-service
2025-08-30 17:38:28 +07:00: [2m2025-08-30T10:38:28.564616Z[0m [32m INFO[0m [2mrabbitmesh::service[0m[2m:[0m 📥 Request processor started for auth-service
2025-08-30 17:38:28 +07:00: [2m2025-08-30T10:38:28.566481Z[0m [32m INFO[0m [2mrabbitmesh::service[0m[2m:[0m ✅ Response processor spawned for queue: rabbitmesh.auth-service.responses
2025-08-30 17:38:28 +07:00: [2m2025-08-30T10:38:28.566487Z[0m [32m INFO[0m [2mrabbitmesh::service[0m[2m:[0m 🎯 Microservice auth-service is running and ready to process messages
2025-08-30 17:38:28 +07:00: [2m2025-08-30T10:38:28.566488Z[0m [32m INFO[0m [2mrabbitmesh::service[0m[2m:[0m 📤 Response processor started for auth-service
2025-08-30 17:38:28 +07:00: [2m2025-08-30T10:38:28.566494Z[0m [32m INFO[0m [2mrabbitmesh::service[0m[2m:[0m 💓 Health check task started for auth-service
2025-08-30 17:38:28 +07:00: [2m2025-08-30T10:38:28.566496Z[0m [32m INFO[0m [2mrabbitmesh::service[0m[2m:[0m 🧹 Cleanup task started for auth-service
2025-08-30 17:38:28 +07:00: [2m2025-08-30T10:38:28.566489Z[0m [32m INFO[0m [2mrabbitmesh::service[0m[2m:[0m 📊 Max concurrent messages: 100
2025-08-30 17:38:34 +07:00: [2m2025-08-30T10:38:34.906344Z[0m [33m WARN[0m [2mrabbitmesh::rpc[0m[2m:[0m No handler found for method: ping
2025-08-30 17:47:22 +07:00: [2m2025-08-30T10:47:22.089921Z[0m [32m INFO[0m [2mauth_service[0m[2m:[0m Starting Auth Service...
2025-08-30 17:47:22 +07:00: [2m2025-08-30T10:47:22.090243Z[0m [32m INFO[0m [2mauth_service[0m[2m:[0m Configuration loaded
2025-08-30 17:47:22 +07:00: [2m2025-08-30T10:47:22.090246Z[0m [32m INFO[0m [2mrabbitmesh::client[0m[2m:[0m 🔗 Creating service client: auth-service
2025-08-30 17:47:22 +07:00: [2m2025-08-30T10:47:22.100195Z[0m [32m INFO[0m [2mrabbitmesh::connection[0m[2m:[0m Successfully connected to RabbitMQ at amqp://guest:guest@localhost:5672/%2f
2025-08-30 17:47:22 +07:00: [2m2025-08-30T10:47:22.100225Z[0m [32m INFO[0m [2mrabbitmesh::client[0m[2m:[0m ✅ Service client connected: auth-service
2025-08-30 17:47:22 +07:00: [2m2025-08-30T10:47:22.105021Z[0m [32m INFO[0m [2mrabbitmesh::client[0m[2m:[0m ✅ Service client ready: auth-service
2025-08-30 17:47:22 +07:00: [2m2025-08-30T10:47:22.105027Z[0m [32m INFO[0m [2mauth_service[0m[2m:[0m Connected to RabbitMQ for service communication
2025-08-30 17:47:22 +07:00: [2m2025-08-30T10:47:22.105028Z[0m [32m INFO[0m [2mauth_service[0m[2m:[0m Auth service initialized
2025-08-30 17:47:22 +07:00: [2m2025-08-30T10:47:22.105030Z[0m [32m INFO[0m [2mrabbitmesh::service[0m[2m:[0m 🚀 Creating microservice: auth-service
2025-08-30 17:47:22 +07:00: [2m2025-08-30T10:47:22.105032Z[0m [32m INFO[0m [2mauth_service[0m[2m:[0m Starting microservice on RabbitMQ: amqp://guest:guest@localhost:5672/%2f
2025-08-30 17:47:22 +07:00: [2m2025-08-30T10:47:22.105033Z[0m [32m INFO[0m [2mrabbitmesh::service[0m[2m:[0m 🏁 Starting microservice: auth-service
2025-08-30 17:47:22 +07:00: [2m2025-08-30T10:47:22.111084Z[0m [32m INFO[0m [2mrabbitmesh::connection[0m[2m:[0m Successfully connected to RabbitMQ at amqp://guest:guest@localhost:5672/%2f
2025-08-30 17:47:22 +07:00: [2m2025-08-30T10:47:22.111117Z[0m [32m INFO[0m [2mrabbitmesh::service[0m[2m:[0m ✅ Connected to RabbitMQ
2025-08-30 17:47:22 +07:00: [2m2025-08-30T10:47:22.113912Z[0m [32m INFO[0m [2mrabbitmesh::service[0m[2m:[0m ✅ Declared queues: rabbitmesh.auth-service, rabbitmesh.auth-service.responses
2025-08-30 17:47:22 +07:00: [2m2025-08-30T10:47:22.114839Z[0m [32m INFO[0m [2mrabbitmesh::service[0m[2m:[0m ✅ Request processor spawned for queue: rabbitmesh.auth-service
2025-08-30 17:47:22 +07:00: [2m2025-08-30T10:47:22.114865Z[0m [32m INFO[0m [2mrabbitmesh::service[0m[2m:[0m 📥 Request processor started for auth-service
2025-08-30 17:47:22 +07:00: [2m2025-08-30T10:47:22.116173Z[0m [32m INFO[0m [2mrabbitmesh::service[0m[2m:[0m ✅ Response processor spawned for queue: rabbitmesh.auth-service.responses
2025-08-30 17:47:22 +07:00: [2m2025-08-30T10:47:22.116178Z[0m [32m INFO[0m [2mrabbitmesh::service[0m[2m:[0m 🎯 Microservice auth-service is running and ready to process messages
2025-08-30 17:47:22 +07:00: [2m2025-08-30T10:47:22.116182Z[0m [32m INFO[0m [2mrabbitmesh::service[0m[2m:[0m 📊 Max concurrent messages: 100
2025-08-30 17:47:22 +07:00: [2m2025-08-30T10:47:22.116183Z[0m [32m INFO[0m [2mrabbitmesh::service[0m[2m:[0m 🧹 Cleanup task started for auth-service
2025-08-30 17:47:22 +07:00: [2m2025-08-30T10:47:22.116189Z[0m [32m INFO[0m [2mrabbitmesh::service[0m[2m:[0m 💓 Health check task started for auth-service
2025-08-30 17:47:22 +07:00: [2m2025-08-30T10:47:22.116177Z[0m [32m INFO[0m [2mrabbitmesh::service[0m[2m:[0m 📤 Response processor started for auth-service
2025-08-30 17:47:31 +07:00: [2m2025-08-30T10:47:31.379542Z[0m [33m WARN[0m [2mrabbitmesh::rpc[0m[2m:[0m No handler found for method: schema
2025-08-30 17:51:41 +07:00: [2m2025-08-30T10:51:41.771062Z[0m [32m INFO[0m [2mauth_service[0m[2m:[0m Starting Auth Service...
2025-08-30 17:51:41 +07:00: [2m2025-08-30T10:51:41.771359Z[0m [32m INFO[0m [2mauth_service[0m[2m:[0m Configuration loaded
2025-08-30 17:51:41 +07:00: [2m2025-08-30T10:51:41.771362Z[0m [32m INFO[0m [2mrabbitmesh::client[0m[2m:[0m 🔗 Creating service client: auth-service
2025-08-30 17:51:41 +07:00: [2m2025-08-30T10:51:41.784022Z[0m [32m INFO[0m [2mrabbitmesh::connection[0m[2m:[0m Successfully connected to RabbitMQ at amqp://guest:guest@localhost:5672/%2f
2025-08-30 17:51:41 +07:00: [2m2025-08-30T10:51:41.784069Z[0m [32m INFO[0m [2mrabbitmesh::client[0m[2m:[0m ✅ Service client connected: auth-service
2025-08-30 17:51:41 +07:00: [2m2025-08-30T10:51:41.790248Z[0m [32m INFO[0m [2mrabbitmesh::client[0m[2m:[0m ✅ Service client ready: auth-service
2025-08-30 17:51:41 +07:00: [2m2025-08-30T10:51:41.790257Z[0m [32m INFO[0m [2mauth_service[0m[2m:[0m Connected to RabbitMQ for service communication
2025-08-30 17:51:41 +07:00: [2m2025-08-30T10:51:41.790259Z[0m [32m INFO[0m [2mauth_service[0m[2m:[0m Auth service initialized
2025-08-30 17:51:41 +07:00: [2m2025-08-30T10:51:41.790260Z[0m [32m INFO[0m [2mrabbitmesh::service[0m[2m:[0m 🚀 Creating microservice: auth-service
2025-08-30 17:51:41 +07:00: [2m2025-08-30T10:51:41.790262Z[0m [32m INFO[0m [2mauth_service[0m[2m:[0m Starting microservice on RabbitMQ: amqp://guest:guest@localhost:5672/%2f
2025-08-30 17:51:41 +07:00: [2m2025-08-30T10:51:41.790264Z[0m [32m INFO[0m [2mrabbitmesh::service[0m[2m:[0m 🏁 Starting microservice: auth-service
2025-08-30 17:51:41 +07:00: [2m2025-08-30T10:51:41.797987Z[0m [32m INFO[0m [2mrabbitmesh::connection[0m[2m:[0m Successfully connected to RabbitMQ at amqp://guest:guest@localhost:5672/%2f
2025-08-30 17:51:41 +07:00: [2m2025-08-30T10:51:41.798001Z[0m [32m INFO[0m [2mrabbitmesh::service[0m[2m:[0m ✅ Connected to RabbitMQ
2025-08-30 17:51:41 +07:00: [2m2025-08-30T10:51:41.801319Z[0m [32m INFO[0m [2mrabbitmesh::service[0m[2m:[0m ✅ Declared queues: rabbitmesh.auth-service, rabbitmesh.auth-service.responses
2025-08-30 17:51:41 +07:00: [2m2025-08-30T10:51:41.802341Z[0m [32m INFO[0m [2mrabbitmesh::service[0m[2m:[0m ✅ Request processor spawned for queue: rabbitmesh.auth-service
2025-08-30 17:51:41 +07:00: [2m2025-08-30T10:51:41.802374Z[0m [32m INFO[0m [2mrabbitmesh::service[0m[2m:[0m 📥 Request processor started for auth-service
2025-08-30 17:51:41 +07:00: [2m2025-08-30T10:51:41.804366Z[0m [32m INFO[0m [2mrabbitmesh::service[0m[2m:[0m ✅ Response processor spawned for queue: rabbitmesh.auth-service.responses
2025-08-30 17:51:41 +07:00: [2m2025-08-30T10:51:41.804370Z[0m [32m INFO[0m [2mrabbitmesh::service[0m[2m:[0m 📤 Response processor started for auth-service
2025-08-30 17:51:41 +07:00: [2m2025-08-30T10:51:41.804373Z[0m [32m INFO[0m [2mrabbitmesh::service[0m[2m:[0m 🎯 Microservice auth-service is running and ready to process messages
2025-08-30 17:51:41 +07:00: [2m2025-08-30T10:51:41.804376Z[0m [32m INFO[0m [2mrabbitmesh::service[0m[2m:[0m 🧹 Cleanup task started for auth-service
2025-08-30 17:51:41 +07:00: [2m2025-08-30T10:51:41.804378Z[0m [32m INFO[0m [2mrabbitmesh::service[0m[2m:[0m 📊 Max concurrent messages: 100
2025-08-30 17:51:41 +07:00: [2m2025-08-30T10:51:41.804393Z[0m [32m INFO[0m [2mrabbitmesh::service[0m[2m:[0m 💓 Health check task started for auth-service
2025-08-30 17:51:57 +07:00: [2m2025-08-30T10:51:57.851818Z[0m [33m WARN[0m [2mrabbitmesh::rpc[0m[2m:[0m No handler found for method: schema
2025-08-30 17:54:19 +07:00: [2m2025-08-30T10:54:19.594329Z[0m [32m INFO[0m [2mauth_service[0m[2m:[0m Starting Auth Service...
2025-08-30 17:54:19 +07:00: [2m2025-08-30T10:54:19.594650Z[0m [32m INFO[0m [2mauth_service[0m[2m:[0m Configuration loaded
2025-08-30 17:54:19 +07:00: [2m2025-08-30T10:54:19.594654Z[0m [32m INFO[0m [2mrabbitmesh::client[0m[2m:[0m 🔗 Creating service client: auth-service
2025-08-30 17:54:19 +07:00: [2m2025-08-30T10:54:19.604924Z[0m [32m INFO[0m [2mrabbitmesh::connection[0m[2m:[0m Successfully connected to RabbitMQ at amqp://guest:guest@localhost:5672/%2f
2025-08-30 17:54:19 +07:00: [2m2025-08-30T10:54:19.605008Z[0m [32m INFO[0m [2mrabbitmesh::client[0m[2m:[0m ✅ Service client connected: auth-service
2025-08-30 17:54:19 +07:00: [2m2025-08-30T10:54:19.611251Z[0m [32m INFO[0m [2mrabbitmesh::client[0m[2m:[0m ✅ Service client ready: auth-service
2025-08-30 17:54:19 +07:00: [2m2025-08-30T10:54:19.611261Z[0m [32m INFO[0m [2mauth_service[0m[2m:[0m Connected to RabbitMQ for service communication
2025-08-30 17:54:19 +07:00: [2m2025-08-30T10:54:19.611263Z[0m [32m INFO[0m [2mauth_service[0m[2m:[0m Auth service initialized
2025-08-30 17:54:19 +07:00: [2m2025-08-30T10:54:19.611265Z[0m [32m INFO[0m [2mrabbitmesh::service[0m[2m:[0m 🚀 Creating microservice: auth-service
2025-08-30 17:54:19 +07:00: [2m2025-08-30T10:54:19.611267Z[0m [32m INFO[0m [2mauth_service[0m[2m:[0m Starting microservice on RabbitMQ: amqp://guest:guest@localhost:5672/%2f
2025-08-30 17:54:19 +07:00: [2m2025-08-30T10:54:19.611268Z[0m [32m INFO[0m [2mrabbitmesh::service[0m[2m:[0m 🏁 Starting microservice: auth-service
2025-08-30 17:54:19 +07:00: [2m2025-08-30T10:54:19.616009Z[0m [32m INFO[0m [2mrabbitmesh::connection[0m[2m:[0m Successfully connected to RabbitMQ at amqp://guest:guest@localhost:5672/%2f
2025-08-30 17:54:19 +07:00: [2m2025-08-30T10:54:19.616025Z[0m [32m INFO[0m [2mrabbitmesh::service[0m[2m:[0m ✅ Connected to RabbitMQ
2025-08-30 17:54:19 +07:00: [2m2025-08-30T10:54:19.620001Z[0m [32m INFO[0m [2mrabbitmesh::service[0m[2m:[0m ✅ Declared queues: rabbitmesh.auth-service, rabbitmesh.auth-service.responses
2025-08-30 17:54:19 +07:00: [2m2025-08-30T10:54:19.620602Z[0m [32m INFO[0m [2mrabbitmesh::service[0m[2m:[0m ✅ Request processor spawned for queue: rabbitmesh.auth-service
2025-08-30 17:54:19 +07:00: [2m2025-08-30T10:54:19.620700Z[0m [32m INFO[0m [2mrabbitmesh::service[0m[2m:[0m 📥 Request processor started for auth-service
2025-08-30 17:54:19 +07:00: [2m2025-08-30T10:54:19.622654Z[0m [32m INFO[0m [2mrabbitmesh::service[0m[2m:[0m ✅ Response processor spawned for queue: rabbitmesh.auth-service.responses
2025-08-30 17:54:19 +07:00: [2m2025-08-30T10:54:19.622660Z[0m [32m INFO[0m [2mrabbitmesh::service[0m[2m:[0m 🎯 Microservice auth-service is running and ready to process messages
2025-08-30 17:54:19 +07:00: [2m2025-08-30T10:54:19.622662Z[0m [32m INFO[0m [2mrabbitmesh::service[0m[2m:[0m 📊 Max concurrent messages: 100
2025-08-30 17:54:19 +07:00: [2m2025-08-30T10:54:19.622743Z[0m [32m INFO[0m [2mrabbitmesh::service[0m[2m:[0m 📤 Response processor started for auth-service
2025-08-30 17:54:19 +07:00: [2m2025-08-30T10:54:19.622752Z[0m [32m INFO[0m [2mrabbitmesh::service[0m[2m:[0m 🧹 Cleanup task started for auth-service
2025-08-30 17:54:19 +07:00: [2m2025-08-30T10:54:19.622758Z[0m [32m INFO[0m [2mrabbitmesh::service[0m[2m:[0m 💓 Health check task started for auth-service
2025-08-30 17:54:23 +07:00: [2m2025-08-30T10:54:23.921652Z[0m [33m WARN[0m [2mrabbitmesh::rpc[0m[2m:[0m No handler found for method: schema
2025-08-30 18:06:43 +07:00: [2m2025-08-30T11:06:43.548436Z[0m [32m INFO[0m [2mauth_service[0m[2m:[0m Starting Auth Service...
2025-08-30 18:06:43 +07:00: [2m2025-08-30T11:06:43.548719Z[0m [32m INFO[0m [2mauth_service[0m[2m:[0m Configuration loaded
2025-08-30 18:06:43 +07:00: [2m2025-08-30T11:06:43.548722Z[0m [32m INFO[0m [2mrabbitmesh::client[0m[2m:[0m 🔗 Creating service client: auth-service
2025-08-30 18:06:43 +07:00: [2m2025-08-30T11:06:43.560360Z[0m [32m INFO[0m [2mrabbitmesh::connection[0m[2m:[0m Successfully connected to RabbitMQ at amqp://guest:guest@localhost:5672/%2f
2025-08-30 18:06:43 +07:00: [2m2025-08-30T11:06:43.560423Z[0m [32m INFO[0m [2mrabbitmesh::client[0m[2m:[0m ✅ Service client connected: auth-service
2025-08-30 18:06:43 +07:00: [2m2025-08-30T11:06:43.565257Z[0m [32m INFO[0m [2mrabbitmesh::client[0m[2m:[0m ✅ Service client ready: auth-service
2025-08-30 18:06:43 +07:00: [2m2025-08-30T11:06:43.565264Z[0m [32m INFO[0m [2mauth_service[0m[2m:[0m Connected to RabbitMQ for service communication
2025-08-30 18:06:43 +07:00: [2m2025-08-30T11:06:43.565266Z[0m [32m INFO[0m [2mauth_service[0m[2m:[0m Auth service initialized
2025-08-30 18:06:43 +07:00: [2m2025-08-30T11:06:43.565267Z[0m [32m INFO[0m [2mrabbitmesh::service[0m[2m:[0m 🚀 Creating microservice: auth-service
2025-08-30 18:06:43 +07:00: [2m2025-08-30T11:06:43.565269Z[0m [32m INFO[0m [2mauth_service[0m[2m:[0m Starting microservice on RabbitMQ: amqp://guest:guest@localhost:5672/%2f
2025-08-30 18:06:43 +07:00: [2m2025-08-30T11:06:43.565271Z[0m [32m INFO[0m [2mrabbitmesh::service[0m[2m:[0m 🏁 Starting microservice: auth-service
2025-08-30 18:06:43 +07:00: [2m2025-08-30T11:06:43.569467Z[0m [32m INFO[0m [2mrabbitmesh::connection[0m[2m:[0m Successfully connected to RabbitMQ at amqp://guest:guest@localhost:5672/%2f
2025-08-30 18:06:43 +07:00: [2m2025-08-30T11:06:43.569478Z[0m [32m INFO[0m [2mrabbitmesh::service[0m[2m:[0m ✅ Connected to RabbitMQ
2025-08-30 18:06:43 +07:00: [2m2025-08-30T11:06:43.572332Z[0m [32m INFO[0m [2mrabbitmesh::service[0m[2m:[0m ✅ Declared queues: rabbitmesh.auth-service, rabbitmesh.auth-service.responses
2025-08-30 18:06:43 +07:00: [2m2025-08-30T11:06:43.572777Z[0m [32m INFO[0m [2mrabbitmesh::service[0m[2m:[0m ✅ Request processor spawned for queue: rabbitmesh.auth-service
2025-08-30 18:06:43 +07:00: [2m2025-08-30T11:06:43.572796Z[0m [32m INFO[0m [2mrabbitmesh::service[0m[2m:[0m 📥 Request processor started for auth-service
2025-08-30 18:06:43 +07:00: [2m2025-08-30T11:06:43.574206Z[0m [32m INFO[0m [2mrabbitmesh::service[0m[2m:[0m ✅ Response processor spawned for queue: rabbitmesh.auth-service.responses
2025-08-30 18:06:43 +07:00: [2m2025-08-30T11:06:43.574212Z[0m [32m INFO[0m [2mrabbitmesh::service[0m[2m:[0m 🎯 Microservice auth-service is running and ready to process messages
2025-08-30 18:06:43 +07:00: [2m2025-08-30T11:06:43.574211Z[0m [32m INFO[0m [2mrabbitmesh::service[0m[2m:[0m 📤 Response processor started for auth-service
2025-08-30 18:06:43 +07:00: [2m2025-08-30T11:06:43.574217Z[0m [32m INFO[0m [2mrabbitmesh::service[0m[2m:[0m 🧹 Cleanup task started for auth-service
2025-08-30 18:06:43 +07:00: [2m2025-08-30T11:06:43.574220Z[0m [32m INFO[0m [2mrabbitmesh::service[0m[2m:[0m 💓 Health check task started for auth-service
2025-08-30 18:06:43 +07:00: [2m2025-08-30T11:06:43.574214Z[0m [32m INFO[0m [2mrabbitmesh::service[0m[2m:[0m 📊 Max concurrent messages: 100
2025-08-30 18:06:59 +07:00: [2m2025-08-30T11:06:59.540403Z[0m [33m WARN[0m [2mrabbitmesh::rpc[0m[2m:[0m No handler found for method: schema
2025-08-30 18:07:31 +07:00: [2m2025-08-30T11:07:31.661189Z[0m [33m WARN[0m [2mrabbitmesh::rpc[0m[2m:[0m No handler found for method: schema
2025-08-30 18:07:50 +07:00: [2m2025-08-30T11:07:50.514785Z[0m [33m WARN[0m [2mrabbitmesh::rpc[0m[2m:[0m No handler found for method: schema
2025-08-30 18:09:57 +07:00: [2m2025-08-30T11:09:57.271454Z[0m [33m WARN[0m [2mrabbitmesh::rpc[0m[2m:[0m No handler found for method: schema
2025-08-30 18:10:28 +07:00: [2m2025-08-30T11:10:28.261664Z[0m [32m INFO[0m [2mauth_service[0m[2m:[0m Starting Auth Service...
2025-08-30 18:10:28 +07:00: [2m2025-08-30T11:10:28.262023Z[0m [32m INFO[0m [2mauth_service[0m[2m:[0m Configuration loaded
2025-08-30 18:10:28 +07:00: [2m2025-08-30T11:10:28.262037Z[0m [32m INFO[0m [2mrabbitmesh::client[0m[2m:[0m 🔗 Creating service client: auth-service
2025-08-30 18:10:28 +07:00: [2m2025-08-30T11:10:28.272122Z[0m [32m INFO[0m [2mrabbitmesh::connection[0m[2m:[0m Successfully connected to RabbitMQ at amqp://guest:guest@localhost:5672/%2f
2025-08-30 18:10:28 +07:00: [2m2025-08-30T11:10:28.272132Z[0m [32m INFO[0m [2mrabbitmesh::client[0m[2m:[0m ✅ Service client connected: auth-service
2025-08-30 18:10:28 +07:00: [2m2025-08-30T11:10:28.276612Z[0m [32m INFO[0m [2mrabbitmesh::client[0m[2m:[0m ✅ Service client ready: auth-service
2025-08-30 18:10:28 +07:00: [2m2025-08-30T11:10:28.276617Z[0m [32m INFO[0m [2mauth_service[0m[2m:[0m Connected to RabbitMQ for service communication
2025-08-30 18:10:28 +07:00: [2m2025-08-30T11:10:28.276619Z[0m [32m INFO[0m [2mauth_service[0m[2m:[0m Auth service initialized
2025-08-30 18:10:28 +07:00: [2m2025-08-30T11:10:28.276636Z[0m [32m INFO[0m [2mrabbitmesh::service[0m[2m:[0m 🚀 Creating microservice: auth-service
2025-08-30 18:10:28 +07:00: [2m2025-08-30T11:10:28.276693Z[0m [32m INFO[0m [2mauth_service::service[0m[2m:[0m 🌟 Registering service methods with Universal Macro Framework...
2025-08-30 18:10:28 +07:00: [2m2025-08-30T11:10:28.276695Z[0m [32m INFO[0m [2mauth_service::service[0m[2m:[0m 🔐 Authorization: RBAC, ABAC, Hybrid patterns supported
2025-08-30 18:10:28 +07:00: [2m2025-08-30T11:10:28.276696Z[0m [32m INFO[0m [2mauth_service::service[0m[2m:[0m 💾 Database: Universal transactions for SQL/NoSQL/Graph/TimeSeries
2025-08-30 18:10:28 +07:00: [2m2025-08-30T11:10:28.276698Z[0m [32m INFO[0m [2mauth_service::service[0m[2m:[0m ⚡ Caching: Multi-level intelligent caching with domain optimizations
2025-08-30 18:10:28 +07:00: [2m2025-08-30T11:10:28.276699Z[0m [32m INFO[0m [2mauth_service::service[0m[2m:[0m ✅ Validation: Comprehensive input validation + security + compliance
2025-08-30 18:10:28 +07:00: [2m2025-08-30T11:10:28.276700Z[0m [32m INFO[0m [2mauth_service::service[0m[2m:[0m 📊 Observability: Complete metrics, tracing, logging, monitoring
2025-08-30 18:10:28 +07:00: [2m2025-08-30T11:10:28.276701Z[0m [32m INFO[0m [2mauth_service::service[0m[2m:[0m 🎭 Workflows: State machines, sagas, approvals, event sourcing, CQRS
2025-08-30 18:10:28 +07:00: [2m2025-08-30T11:10:28.276703Z[0m [32m INFO[0m [2mrabbitmesh::rpc[0m[2m:[0m Registered RPC handler for method: login
2025-08-30 18:10:28 +07:00: [2m2025-08-30T11:10:28.276705Z[0m [32m INFO[0m [2mauth_service::service[0m[2m:[0m Registered RPC handler for method: login
2025-08-30 18:10:28 +07:00: [2m2025-08-30T11:10:28.276706Z[0m [32m INFO[0m [2mrabbitmesh::rpc[0m[2m:[0m Registered RPC handler for method: validate_token
2025-08-30 18:10:28 +07:00: [2m2025-08-30T11:10:28.276707Z[0m [32m INFO[0m [2mauth_service::service[0m[2m:[0m Registered RPC handler for method: validate_token
2025-08-30 18:10:28 +07:00: [2m2025-08-30T11:10:28.276708Z[0m [32m INFO[0m [2mrabbitmesh::rpc[0m[2m:[0m Registered RPC handler for method: refresh_token
2025-08-30 18:10:28 +07:00: [2m2025-08-30T11:10:28.276710Z[0m [32m INFO[0m [2mauth_service::service[0m[2m:[0m Registered RPC handler for method: refresh_token
2025-08-30 18:10:28 +07:00: [2m2025-08-30T11:10:28.276712Z[0m [32m INFO[0m [2mrabbitmesh::rpc[0m[2m:[0m Registered RPC handler for method: check_permission
2025-08-30 18:10:28 +07:00: [2m2025-08-30T11:10:28.276713Z[0m [32m INFO[0m [2mauth_service::service[0m[2m:[0m Registered RPC handler for method: check_permission
2025-08-30 18:10:28 +07:00: [2m2025-08-30T11:10:28.276715Z[0m [32m INFO[0m [2mrabbitmesh::rpc[0m[2m:[0m Registered RPC handler for method: logout
2025-08-30 18:10:28 +07:00: [2m2025-08-30T11:10:28.276716Z[0m [32m INFO[0m [2mauth_service::service[0m[2m:[0m Registered RPC handler for method: logout
2025-08-30 18:10:28 +07:00: [2m2025-08-30T11:10:28.276717Z[0m [32m INFO[0m [2mrabbitmesh::rpc[0m[2m:[0m Registered RPC handler for method: get_current_user
2025-08-30 18:10:28 +07:00: [2m2025-08-30T11:10:28.276718Z[0m [32m INFO[0m [2mauth_service::service[0m[2m:[0m Registered RPC handler for method: get_current_user
2025-08-30 18:10:28 +07:00: [2m2025-08-30T11:10:28.276719Z[0m [32m INFO[0m [2mrabbitmesh::rpc[0m[2m:[0m Registered RPC handler for method: schema
2025-08-30 18:10:28 +07:00: [2m2025-08-30T11:10:28.276721Z[0m [32m INFO[0m [2mauth_service::service[0m[2m:[0m Auto-generated schema method registered for service: auth-service
2025-08-30 18:10:28 +07:00: [2m2025-08-30T11:10:28.276722Z[0m [32m INFO[0m [2mauth_service::service[0m[2m:[0m ✨ All service methods registered with enterprise-grade features!
2025-08-30 18:10:28 +07:00: [2m2025-08-30T11:10:28.276723Z[0m [32m INFO[0m [2mauth_service[0m[2m:[0m Starting microservice on RabbitMQ: amqp://guest:guest@localhost:5672/%2f
2025-08-30 18:10:28 +07:00: [2m2025-08-30T11:10:28.276724Z[0m [32m INFO[0m [2mrabbitmesh::service[0m[2m:[0m 🏁 Starting microservice: auth-service
2025-08-30 18:10:28 +07:00: [2m2025-08-30T11:10:28.282414Z[0m [32m INFO[0m [2mrabbitmesh::connection[0m[2m:[0m Successfully connected to RabbitMQ at amqp://guest:guest@localhost:5672/%2f
2025-08-30 18:10:28 +07:00: [2m2025-08-30T11:10:28.282479Z[0m [32m INFO[0m [2mrabbitmesh::service[0m[2m:[0m ✅ Connected to RabbitMQ
2025-08-30 18:10:28 +07:00: [2m2025-08-30T11:10:28.287121Z[0m [32m INFO[0m [2mrabbitmesh::service[0m[2m:[0m ✅ Declared queues: rabbitmesh.auth-service, rabbitmesh.auth-service.responses
2025-08-30 18:10:28 +07:00: [2m2025-08-30T11:10:28.287799Z[0m [32m INFO[0m [2mrabbitmesh::service[0m[2m:[0m ✅ Request processor spawned for queue: rabbitmesh.auth-service
2025-08-30 18:10:28 +07:00: [2m2025-08-30T11:10:28.287825Z[0m [32m INFO[0m [2mrabbitmesh::service[0m[2m:[0m 📥 Request processor started for auth-service
2025-08-30 18:10:28 +07:00: [2m2025-08-30T11:10:28.290194Z[0m [32m INFO[0m [2mrabbitmesh::service[0m[2m:[0m ✅ Response processor spawned for queue: rabbitmesh.auth-service.responses
2025-08-30 18:10:28 +07:00: [2m2025-08-30T11:10:28.290203Z[0m [32m INFO[0m [2mrabbitmesh::service[0m[2m:[0m 🎯 Microservice auth-service is running and ready to process messages
2025-08-30 18:10:28 +07:00: [2m2025-08-30T11:10:28.290205Z[0m [32m INFO[0m [2mrabbitmesh::service[0m[2m:[0m 📊 Max concurrent messages: 100
2025-08-30 18:10:28 +07:00: [2m2025-08-30T11:10:28.290255Z[0m [32m INFO[0m [2mrabbitmesh::service[0m[2m:[0m 📤 Response processor started for auth-service
2025-08-30 18:10:28 +07:00: [2m2025-08-30T11:10:28.290263Z[0m [32m INFO[0m [2mrabbitmesh::service[0m[2m:[0m 💓 Health check task started for auth-service
2025-08-30 18:10:28 +07:00: [2m2025-08-30T11:10:28.290270Z[0m [32m INFO[0m [2mrabbitmesh::service[0m[2m:[0m 🧹 Cleanup task started for auth-service
2025-08-30 18:14:15 +07:00: [2m2025-08-30T11:14:15.440646Z[0m [32m INFO[0m [2mauth_service[0m[2m:[0m Starting Auth Service...
2025-08-30 18:14:15 +07:00: [2m2025-08-30T11:14:15.440979Z[0m [32m INFO[0m [2mauth_service[0m[2m:[0m Configuration loaded
2025-08-30 18:14:15 +07:00: [2m2025-08-30T11:14:15.440992Z[0m [32m INFO[0m [2mrabbitmesh::client[0m[2m:[0m 🔗 Creating service client: auth-service
2025-08-30 18:14:15 +07:00: [2m2025-08-30T11:14:15.454368Z[0m [32m INFO[0m [2mrabbitmesh::connection[0m[2m:[0m Successfully connected to RabbitMQ at amqp://guest:guest@localhost:5672/%2f
2025-08-30 18:14:15 +07:00: [2m2025-08-30T11:14:15.454384Z[0m [32m INFO[0m [2mrabbitmesh::client[0m[2m:[0m ✅ Service client connected: auth-service
2025-08-30 18:14:15 +07:00: [2m2025-08-30T11:14:15.458925Z[0m [32m INFO[0m [2mrabbitmesh::client[0m[2m:[0m ✅ Service client ready: auth-service
2025-08-30 18:14:15 +07:00: [2m2025-08-30T11:14:15.458934Z[0m [32m INFO[0m [2mauth_service[0m[2m:[0m Connected to RabbitMQ for service communication
2025-08-30 18:14:15 +07:00: [2m2025-08-30T11:14:15.458935Z[0m [32m INFO[0m [2mauth_service[0m[2m:[0m Auth service initialized
2025-08-30 18:14:15 +07:00: [2m2025-08-30T11:14:15.458957Z[0m [32m INFO[0m [2mrabbitmesh::service[0m[2m:[0m 🚀 Creating microservice: auth-service
2025-08-30 18:14:15 +07:00: [2m2025-08-30T11:14:15.459013Z[0m [32m INFO[0m [2mauth_service::service[0m[2m:[0m 🌟 Registering service methods with Universal Macro Framework...
2025-08-30 18:14:15 +07:00: [2m2025-08-30T11:14:15.459015Z[0m [32m INFO[0m [2mauth_service::service[0m[2m:[0m 🔐 Authorization: RBAC, ABAC, Hybrid patterns supported
2025-08-30 18:14:15 +07:00: [2m2025-08-30T11:14:15.459016Z[0m [32m INFO[0m [2mauth_service::service[0m[2m:[0m 💾 Database: Universal transactions for SQL/NoSQL/Graph/TimeSeries
2025-08-30 18:14:15 +07:00: [2m2025-08-30T11:14:15.459017Z[0m [32m INFO[0m [2mauth_service::service[0m[2m:[0m ⚡ Caching: Multi-level intelligent caching with domain optimizations
2025-08-30 18:14:15 +07:00: [2m2025-08-30T11:14:15.459019Z[0m [32m INFO[0m [2mauth_service::service[0m[2m:[0m ✅ Validation: Comprehensive input validation + security + compliance
2025-08-30 18:14:15 +07:00: [2m2025-08-30T11:14:15.459020Z[0m [32m INFO[0m [2mauth_service::service[0m[2m:[0m 📊 Observability: Complete metrics, tracing, logging, monitoring
2025-08-30 18:14:15 +07:00: [2m2025-08-30T11:14:15.459021Z[0m [32m INFO[0m [2mauth_service::service[0m[2m:[0m 🎭 Workflows: State machines, sagas, approvals, event sourcing, CQRS
2025-08-30 18:14:15 +07:00: [2m2025-08-30T11:14:15.459023Z[0m [32m INFO[0m [2mrabbitmesh::rpc[0m[2m:[0m Registered RPC handler for method: login
2025-08-30 18:14:15 +07:00: [2m2025-08-30T11:14:15.459024Z[0m [32m INFO[0m [2mauth_service::service[0m[2m:[0m Registered RPC handler for method: login
2025-08-30 18:14:15 +07:00: [2m2025-08-30T11:14:15.459025Z[0m [32m INFO[0m [2mrabbitmesh::rpc[0m[2m:[0m Registered RPC handler for method: validate_token
2025-08-30 18:14:15 +07:00: [2m2025-08-30T11:14:15.459026Z[0m [32m INFO[0m [2mauth_service::service[0m[2m:[0m Registered RPC handler for method: validate_token
2025-08-30 18:14:15 +07:00: [2m2025-08-30T11:14:15.459028Z[0m [32m INFO[0m [2mrabbitmesh::rpc[0m[2m:[0m Registered RPC handler for method: refresh_token
2025-08-30 18:14:15 +07:00: [2m2025-08-30T11:14:15.459029Z[0m [32m INFO[0m [2mauth_service::service[0m[2m:[0m Registered RPC handler for method: refresh_token
2025-08-30 18:14:15 +07:00: [2m2025-08-30T11:14:15.459031Z[0m [32m INFO[0m [2mrabbitmesh::rpc[0m[2m:[0m Registered RPC handler for method: check_permission
2025-08-30 18:14:15 +07:00: [2m2025-08-30T11:14:15.459032Z[0m [32m INFO[0m [2mauth_service::service[0m[2m:[0m Registered RPC handler for method: check_permission
2025-08-30 18:14:15 +07:00: [2m2025-08-30T11:14:15.459034Z[0m [32m INFO[0m [2mrabbitmesh::rpc[0m[2m:[0m Registered RPC handler for method: logout
2025-08-30 18:14:15 +07:00: [2m2025-08-30T11:14:15.459035Z[0m [32m INFO[0m [2mauth_service::service[0m[2m:[0m Registered RPC handler for method: logout
2025-08-30 18:14:15 +07:00: [2m2025-08-30T11:14:15.459036Z[0m [32m INFO[0m [2mrabbitmesh::rpc[0m[2m:[0m Registered RPC handler for method: get_current_user
2025-08-30 18:14:15 +07:00: [2m2025-08-30T11:14:15.459037Z[0m [32m INFO[0m [2mauth_service::service[0m[2m:[0m Registered RPC handler for method: get_current_user
2025-08-30 18:14:15 +07:00: [2m2025-08-30T11:14:15.459039Z[0m [32m INFO[0m [2mrabbitmesh::rpc[0m[2m:[0m Registered RPC handler for method: schema
2025-08-30 18:14:15 +07:00: [2m2025-08-30T11:14:15.459040Z[0m [32m INFO[0m [2mauth_service::service[0m[2m:[0m Auto-generated schema method registered for service: auth-service
2025-08-30 18:14:15 +07:00: [2m2025-08-30T11:14:15.459041Z[0m [32m INFO[0m [2mauth_service::service[0m[2m:[0m ✨ All service methods registered with enterprise-grade features!
2025-08-30 18:14:15 +07:00: [2m2025-08-30T11:14:15.459042Z[0m [32m INFO[0m [2mauth_service[0m[2m:[0m Starting microservice on RabbitMQ: amqp://guest:guest@localhost:5672/%2f
2025-08-30 18:14:15 +07:00: [2m2025-08-30T11:14:15.459043Z[0m [32m INFO[0m [2mrabbitmesh::service[0m[2m:[0m 🏁 Starting microservice: auth-service
2025-08-30 18:14:15 +07:00: [2m2025-08-30T11:14:15.463292Z[0m [32m INFO[0m [2mrabbitmesh::connection[0m[2m:[0m Successfully connected to RabbitMQ at amqp://guest:guest@localhost:5672/%2f
2025-08-30 18:14:15 +07:00: [2m2025-08-30T11:14:15.463305Z[0m [32m INFO[0m [2mrabbitmesh::service[0m[2m:[0m ✅ Connected to RabbitMQ
2025-08-30 18:14:15 +07:00: [2m2025-08-30T11:14:15.466256Z[0m [32m INFO[0m [2mrabbitmesh::service[0m[2m:[0m ✅ Declared queues: rabbitmesh.auth-service, rabbitmesh.auth-service.responses
2025-08-30 18:14:15 +07:00: [2m2025-08-30T11:14:15.466728Z[0m [32m INFO[0m [2mrabbitmesh::service[0m[2m:[0m ✅ Request processor spawned for queue: rabbitmesh.auth-service
2025-08-30 18:14:15 +07:00: [2m2025-08-30T11:14:15.466761Z[0m [32m INFO[0m [2mrabbitmesh::service[0m[2m:[0m 📥 Request processor started for auth-service
2025-08-30 18:14:15 +07:00: [2m2025-08-30T11:14:15.469028Z[0m [32m INFO[0m [2mrabbitmesh::service[0m[2m:[0m ✅ Response processor spawned for queue: rabbitmesh.auth-service.responses
2025-08-30 18:14:15 +07:00: [2m2025-08-30T11:14:15.469033Z[0m [32m INFO[0m [2mrabbitmesh::service[0m[2m:[0m 📤 Response processor started for auth-service
2025-08-30 18:14:15 +07:00: [2m2025-08-30T11:14:15.469034Z[0m [32m INFO[0m [2mrabbitmesh::service[0m[2m:[0m 🎯 Microservice auth-service is running and ready to process messages
2025-08-30 18:14:15 +07:00: [2m2025-08-30T11:14:15.469038Z[0m [32m INFO[0m [2mrabbitmesh::service[0m[2m:[0m 📊 Max concurrent messages: 100
2025-08-30 18:14:15 +07:00: [2m2025-08-30T11:14:15.469044Z[0m [32m INFO[0m [2mrabbitmesh::service[0m[2m:[0m 💓 Health check task started for auth-service
2025-08-30 18:14:15 +07:00: [2m2025-08-30T11:14:15.469038Z[0m [32m INFO[0m [2mrabbitmesh::service[0m[2m:[0m 🧹 Cleanup task started for auth-service
2025-08-30 18:14:31 +07:00: [2m2025-08-30T11:14:31.473231Z[0m [33m WARN[0m [2mrabbitmesh::rpc[0m[2m:[0m No handler found for method: ping
2025-08-30 18:16:02 +07:00: [2m2025-08-30T11:16:02.322814Z[0m [32m INFO[0m [2mauth_service[0m[2m:[0m Starting Auth Service...
2025-08-30 18:16:02 +07:00: [2m2025-08-30T11:16:02.322912Z[0m [32m INFO[0m [2mauth_service[0m[2m:[0m Configuration loaded
2025-08-30 18:16:02 +07:00: [2m2025-08-30T11:16:02.322916Z[0m [32m INFO[0m [2mrabbitmesh::client[0m[2m:[0m 🔗 Creating service client: auth-service
2025-08-30 18:16:02 +07:00: [2m2025-08-30T11:16:02.345947Z[0m [32m INFO[0m [2mrabbitmesh::connection[0m[2m:[0m Successfully connected to RabbitMQ at amqp://guest:guest@localhost:5672/%2f
2025-08-30 18:16:02 +07:00: [2m2025-08-30T11:16:02.345982Z[0m [32m INFO[0m [2mrabbitmesh::client[0m[2m:[0m ✅ Service client connected: auth-service
2025-08-30 18:16:02 +07:00: [2m2025-08-30T11:16:02.358780Z[0m [32m INFO[0m [2mrabbitmesh::client[0m[2m:[0m ✅ Service client ready: auth-service
2025-08-30 18:16:02 +07:00: [2m2025-08-30T11:16:02.358793Z[0m [32m INFO[0m [2mauth_service[0m[2m:[0m Connected to RabbitMQ for service communication
2025-08-30 18:16:02 +07:00: [2m2025-08-30T11:16:02.358795Z[0m [32m INFO[0m [2mauth_service[0m[2m:[0m Auth service initialized
2025-08-30 18:16:02 +07:00: [2m2025-08-30T11:16:02.358799Z[0m [32m INFO[0m [2mrabbitmesh::service[0m[2m:[0m 🚀 Creating microservice: auth-service
2025-08-30 18:16:02 +07:00: [2m2025-08-30T11:16:02.358803Z[0m [32m INFO[0m [2mauth_service::service[0m[2m:[0m 🌟 Registering service methods with Universal Macro Framework...
2025-08-30 18:16:02 +07:00: [2m2025-08-30T11:16:02.358804Z[0m [32m INFO[0m [2mauth_service::service[0m[2m:[0m 🔐 Authorization: RBAC, ABAC, Hybrid patterns supported
2025-08-30 18:16:02 +07:00: [2m2025-08-30T11:16:02.358805Z[0m [32m INFO[0m [2mauth_service::service[0m[2m:[0m 💾 Database: Universal transactions for SQL/NoSQL/Graph/TimeSeries
2025-08-30 18:16:02 +07:00: [2m2025-08-30T11:16:02.358807Z[0m [32m INFO[0m [2mauth_service::service[0m[2m:[0m ⚡ Caching: Multi-level intelligent caching with domain optimizations
2025-08-30 18:16:02 +07:00: [2m2025-08-30T11:16:02.358808Z[0m [32m INFO[0m [2mauth_service::service[0m[2m:[0m ✅ Validation: Comprehensive input validation + security + compliance
2025-08-30 18:16:02 +07:00: [2m2025-08-30T11:16:02.358809Z[0m [32m INFO[0m [2mauth_service::service[0m[2m:[0m 📊 Observability: Complete metrics, tracing, logging, monitoring
2025-08-30 18:16:02 +07:00: [2m2025-08-30T11:16:02.358811Z[0m [32m INFO[0m [2mauth_service::service[0m[2m:[0m 🎭 Workflows: State machines, sagas, approvals, event sourcing, CQRS
2025-08-30 18:16:02 +07:00: [2m2025-08-30T11:16:02.358814Z[0m [32m INFO[0m [2mrabbitmesh::rpc[0m[2m:[0m Registered RPC handler for method: login
2025-08-30 18:16:02 +07:00: [2m2025-08-30T11:16:02.358816Z[0m [32m INFO[0m [2mauth_service::service[0m[2m:[0m Registered RPC handler for method: login
2025-08-30 18:16:02 +07:00: [2m2025-08-30T11:16:02.358817Z[0m [32m INFO[0m [2mrabbitmesh::rpc[0m[2m:[0m Registered RPC handler for method: validate_token
2025-08-30 18:16:02 +07:00: [2m2025-08-30T11:16:02.358819Z[0m [32m INFO[0m [2mauth_service::service[0m[2m:[0m Registered RPC handler for method: validate_token
2025-08-30 18:16:02 +07:00: [2m2025-08-30T11:16:02.358820Z[0m [32m INFO[0m [2mrabbitmesh::rpc[0m[2m:[0m Registered RPC handler for method: refresh_token
2025-08-30 18:16:02 +07:00: [2m2025-08-30T11:16:02.358822Z[0m [32m INFO[0m [2mauth_service::service[0m[2m:[0m Registered RPC handler for method: refresh_token
2025-08-30 18:16:02 +07:00: [2m2025-08-30T11:16:02.358824Z[0m [32m INFO[0m [2mrabbitmesh::rpc[0m[2m:[0m Registered RPC handler for method: check_permission
2025-08-30 18:16:02 +07:00: [2m2025-08-30T11:16:02.358825Z[0m [32m INFO[0m [2mauth_service::service[0m[2m:[0m Registered RPC handler for method: check_permission
2025-08-30 18:16:02 +07:00: [2m2025-08-30T11:16:02.358827Z[0m [32m INFO[0m [2mrabbitmesh::rpc[0m[2m:[0m Registered RPC handler for method: logout
2025-08-30 18:16:02 +07:00: [2m2025-08-30T11:16:02.358828Z[0m [32m INFO[0m [2mauth_service::service[0m[2m:[0m Registered RPC handler for method: logout
2025-08-30 18:16:02 +07:00: [2m2025-08-30T11:16:02.358830Z[0m [32m INFO[0m [2mrabbitmesh::rpc[0m[2m:[0m Registered RPC handler for method: get_current_user
2025-08-30 18:16:02 +07:00: [2m2025-08-30T11:16:02.358831Z[0m [32m INFO[0m [2mauth_service::service[0m[2m:[0m Registered RPC handler for method: get_current_user
2025-08-30 18:16:02 +07:00: [2m2025-08-30T11:16:02.358833Z[0m [32m INFO[0m [2mrabbitmesh::rpc[0m[2m:[0m Registered RPC handler for method: schema
2025-08-30 18:16:02 +07:00: [2m2025-08-30T11:16:02.358834Z[0m [32m INFO[0m [2mauth_service::service[0m[2m:[0m Auto-generated schema method registered for service: auth-service
2025-08-30 18:16:02 +07:00: [2m2025-08-30T11:16:02.358835Z[0m [32m INFO[0m [2mauth_service::service[0m[2m:[0m ✨ All service methods registered with enterprise-grade features!
2025-08-30 18:16:02 +07:00: [2m2025-08-30T11:16:02.358837Z[0m [32m INFO[0m [2mauth_service[0m[2m:[0m Starting microservice on RabbitMQ: amqp://guest:guest@localhost:5672/%2f
2025-08-30 18:16:02 +07:00: [2m2025-08-30T11:16:02.358838Z[0m [32m INFO[0m [2mrabbitmesh::service[0m[2m:[0m 🏁 Starting microservice: auth-service
2025-08-30 18:16:02 +07:00: [2m2025-08-30T11:16:02.368640Z[0m [32m INFO[0m [2mrabbitmesh::connection[0m[2m:[0m Successfully connected to RabbitMQ at amqp://guest:guest@localhost:5672/%2f
2025-08-30 18:16:02 +07:00: [2m2025-08-30T11:16:02.368651Z[0m [32m INFO[0m [2mrabbitmesh::service[0m[2m:[0m ✅ Connected to RabbitMQ
2025-08-30 18:16:02 +07:00: [2m2025-08-30T11:16:02.371481Z[0m [32m INFO[0m [2mrabbitmesh::service[0m[2m:[0m ✅ Declared queues: rabbitmesh.auth-service, rabbitmesh.auth-service.responses
2025-08-30 18:16:02 +07:00: [2m2025-08-30T11:16:02.372091Z[0m [32m INFO[0m [2mrabbitmesh::service[0m[2m:[0m ✅ Request processor spawned for queue: rabbitmesh.auth-service
2025-08-30 18:16:02 +07:00: [2m2025-08-30T11:16:02.372101Z[0m [32m INFO[0m [2mrabbitmesh::service[0m[2m:[0m 📥 Request processor started for auth-service
2025-08-30 18:16:02 +07:00: [2m2025-08-30T11:16:02.373808Z[0m [32m INFO[0m [2mrabbitmesh::service[0m[2m:[0m ✅ Response processor spawned for queue: rabbitmesh.auth-service.responses
2025-08-30 18:16:02 +07:00: [2m2025-08-30T11:16:02.373813Z[0m [32m INFO[0m [2mrabbitmesh::service[0m[2m:[0m 📤 Response processor started for auth-service
2025-08-30 18:16:02 +07:00: [2m2025-08-30T11:16:02.373817Z[0m [32m INFO[0m [2mrabbitmesh::service[0m[2m:[0m 🎯 Microservice auth-service is running and ready to process messages
2025-08-30 18:16:02 +07:00: [2m2025-08-30T11:16:02.373819Z[0m [32m INFO[0m [2mrabbitmesh::service[0m[2m:[0m 📊 Max concurrent messages: 100
2025-08-30 18:16:02 +07:00: [2m2025-08-30T11:16:02.373819Z[0m [32m INFO[0m [2mrabbitmesh::service[0m[2m:[0m 🧹 Cleanup task started for auth-service
2025-08-30 18:16:02 +07:00: [2m2025-08-30T11:16:02.373832Z[0m [32m INFO[0m [2mrabbitmesh::service[0m[2m:[0m 💓 Health check task started for auth-service
2025-08-30 18:18:50 +07:00: [2m2025-08-30T11:18:50.875608Z[0m [32m INFO[0m [2mauth_service[0m[2m:[0m Starting Auth Service...
2025-08-30 18:18:50 +07:00: [2m2025-08-30T11:18:50.879313Z[0m [32m INFO[0m [2mauth_service[0m[2m:[0m Configuration loaded
2025-08-30 18:18:50 +07:00: [2m2025-08-30T11:18:50.879329Z[0m [32m INFO[0m [2mrabbitmesh::client[0m[2m:[0m 🔗 Creating service client: auth-service
2025-08-30 18:18:50 +07:00: [2m2025-08-30T11:18:50.942064Z[0m [32m INFO[0m [2mrabbitmesh::connection[0m[2m:[0m Successfully connected to RabbitMQ at amqp://guest:guest@localhost:5672/%2f
2025-08-30 18:18:50 +07:00: [2m2025-08-30T11:18:50.942076Z[0m [32m INFO[0m [2mrabbitmesh::client[0m[2m:[0m ✅ Service client connected: auth-service
2025-08-30 18:18:50 +07:00: [2m2025-08-30T11:18:50.964908Z[0m [32m INFO[0m [2mrabbitmesh::client[0m[2m:[0m ✅ Service client ready: auth-service
2025-08-30 18:18:50 +07:00: [2m2025-08-30T11:18:50.964914Z[0m [32m INFO[0m [2mauth_service[0m[2m:[0m Connected to RabbitMQ for service communication
2025-08-30 18:18:50 +07:00: [2m2025-08-30T11:18:50.964916Z[0m [32m INFO[0m [2mauth_service[0m[2m:[0m Auth service initialized
2025-08-30 18:18:50 +07:00: [2m2025-08-30T11:18:50.964919Z[0m [32m INFO[0m [2mrabbitmesh::service[0m[2m:[0m 🚀 Creating microservice: auth-service
2025-08-30 18:18:50 +07:00: [2m2025-08-30T11:18:50.964922Z[0m [32m INFO[0m [2mauth_service::service[0m[2m:[0m 🌟 Registering service methods with Universal Macro Framework...
2025-08-30 18:18:50 +07:00: [2m2025-08-30T11:18:50.964923Z[0m [32m INFO[0m [2mauth_service::service[0m[2m:[0m 🔐 Authorization: RBAC, ABAC, Hybrid patterns supported
2025-08-30 18:18:50 +07:00: [2m2025-08-30T11:18:50.964924Z[0m [32m INFO[0m [2mauth_service::service[0m[2m:[0m 💾 Database: Universal transactions for SQL/NoSQL/Graph/TimeSeries
2025-08-30 18:18:50 +07:00: [2m2025-08-30T11:18:50.964925Z[0m [32m INFO[0m [2mauth_service::service[0m[2m:[0m ⚡ Caching: Multi-level intelligent caching with domain optimizations
2025-08-30 18:18:50 +07:00: [2m2025-08-30T11:18:50.964927Z[0m [32m INFO[0m [2mauth_service::service[0m[2m:[0m ✅ Validation: Comprehensive input validation + security + compliance
2025-08-30 18:18:50 +07:00: [2m2025-08-30T11:18:50.964928Z[0m [32m INFO[0m [2mauth_service::service[0m[2m:[0m 📊 Observability: Complete metrics, tracing, logging, monitoring
2025-08-30 18:18:50 +07:00: [2m2025-08-30T11:18:50.964929Z[0m [32m INFO[0m [2mauth_service::service[0m[2m:[0m 🎭 Workflows: State machines, sagas, approvals, event sourcing, CQRS
2025-08-30 18:18:50 +07:00: [2m2025-08-30T11:18:50.964930Z[0m [32m INFO[0m [2mrabbitmesh::rpc[0m[2m:[0m Registered RPC handler for method: login
2025-08-30 18:18:50 +07:00: [2m2025-08-30T11:18:50.964932Z[0m [32m INFO[0m [2mauth_service::service[0m[2m:[0m Registered RPC handler for method: login
2025-08-30 18:18:50 +07:00: [2m2025-08-30T11:18:50.964933Z[0m [32m INFO[0m [2mrabbitmesh::rpc[0m[2m:[0m Registered RPC handler for method: validate_token
2025-08-30 18:18:50 +07:00: [2m2025-08-30T11:18:50.964934Z[0m [32m INFO[0m [2mauth_service::service[0m[2m:[0m Registered RPC handler for method: validate_token
2025-08-30 18:18:50 +07:00: [2m2025-08-30T11:18:50.964935Z[0m [32m INFO[0m [2mrabbitmesh::rpc[0m[2m:[0m Registered RPC handler for method: refresh_token
2025-08-30 18:18:50 +07:00: [2m2025-08-30T11:18:50.964937Z[0m [32m INFO[0m [2mauth_service::service[0m[2m:[0m Registered RPC handler for method: refresh_token
2025-08-30 18:18:50 +07:00: [2m2025-08-30T11:18:50.964938Z[0m [32m INFO[0m [2mrabbitmesh::rpc[0m[2m:[0m Registered RPC handler for method: check_permission
2025-08-30 18:18:50 +07:00: [2m2025-08-30T11:18:50.964940Z[0m [32m INFO[0m [2mauth_service::service[0m[2m:[0m Registered RPC handler for method: check_permission
2025-08-30 18:18:50 +07:00: [2m2025-08-30T11:18:50.964941Z[0m [32m INFO[0m [2mrabbitmesh::rpc[0m[2m:[0m Registered RPC handler for method: logout
2025-08-30 18:18:50 +07:00: [2m2025-08-30T11:18:50.964942Z[0m [32m INFO[0m [2mauth_service::service[0m[2m:[0m Registered RPC handler for method: logout
2025-08-30 18:18:50 +07:00: [2m2025-08-30T11:18:50.964943Z[0m [32m INFO[0m [2mrabbitmesh::rpc[0m[2m:[0m Registered RPC handler for method: get_current_user
2025-08-30 18:18:50 +07:00: [2m2025-08-30T11:18:50.964945Z[0m [32m INFO[0m [2mauth_service::service[0m[2m:[0m Registered RPC handler for method: get_current_user
2025-08-30 18:18:50 +07:00: [2m2025-08-30T11:18:50.964946Z[0m [32m INFO[0m [2mrabbitmesh::rpc[0m[2m:[0m Registered RPC handler for method: schema
2025-08-30 18:18:50 +07:00: [2m2025-08-30T11:18:50.964947Z[0m [32m INFO[0m [2mauth_service::service[0m[2m:[0m Auto-generated schema method registered for service: auth-service
2025-08-30 18:18:50 +07:00: [2m2025-08-30T11:18:50.964948Z[0m [32m INFO[0m [2mauth_service::service[0m[2m:[0m ✨ All service methods registered with enterprise-grade features!
2025-08-30 18:18:50 +07:00: [2m2025-08-30T11:18:50.964949Z[0m [32m INFO[0m [2mauth_service[0m[2m:[0m Starting microservice on RabbitMQ: amqp://guest:guest@localhost:5672/%2f
2025-08-30 18:18:50 +07:00: [2m2025-08-30T11:18:50.964950Z[0m [32m INFO[0m [2mrabbitmesh::service[0m[2m:[0m 🏁 Starting microservice: auth-service
2025-08-30 18:18:50 +07:00: [2m2025-08-30T11:18:50.975199Z[0m [32m INFO[0m [2mrabbitmesh::connection[0m[2m:[0m Successfully connected to RabbitMQ at amqp://guest:guest@localhost:5672/%2f
2025-08-30 18:18:50 +07:00: [2m2025-08-30T11:18:50.975282Z[0m [32m INFO[0m [2mrabbitmesh::service[0m[2m:[0m ✅ Connected to RabbitMQ
2025-08-30 18:18:50 +07:00: [2m2025-08-30T11:18:50.980890Z[0m [32m INFO[0m [2mrabbitmesh::service[0m[2m:[0m ✅ Declared queues: rabbitmesh.auth-service, rabbitmesh.auth-service.responses
2025-08-30 18:18:50 +07:00: [2m2025-08-30T11:18:50.981933Z[0m [32m INFO[0m [2mrabbitmesh::service[0m[2m:[0m ✅ Request processor spawned for queue: rabbitmesh.auth-service
2025-08-30 18:18:50 +07:00: [2m2025-08-30T11:18:50.981957Z[0m [32m INFO[0m [2mrabbitmesh::service[0m[2m:[0m 📥 Request processor started for auth-service
2025-08-30 18:18:50 +07:00: [2m2025-08-30T11:18:50.984535Z[0m [32m INFO[0m [2mrabbitmesh::service[0m[2m:[0m ✅ Response processor spawned for queue: rabbitmesh.auth-service.responses
2025-08-30 18:18:50 +07:00: [2m2025-08-30T11:18:50.984541Z[0m [32m INFO[0m [2mrabbitmesh::service[0m[2m:[0m 🎯 Microservice auth-service is running and ready to process messages
2025-08-30 18:18:50 +07:00: [2m2025-08-30T11:18:50.984543Z[0m [32m INFO[0m [2mrabbitmesh::service[0m[2m:[0m 📊 Max concurrent messages: 100
2025-08-30 18:18:50 +07:00: [2m2025-08-30T11:18:50.984545Z[0m [32m INFO[0m [2mrabbitmesh::service[0m[2m:[0m 📤 Response processor started for auth-service
2025-08-30 18:18:50 +07:00: [2m2025-08-30T11:18:50.984551Z[0m [32m INFO[0m [2mrabbitmesh::service[0m[2m:[0m 💓 Health check task started for auth-service
2025-08-30 18:18:50 +07:00: [2m2025-08-30T11:18:50.984552Z[0m [32m INFO[0m [2mrabbitmesh::service[0m[2m:[0m 🧹 Cleanup task started for auth-service
2025-08-30 18:19:20 +07:00: [2m2025-08-30T11:19:20.874579Z[0m [33m WARN[0m [2mrabbitmesh::rpc[0m[2m:[0m No handler found for method: ping
2025-08-30 18:20:30 +07:00: [2m2025-08-30T11:20:30.809758Z[0m [32m INFO[0m [2mauth_service[0m[2m:[0m Starting Auth Service...
2025-08-30 18:20:30 +07:00: [2m2025-08-30T11:20:30.810102Z[0m [32m INFO[0m [2mauth_service[0m[2m:[0m Configuration loaded
2025-08-30 18:20:30 +07:00: [2m2025-08-30T11:20:30.810116Z[0m [32m INFO[0m [2mrabbitmesh::client[0m[2m:[0m 🔗 Creating service client: auth-service
2025-08-30 18:20:30 +07:00: [2m2025-08-30T11:20:30.822053Z[0m [32m INFO[0m [2mrabbitmesh::connection[0m[2m:[0m Successfully connected to RabbitMQ at amqp://guest:guest@localhost:5672/%2f
2025-08-30 18:20:30 +07:00: [2m2025-08-30T11:20:30.822064Z[0m [32m INFO[0m [2mrabbitmesh::client[0m[2m:[0m ✅ Service client connected: auth-service
2025-08-30 18:20:30 +07:00: [2m2025-08-30T11:20:30.827937Z[0m [32m INFO[0m [2mrabbitmesh::client[0m[2m:[0m ✅ Service client ready: auth-service
2025-08-30 18:20:30 +07:00: [2m2025-08-30T11:20:30.827940Z[0m [32m INFO[0m [2mauth_service[0m[2m:[0m Connected to RabbitMQ for service communication
2025-08-30 18:20:30 +07:00: [2m2025-08-30T11:20:30.827941Z[0m [32m INFO[0m [2mauth_service[0m[2m:[0m Auth service initialized
2025-08-30 18:20:30 +07:00: [2m2025-08-30T11:20:30.828010Z[0m [32m INFO[0m [2mrabbitmesh::service[0m[2m:[0m 🚀 Creating microservice: auth-service
2025-08-30 18:20:30 +07:00: [2m2025-08-30T11:20:30.828013Z[0m [32m INFO[0m [2mauth_service::service[0m[2m:[0m 🌟 Registering service methods with Universal Macro Framework...
2025-08-30 18:20:30 +07:00: [2m2025-08-30T11:20:30.828015Z[0m [32m INFO[0m [2mauth_service::service[0m[2m:[0m 🔐 Authorization: RBAC, ABAC, Hybrid patterns supported
2025-08-30 18:20:30 +07:00: [2m2025-08-30T11:20:30.828016Z[0m [32m INFO[0m [2mauth_service::service[0m[2m:[0m 💾 Database: Universal transactions for SQL/NoSQL/Graph/TimeSeries
2025-08-30 18:20:30 +07:00: [2m2025-08-30T11:20:30.828017Z[0m [32m INFO[0m [2mauth_service::service[0m[2m:[0m ⚡ Caching: Multi-level intelligent caching with domain optimizations
2025-08-30 18:20:30 +07:00: [2m2025-08-30T11:20:30.828018Z[0m [32m INFO[0m [2mauth_service::service[0m[2m:[0m ✅ Validation: Comprehensive input validation + security + compliance
2025-08-30 18:20:30 +07:00: [2m2025-08-30T11:20:30.828019Z[0m [32m INFO[0m [2mauth_service::service[0m[2m:[0m 📊 Observability: Complete metrics, tracing, logging, monitoring
2025-08-30 18:20:30 +07:00: [2m2025-08-30T11:20:30.828020Z[0m [32m INFO[0m [2mauth_service::service[0m[2m:[0m 🎭 Workflows: State machines, sagas, approvals, event sourcing, CQRS
2025-08-30 18:20:30 +07:00: [2m2025-08-30T11:20:30.828022Z[0m [32m INFO[0m [2mrabbitmesh::rpc[0m[2m:[0m Registered RPC handler for method: login
2025-08-30 18:20:30 +07:00: [2m2025-08-30T11:20:30.828023Z[0m [32m INFO[0m [2mauth_service::service[0m[2m:[0m Registered RPC handler for method: login
2025-08-30 18:20:30 +07:00: [2m2025-08-30T11:20:30.828025Z[0m [32m INFO[0m [2mrabbitmesh::rpc[0m[2m:[0m Registered RPC handler for method: validate_token
2025-08-30 18:20:30 +07:00: [2m2025-08-30T11:20:30.828026Z[0m [32m INFO[0m [2mauth_service::service[0m[2m:[0m Registered RPC handler for method: validate_token
2025-08-30 18:20:30 +07:00: [2m2025-08-30T11:20:30.828027Z[0m [32m INFO[0m [2mrabbitmesh::rpc[0m[2m:[0m Registered RPC handler for method: refresh_token
2025-08-30 18:20:30 +07:00: [2m2025-08-30T11:20:30.828029Z[0m [32m INFO[0m [2mauth_service::service[0m[2m:[0m Registered RPC handler for method: refresh_token
2025-08-30 18:20:30 +07:00: [2m2025-08-30T11:20:30.828032Z[0m [32m INFO[0m [2mrabbitmesh::rpc[0m[2m:[0m Registered RPC handler for method: check_permission
2025-08-30 18:20:30 +07:00: [2m2025-08-30T11:20:30.828034Z[0m [32m INFO[0m [2mauth_service::service[0m[2m:[0m Registered RPC handler for method: check_permission
2025-08-30 18:20:30 +07:00: [2m2025-08-30T11:20:30.828036Z[0m [32m INFO[0m [2mrabbitmesh::rpc[0m[2m:[0m Registered RPC handler for method: logout
2025-08-30 18:20:30 +07:00: [2m2025-08-30T11:20:30.828037Z[0m [32m INFO[0m [2mauth_service::service[0m[2m:[0m Registered RPC handler for method: logout
2025-08-30 18:20:30 +07:00: [2m2025-08-30T11:20:30.828038Z[0m [32m INFO[0m [2mrabbitmesh::rpc[0m[2m:[0m Registered RPC handler for method: get_current_user
2025-08-30 18:20:30 +07:00: [2m2025-08-30T11:20:30.828040Z[0m [32m INFO[0m [2mauth_service::service[0m[2m:[0m Registered RPC handler for method: get_current_user
2025-08-30 18:20:30 +07:00: [2m2025-08-30T11:20:30.828041Z[0m [32m INFO[0m [2mrabbitmesh::rpc[0m[2m:[0m Registered RPC handler for method: schema
2025-08-30 18:20:30 +07:00: [2m2025-08-30T11:20:30.828042Z[0m [32m INFO[0m [2mauth_service::service[0m[2m:[0m Auto-generated schema method registered for service: auth-service
2025-08-30 18:20:30 +07:00: [2m2025-08-30T11:20:30.828043Z[0m [32m INFO[0m [2mauth_service::service[0m[2m:[0m ✨ All service methods registered with enterprise-grade features!
2025-08-30 18:20:30 +07:00: [2m2025-08-30T11:20:30.828044Z[0m [32m INFO[0m [2mauth_service[0m[2m:[0m Starting microservice on RabbitMQ: amqp://guest:guest@localhost:5672/%2f
2025-08-30 18:20:30 +07:00: [2m2025-08-30T11:20:30.828045Z[0m [32m INFO[0m [2mrabbitmesh::service[0m[2m:[0m 🏁 Starting microservice: auth-service
2025-08-30 18:20:30 +07:00: [2m2025-08-30T11:20:30.833381Z[0m [32m INFO[0m [2mrabbitmesh::connection[0m[2m:[0m Successfully connected to RabbitMQ at amqp://guest:guest@localhost:5672/%2f
2025-08-30 18:20:30 +07:00: [2m2025-08-30T11:20:30.833413Z[0m [32m INFO[0m [2mrabbitmesh::service[0m[2m:[0m ✅ Connected to RabbitMQ
2025-08-30 18:20:30 +07:00: [2m2025-08-30T11:20:30.836232Z[0m [32m INFO[0m [2mrabbitmesh::service[0m[2m:[0m ✅ Declared queues: rabbitmesh.auth-service, rabbitmesh.auth-service.responses
2025-08-30 18:20:30 +07:00: [2m2025-08-30T11:20:30.836739Z[0m [32m INFO[0m [2mrabbitmesh::service[0m[2m:[0m ✅ Request processor spawned for queue: rabbitmesh.auth-service
2025-08-30 18:20:30 +07:00: [2m2025-08-30T11:20:30.836756Z[0m [32m INFO[0m [2mrabbitmesh::service[0m[2m:[0m 📥 Request processor started for auth-service
2025-08-30 18:20:30 +07:00: [2m2025-08-30T11:20:30.839166Z[0m [32m INFO[0m [2mrabbitmesh::service[0m[2m:[0m ✅ Response processor spawned for queue: rabbitmesh.auth-service.responses
2025-08-30 18:20:30 +07:00: [2m2025-08-30T11:20:30.839171Z[0m [32m INFO[0m [2mrabbitmesh::service[0m[2m:[0m 🎯 Microservice auth-service is running and ready to process messages
2025-08-30 18:20:30 +07:00: [2m2025-08-30T11:20:30.839172Z[0m [32m INFO[0m [2mrabbitmesh::service[0m[2m:[0m 📊 Max concurrent messages: 100
2025-08-30 18:20:30 +07:00: [2m2025-08-30T11:20:30.839194Z[0m [32m INFO[0m [2mrabbitmesh::service[0m[2m:[0m 🧹 Cleanup task started for auth-service
2025-08-30 18:20:30 +07:00: [2m2025-08-30T11:20:30.839201Z[0m [32m INFO[0m [2mrabbitmesh::service[0m[2m:[0m 💓 Health check task started for auth-service
2025-08-30 18:20:30 +07:00: [2m2025-08-30T11:20:30.839189Z[0m [32m INFO[0m [2mrabbitmesh::service[0m[2m:[0m 📤 Response processor started for auth-service
2025-08-30 18:20:44 +07:00: [2m2025-08-30T11:20:44.202726Z[0m [33m WARN[0m [2mrabbitmesh::rpc[0m[2m:[0m No handler found for method: ping
2025-08-30 18:44:18 +07:00: [2m2025-08-30T11:44:18.425873Z[0m [32m INFO[0m [2mauth_service[0m[2m:[0m Starting Auth Service...
2025-08-30 18:44:18 +07:00: [2m2025-08-30T11:44:18.426196Z[0m [32m INFO[0m [2mauth_service[0m[2m:[0m Configuration loaded
2025-08-30 18:44:18 +07:00: [2m2025-08-30T11:44:18.426208Z[0m [32m INFO[0m [2mrabbitmesh::client[0m[2m:[0m 🔗 Creating service client: auth-service
2025-08-30 18:44:18 +07:00: [2m2025-08-30T11:44:18.445631Z[0m [32m INFO[0m [2mrabbitmesh::connection[0m[2m:[0m Successfully connected to RabbitMQ at amqp://guest:guest@localhost:5672/%2f
2025-08-30 18:44:18 +07:00: [2m2025-08-30T11:44:18.445644Z[0m [32m INFO[0m [2mrabbitmesh::client[0m[2m:[0m ✅ Service client connected: auth-service
2025-08-30 18:44:18 +07:00: [2m2025-08-30T11:44:18.453713Z[0m [32m INFO[0m [2mrabbitmesh::client[0m[2m:[0m ✅ Service client ready: auth-service
2025-08-30 18:44:18 +07:00: [2m2025-08-30T11:44:18.453722Z[0m [32m INFO[0m [2mauth_service[0m[2m:[0m Connected to RabbitMQ for service communication
2025-08-30 18:44:18 +07:00: [2m2025-08-30T11:44:18.453725Z[0m [32m INFO[0m [2mauth_service[0m[2m:[0m Auth service initialized
2025-08-30 18:44:18 +07:00: [2m2025-08-30T11:44:18.453742Z[0m [32m INFO[0m [2mrabbitmesh::service[0m[2m:[0m 🚀 Creating microservice: auth-service
2025-08-30 18:44:18 +07:00: [2m2025-08-30T11:44:18.453763Z[0m [32m INFO[0m [2mauth_service::service[0m[2m:[0m 🌟 Registering service methods with Universal Macro Framework...
2025-08-30 18:44:18 +07:00: [2m2025-08-30T11:44:18.453764Z[0m [32m INFO[0m [2mauth_service::service[0m[2m:[0m 🔐 Authorization: RBAC, ABAC, Hybrid patterns supported
2025-08-30 18:44:18 +07:00: [2m2025-08-30T11:44:18.453766Z[0m [32m INFO[0m [2mauth_service::service[0m[2m:[0m 💾 Database: Universal transactions for SQL/NoSQL/Graph/TimeSeries
2025-08-30 18:44:18 +07:00: [2m2025-08-30T11:44:18.453767Z[0m [32m INFO[0m [2mauth_service::service[0m[2m:[0m ⚡ Caching: Multi-level intelligent caching with domain optimizations
2025-08-30 18:44:18 +07:00: [2m2025-08-30T11:44:18.453768Z[0m [32m INFO[0m [2mauth_service::service[0m[2m:[0m ✅ Validation: Comprehensive input validation + security + compliance
2025-08-30 18:44:18 +07:00: [2m2025-08-30T11:44:18.453769Z[0m [32m INFO[0m [2mauth_service::service[0m[2m:[0m 📊 Observability: Complete metrics, tracing, logging, monitoring
2025-08-30 18:44:18 +07:00: [2m2025-08-30T11:44:18.453770Z[0m [32m INFO[0m [2mauth_service::service[0m[2m:[0m 🎭 Workflows: State machines, sagas, approvals, event sourcing, CQRS
2025-08-30 18:44:18 +07:00: [2m2025-08-30T11:44:18.453774Z[0m [32m INFO[0m [2mrabbitmesh::rpc[0m[2m:[0m Registered RPC handler for method: login
2025-08-30 18:44:18 +07:00: [2m2025-08-30T11:44:18.453776Z[0m [32m INFO[0m [2mauth_service::service[0m[2m:[0m Registered RPC handler for method: login
2025-08-30 18:44:18 +07:00: [2m2025-08-30T11:44:18.453777Z[0m [32m INFO[0m [2mrabbitmesh::rpc[0m[2m:[0m Registered RPC handler for method: validate_token
2025-08-30 18:44:18 +07:00: [2m2025-08-30T11:44:18.453779Z[0m [32m INFO[0m [2mauth_service::service[0m[2m:[0m Registered RPC handler for method: validate_token
2025-08-30 18:44:18 +07:00: [2m2025-08-30T11:44:18.453780Z[0m [32m INFO[0m [2mrabbitmesh::rpc[0m[2m:[0m Registered RPC handler for method: refresh_token
2025-08-30 18:44:18 +07:00: [2m2025-08-30T11:44:18.453781Z[0m [32m INFO[0m [2mauth_service::service[0m[2m:[0m Registered RPC handler for method: refresh_token
2025-08-30 18:44:18 +07:00: [2m2025-08-30T11:44:18.453784Z[0m [32m INFO[0m [2mrabbitmesh::rpc[0m[2m:[0m Registered RPC handler for method: check_permission
2025-08-30 18:44:18 +07:00: [2m2025-08-30T11:44:18.453785Z[0m [32m INFO[0m [2mauth_service::service[0m[2m:[0m Registered RPC handler for method: check_permission
2025-08-30 18:44:18 +07:00: [2m2025-08-30T11:44:18.453786Z[0m [32m INFO[0m [2mrabbitmesh::rpc[0m[2m:[0m Registered RPC handler for method: logout
2025-08-30 18:44:18 +07:00: [2m2025-08-30T11:44:18.453788Z[0m [32m INFO[0m [2mauth_service::service[0m[2m:[0m Registered RPC handler for method: logout
2025-08-30 18:44:18 +07:00: [2m2025-08-30T11:44:18.453789Z[0m [32m INFO[0m [2mrabbitmesh::rpc[0m[2m:[0m Registered RPC handler for method: get_current_user
2025-08-30 18:44:18 +07:00: [2m2025-08-30T11:44:18.453790Z[0m [32m INFO[0m [2mauth_service::service[0m[2m:[0m Registered RPC handler for method: get_current_user
2025-08-30 18:44:18 +07:00: [2m2025-08-30T11:44:18.453792Z[0m [32m INFO[0m [2mrabbitmesh::rpc[0m[2m:[0m Registered RPC handler for method: schema
2025-08-30 18:44:18 +07:00: [2m2025-08-30T11:44:18.453793Z[0m [32m INFO[0m [2mauth_service::service[0m[2m:[0m Auto-generated schema method registered for service: auth-service
2025-08-30 18:44:18 +07:00: [2m2025-08-30T11:44:18.453794Z[0m [32m INFO[0m [2mauth_service::service[0m[2m:[0m ✨ All service methods registered with enterprise-grade features!
2025-08-30 18:44:18 +07:00: [2m2025-08-30T11:44:18.453795Z[0m [32m INFO[0m [2mauth_service[0m[2m:[0m Starting microservice on RabbitMQ: amqp://guest:guest@localhost:5672/%2f
2025-08-30 18:44:18 +07:00: [2m2025-08-30T11:44:18.453796Z[0m [32m INFO[0m [2mrabbitmesh::service[0m[2m:[0m 🏁 Starting microservice: auth-service
2025-08-30 18:44:18 +07:00: [2m2025-08-30T11:44:18.459681Z[0m [32m INFO[0m [2mrabbitmesh::connection[0m[2m:[0m Successfully connected to RabbitMQ at amqp://guest:guest@localhost:5672/%2f
2025-08-30 18:44:18 +07:00: [2m2025-08-30T11:44:18.459689Z[0m [32m INFO[0m [2mrabbitmesh::service[0m[2m:[0m ✅ Connected to RabbitMQ
2025-08-30 18:44:18 +07:00: [2m2025-08-30T11:44:18.467894Z[0m [32m INFO[0m [2mrabbitmesh::service[0m[2m:[0m ✅ Declared queues: rabbitmesh.auth-service, rabbitmesh.auth-service.responses
2025-08-30 18:44:18 +07:00: [2m2025-08-30T11:44:18.468285Z[0m [32m INFO[0m [2mrabbitmesh::service[0m[2m:[0m ✅ Request processor spawned for queue: rabbitmesh.auth-service
2025-08-30 18:44:18 +07:00: [2m2025-08-30T11:44:18.468293Z[0m [32m INFO[0m [2mrabbitmesh::service[0m[2m:[0m 📥 Request processor started for auth-service
2025-08-30 18:44:18 +07:00: [2m2025-08-30T11:44:18.469850Z[0m [32m INFO[0m [2mrabbitmesh::service[0m[2m:[0m ✅ Response processor spawned for queue: rabbitmesh.auth-service.responses
2025-08-30 18:44:18 +07:00: [2m2025-08-30T11:44:18.469855Z[0m [32m INFO[0m [2mrabbitmesh::service[0m[2m:[0m 🎯 Microservice auth-service is running and ready to process messages
2025-08-30 18:44:18 +07:00: [2m2025-08-30T11:44:18.469859Z[0m [32m INFO[0m [2mrabbitmesh::service[0m[2m:[0m 📊 Max concurrent messages: 100
2025-08-30 18:44:18 +07:00: [2m2025-08-30T11:44:18.469853Z[0m [32m INFO[0m [2mrabbitmesh::service[0m[2m:[0m 📤 Response processor started for auth-service
2025-08-30 18:44:18 +07:00: [2m2025-08-30T11:44:18.469864Z[0m [32m INFO[0m [2mrabbitmesh::service[0m[2m:[0m 🧹 Cleanup task started for auth-service
2025-08-30 18:44:18 +07:00: [2m2025-08-30T11:44:18.469866Z[0m [32m INFO[0m [2mrabbitmesh::service[0m[2m:[0m 💓 Health check task started for auth-service
