2025-09-01 22:40:16 +07:00: [2m2025-09-01T15:40:16.758309Z[0m [32m INFO[0m [2muser_service[0m[2m:[0m Starting User Service...
2025-09-01 22:40:16 +07:00: [2m2025-09-01T15:40:16.759997Z[0m [32m INFO[0m [2muser_service[0m[2m:[0m Configuration loaded
2025-09-01 22:40:16 +07:00: [2m2025-09-01T15:40:16.765672Z[0m [32m INFO[0m [2muser_service[0m[2m:[0m Connected to MongoDB
2025-09-01 22:40:16 +07:00: [2m2025-09-01T15:40:16.765680Z[0m [32m INFO[0m [2muser_service[0m[2m:[0m User service initialized
2025-09-01 22:40:16 +07:00: [2m2025-09-01T15:40:16.765966Z[0m [32m INFO[0m [2mrabbitmesh::service[0m[2m:[0m 🚀 Creating microservice: user-service
2025-09-01 22:40:16 +07:00: [2m2025-09-01T15:40:16.766182Z[0m [32m INFO[0m [2muser_service::service[0m[2m:[0m 🌟 Registering service methods with Universal Macro Framework...
2025-09-01 22:40:16 +07:00: [2m2025-09-01T15:40:16.766184Z[0m [32m INFO[0m [2muser_service::service[0m[2m:[0m 🔐 Authorization: RBAC, ABAC, Hybrid patterns supported
2025-09-01 22:40:16 +07:00: [2m2025-09-01T15:40:16.766186Z[0m [32m INFO[0m [2muser_service::service[0m[2m:[0m 💾 Database: Universal transactions for SQL/NoSQL/Graph/TimeSeries
2025-09-01 22:40:16 +07:00: [2m2025-09-01T15:40:16.766187Z[0m [32m INFO[0m [2muser_service::service[0m[2m:[0m ⚡ Caching: Multi-level intelligent caching with domain optimizations
2025-09-01 22:40:16 +07:00: [2m2025-09-01T15:40:16.766188Z[0m [32m INFO[0m [2muser_service::service[0m[2m:[0m ✅ Validation: Comprehensive input validation + security + compliance
2025-09-01 22:40:16 +07:00: [2m2025-09-01T15:40:16.766189Z[0m [32m INFO[0m [2muser_service::service[0m[2m:[0m 📊 Observability: Complete metrics, tracing, logging, monitoring
2025-09-01 22:40:16 +07:00: [2m2025-09-01T15:40:16.766190Z[0m [32m INFO[0m [2muser_service::service[0m[2m:[0m 🎭 Workflows: State machines, sagas, approvals, event sourcing, CQRS
2025-09-01 22:40:16 +07:00: [2m2025-09-01T15:40:16.766193Z[0m [32m INFO[0m [2mrabbitmesh::rpc[0m[2m:[0m Registered RPC handler for method: create_user
2025-09-01 22:40:16 +07:00: [2m2025-09-01T15:40:16.766195Z[0m [32m INFO[0m [2muser_service::service[0m[2m:[0m Registered RPC handler for method: create_user
2025-09-01 22:40:16 +07:00: [2m2025-09-01T15:40:16.766196Z[0m [32m INFO[0m [2mrabbitmesh::rpc[0m[2m:[0m Registered RPC handler for method: get_user
2025-09-01 22:40:16 +07:00: [2m2025-09-01T15:40:16.766197Z[0m [32m INFO[0m [2muser_service::service[0m[2m:[0m Registered RPC handler for method: get_user
2025-09-01 22:40:16 +07:00: [2m2025-09-01T15:40:16.766199Z[0m [32m INFO[0m [2mrabbitmesh::rpc[0m[2m:[0m Registered RPC handler for method: update_user
2025-09-01 22:40:16 +07:00: [2m2025-09-01T15:40:16.766200Z[0m [32m INFO[0m [2muser_service::service[0m[2m:[0m Registered RPC handler for method: update_user
2025-09-01 22:40:16 +07:00: [2m2025-09-01T15:40:16.766202Z[0m [32m INFO[0m [2mrabbitmesh::rpc[0m[2m:[0m Registered RPC handler for method: delete_user
2025-09-01 22:40:16 +07:00: [2m2025-09-01T15:40:16.766203Z[0m [32m INFO[0m [2muser_service::service[0m[2m:[0m Registered RPC handler for method: delete_user
2025-09-01 22:40:16 +07:00: [2m2025-09-01T15:40:16.766205Z[0m [32m INFO[0m [2mrabbitmesh::rpc[0m[2m:[0m Registered RPC handler for method: list_users
2025-09-01 22:40:16 +07:00: [2m2025-09-01T15:40:16.766206Z[0m [32m INFO[0m [2muser_service::service[0m[2m:[0m Registered RPC handler for method: list_users
2025-09-01 22:40:16 +07:00: [2m2025-09-01T15:40:16.766207Z[0m [32m INFO[0m [2mrabbitmesh::rpc[0m[2m:[0m Registered RPC handler for method: get_user_by_email
2025-09-01 22:40:16 +07:00: [2m2025-09-01T15:40:16.766209Z[0m [32m INFO[0m [2muser_service::service[0m[2m:[0m Registered RPC handler for method: get_user_by_email
2025-09-01 22:40:16 +07:00: [2m2025-09-01T15:40:16.766210Z[0m [32m INFO[0m [2mrabbitmesh::rpc[0m[2m:[0m Registered RPC handler for method: schema
2025-09-01 22:40:16 +07:00: [2m2025-09-01T15:40:16.766211Z[0m [32m INFO[0m [2muser_service::service[0m[2m:[0m Auto-generated schema method registered for service: user-service
2025-09-01 22:40:16 +07:00: [2m2025-09-01T15:40:16.766212Z[0m [32m INFO[0m [2muser_service::service[0m[2m:[0m ✨ All service methods registered with enterprise-grade features!
2025-09-01 22:40:16 +07:00: [2m2025-09-01T15:40:16.766226Z[0m [32m INFO[0m [2muser_service[0m[2m:[0m Starting microservice on RabbitMQ: amqp://guest:guest@localhost:5672/%2f
2025-09-01 22:40:16 +07:00: [2m2025-09-01T15:40:16.766228Z[0m [32m INFO[0m [2mrabbitmesh::service[0m[2m:[0m 🏁 Starting microservice: user-service
2025-09-01 22:40:16 +07:00: [2m2025-09-01T15:40:16.792377Z[0m [32m INFO[0m [2mrabbitmesh::connection[0m[2m:[0m Successfully connected to RabbitMQ at amqp://guest:guest@localhost:5672/%2f
2025-09-01 22:40:16 +07:00: [2m2025-09-01T15:40:16.792401Z[0m [32m INFO[0m [2mrabbitmesh::service[0m[2m:[0m ✅ Connected to RabbitMQ
2025-09-01 22:40:16 +07:00: [2m2025-09-01T15:40:16.802231Z[0m [32m INFO[0m [2mrabbitmesh::service[0m[2m:[0m ✅ Declared queues: rabbitmesh.user-service, rabbitmesh.user-service.responses
2025-09-01 22:40:16 +07:00: [2m2025-09-01T15:40:16.803787Z[0m [32m INFO[0m [2mrabbitmesh::service[0m[2m:[0m ✅ Request processor spawned for queue: rabbitmesh.user-service
2025-09-01 22:40:16 +07:00: [2m2025-09-01T15:40:16.804182Z[0m [32m INFO[0m [2mrabbitmesh::service[0m[2m:[0m 📥 Request processor started for user-service
2025-09-01 22:40:16 +07:00: [2m2025-09-01T15:40:16.810749Z[0m [32m INFO[0m [2mrabbitmesh::service[0m[2m:[0m ✅ Response processor spawned for queue: rabbitmesh.user-service.responses
2025-09-01 22:40:16 +07:00: [2m2025-09-01T15:40:16.810761Z[0m [32m INFO[0m [2mrabbitmesh::service[0m[2m:[0m 🎯 Microservice user-service is running and ready to process messages
2025-09-01 22:40:16 +07:00: [2m2025-09-01T15:40:16.810763Z[0m [32m INFO[0m [2mrabbitmesh::service[0m[2m:[0m 📊 Max concurrent messages: 100
2025-09-01 22:40:16 +07:00: [2m2025-09-01T15:40:16.810979Z[0m [32m INFO[0m [2mrabbitmesh::service[0m[2m:[0m 📤 Response processor started for user-service
2025-09-01 22:40:16 +07:00: [2m2025-09-01T15:40:16.811122Z[0m [32m INFO[0m [2mrabbitmesh::service[0m[2m:[0m 💓 Health check task started for user-service
2025-09-01 22:40:16 +07:00: [2m2025-09-01T15:40:16.811207Z[0m [32m INFO[0m [2mrabbitmesh::service[0m[2m:[0m 🧹 Cleanup task started for user-service
2025-09-01 22:40:47 +07:00: [2m2025-09-01T15:40:47.362421Z[0m [33m WARN[0m [2mrabbitmesh::rpc[0m[2m:[0m No handler found for method: users
2025-09-01 22:59:27 +07:00: [2m2025-09-01T15:59:27.219796Z[0m [32m INFO[0m [2muser_service[0m[2m:[0m Starting User Service...
2025-09-01 22:59:27 +07:00: [2m2025-09-01T15:59:27.220268Z[0m [32m INFO[0m [2muser_service[0m[2m:[0m Configuration loaded
2025-09-01 22:59:27 +07:00: [2m2025-09-01T15:59:27.221089Z[0m [32m INFO[0m [2muser_service[0m[2m:[0m Connected to MongoDB
2025-09-01 22:59:27 +07:00: [2m2025-09-01T15:59:27.221098Z[0m [32m INFO[0m [2muser_service[0m[2m:[0m User service initialized
2025-09-01 22:59:27 +07:00: [2m2025-09-01T15:59:27.221254Z[0m [32m INFO[0m [2mrabbitmesh::service[0m[2m:[0m 🚀 Creating microservice: user-service
2025-09-01 22:59:27 +07:00: [2m2025-09-01T15:59:27.221384Z[0m [32m INFO[0m [2muser_service::service[0m[2m:[0m 🌟 Registering service methods with Universal Macro Framework...
2025-09-01 22:59:27 +07:00: [2m2025-09-01T15:59:27.221390Z[0m [32m INFO[0m [2muser_service::service[0m[2m:[0m 🔐 Authorization: RBAC, ABAC, Hybrid patterns supported
2025-09-01 22:59:27 +07:00: [2m2025-09-01T15:59:27.221393Z[0m [32m INFO[0m [2muser_service::service[0m[2m:[0m 💾 Database: Universal transactions for SQL/NoSQL/Graph/TimeSeries
2025-09-01 22:59:27 +07:00: [2m2025-09-01T15:59:27.221394Z[0m [32m INFO[0m [2muser_service::service[0m[2m:[0m ⚡ Caching: Multi-level intelligent caching with domain optimizations
2025-09-01 22:59:27 +07:00: [2m2025-09-01T15:59:27.221396Z[0m [32m INFO[0m [2muser_service::service[0m[2m:[0m ✅ Validation: Comprehensive input validation + security + compliance
2025-09-01 22:59:27 +07:00: [2m2025-09-01T15:59:27.221398Z[0m [32m INFO[0m [2muser_service::service[0m[2m:[0m 📊 Observability: Complete metrics, tracing, logging, monitoring
2025-09-01 22:59:27 +07:00: [2m2025-09-01T15:59:27.221400Z[0m [32m INFO[0m [2muser_service::service[0m[2m:[0m 🎭 Workflows: State machines, sagas, approvals, event sourcing, CQRS
2025-09-01 22:59:27 +07:00: [2m2025-09-01T15:59:27.221419Z[0m [32m INFO[0m [2mrabbitmesh::rpc[0m[2m:[0m Registered RPC handler for method: create_user
2025-09-01 22:59:27 +07:00: [2m2025-09-01T15:59:27.221437Z[0m [32m INFO[0m [2muser_service::service[0m[2m:[0m Registered RPC handler for method: create_user
2025-09-01 22:59:27 +07:00: [2m2025-09-01T15:59:27.221439Z[0m [32m INFO[0m [2mrabbitmesh::rpc[0m[2m:[0m Registered RPC handler for method: get_user
2025-09-01 22:59:27 +07:00: [2m2025-09-01T15:59:27.221441Z[0m [32m INFO[0m [2muser_service::service[0m[2m:[0m Registered RPC handler for method: get_user
2025-09-01 22:59:27 +07:00: [2m2025-09-01T15:59:27.221443Z[0m [32m INFO[0m [2mrabbitmesh::rpc[0m[2m:[0m Registered RPC handler for method: update_user
2025-09-01 22:59:27 +07:00: [2m2025-09-01T15:59:27.221445Z[0m [32m INFO[0m [2muser_service::service[0m[2m:[0m Registered RPC handler for method: update_user
2025-09-01 22:59:27 +07:00: [2m2025-09-01T15:59:27.221447Z[0m [32m INFO[0m [2mrabbitmesh::rpc[0m[2m:[0m Registered RPC handler for method: delete_user
2025-09-01 22:59:27 +07:00: [2m2025-09-01T15:59:27.221449Z[0m [32m INFO[0m [2muser_service::service[0m[2m:[0m Registered RPC handler for method: delete_user
2025-09-01 22:59:27 +07:00: [2m2025-09-01T15:59:27.221451Z[0m [32m INFO[0m [2mrabbitmesh::rpc[0m[2m:[0m Registered RPC handler for method: list_users
2025-09-01 22:59:27 +07:00: [2m2025-09-01T15:59:27.221453Z[0m [32m INFO[0m [2muser_service::service[0m[2m:[0m Registered RPC handler for method: list_users
2025-09-01 22:59:27 +07:00: [2m2025-09-01T15:59:27.221455Z[0m [32m INFO[0m [2mrabbitmesh::rpc[0m[2m:[0m Registered RPC handler for method: get_user_by_email
2025-09-01 22:59:27 +07:00: [2m2025-09-01T15:59:27.221457Z[0m [32m INFO[0m [2muser_service::service[0m[2m:[0m Registered RPC handler for method: get_user_by_email
2025-09-01 22:59:27 +07:00: [2m2025-09-01T15:59:27.221459Z[0m [32m INFO[0m [2mrabbitmesh::rpc[0m[2m:[0m Registered RPC handler for method: schema
2025-09-01 22:59:27 +07:00: [2m2025-09-01T15:59:27.221461Z[0m [32m INFO[0m [2muser_service::service[0m[2m:[0m Auto-generated schema method registered for service: user-service
2025-09-01 22:59:27 +07:00: [2m2025-09-01T15:59:27.221463Z[0m [32m INFO[0m [2muser_service::service[0m[2m:[0m ✨ All service methods registered with enterprise-grade features!
2025-09-01 22:59:27 +07:00: [2m2025-09-01T15:59:27.221464Z[0m [32m INFO[0m [2muser_service[0m[2m:[0m Starting microservice on RabbitMQ: amqp://guest:guest@localhost:5672/%2f
2025-09-01 22:59:27 +07:00: [2m2025-09-01T15:59:27.221466Z[0m [32m INFO[0m [2mrabbitmesh::service[0m[2m:[0m 🏁 Starting microservice: user-service
2025-09-01 22:59:27 +07:00: [2m2025-09-01T15:59:27.238997Z[0m [32m INFO[0m [2mrabbitmesh::connection[0m[2m:[0m Successfully connected to RabbitMQ at amqp://guest:guest@localhost:5672/%2f
2025-09-01 22:59:27 +07:00: [2m2025-09-01T15:59:27.239009Z[0m [32m INFO[0m [2mrabbitmesh::service[0m[2m:[0m ✅ Connected to RabbitMQ
2025-09-01 22:59:27 +07:00: [2m2025-09-01T15:59:27.242339Z[0m [32m INFO[0m [2mrabbitmesh::service[0m[2m:[0m ✅ Declared queues: rabbitmesh.user-service, rabbitmesh.user-service.responses
2025-09-01 22:59:27 +07:00: [2m2025-09-01T15:59:27.242908Z[0m [32m INFO[0m [2mrabbitmesh::service[0m[2m:[0m ✅ Request processor spawned for queue: rabbitmesh.user-service
2025-09-01 22:59:27 +07:00: [2m2025-09-01T15:59:27.242938Z[0m [32m INFO[0m [2mrabbitmesh::service[0m[2m:[0m 📥 Request processor started for user-service
2025-09-01 22:59:27 +07:00: [2m2025-09-01T15:59:27.244784Z[0m [32m INFO[0m [2mrabbitmesh::service[0m[2m:[0m ✅ Response processor spawned for queue: rabbitmesh.user-service.responses
2025-09-01 22:59:27 +07:00: [2m2025-09-01T15:59:27.244791Z[0m [32m INFO[0m [2mrabbitmesh::service[0m[2m:[0m 🎯 Microservice user-service is running and ready to process messages
2025-09-01 22:59:27 +07:00: [2m2025-09-01T15:59:27.244793Z[0m [32m INFO[0m [2mrabbitmesh::service[0m[2m:[0m 📊 Max concurrent messages: 100
2025-09-01 22:59:27 +07:00: [2m2025-09-01T15:59:27.244807Z[0m [32m INFO[0m [2mrabbitmesh::service[0m[2m:[0m 📤 Response processor started for user-service
2025-09-01 22:59:27 +07:00: [2m2025-09-01T15:59:27.244814Z[0m [32m INFO[0m [2mrabbitmesh::service[0m[2m:[0m 🧹 Cleanup task started for user-service
2025-09-01 22:59:27 +07:00: [2m2025-09-01T15:59:27.244817Z[0m [32m INFO[0m [2mrabbitmesh::service[0m[2m:[0m 💓 Health check task started for user-service
